[17:54:42] [ServerMain/INFO]: Environment: authHost='https://authserver.mojang.com', accountsHost='https://api.mojang.com', sessionHost='https://sessionserver.mojang.com', servicesHost='https://api.minecraftservices.com', name='PROD'
[17:54:45] [Worker-Main-15/INFO]: Loaded 7 recipes
[17:54:46] [Server thread/INFO]: Starting minecraft server version 1.18.2
[17:54:46] [Server thread/INFO]: Loading properties
[17:54:47] [Server thread/INFO]: This server is running CraftBukkit version 3498-Spigot-b081915-10ba1be (MC: 1.18.2) (Implementing API version 1.18.2-R0.1-SNAPSHOT)
[17:54:47] [Server thread/INFO]: Debug logging is disabled
[17:54:47] [Server thread/INFO]: Server Ping Player Sample Count: 12
[17:54:47] [Server thread/INFO]: Using 4 threads for Netty based IO
[17:54:47] [Server thread/INFO]: Default game type: SURVIVAL
[17:54:47] [Server thread/INFO]: Generating keypair
[17:54:47] [Server thread/INFO]: Starting Minecraft server on *:25599
[17:54:47] [Server thread/INFO]: Using default channel type
[17:54:48] [Server thread/WARN]: Initializing Legacy Material Support. Unless you have legacy plugins and/or data this is a bug!
[17:54:51] [Server thread/WARN]: Legacy plugin Beton_PlaceholderAPI v1.0 does not specify an api-version.
[17:54:51] [Server thread/INFO]: [Oraxen] Loading 4 libraries... please wait
[17:54:51] [Server thread/INFO]: [Oraxen] Loaded library E:\Educational-Minecraft-Server\server\libraries\org\springframework\spring-expression\6.0.6\spring-expression-6.0.6.jar
[17:54:51] [Server thread/INFO]: [Oraxen] Loaded library E:\Educational-Minecraft-Server\server\libraries\org\springframework\spring-core\6.0.6\spring-core-6.0.6.jar
[17:54:51] [Server thread/INFO]: [Oraxen] Loaded library E:\Educational-Minecraft-Server\server\libraries\org\springframework\spring-jcl\6.0.6\spring-jcl-6.0.6.jar
[17:54:51] [Server thread/INFO]: [Oraxen] Loaded library E:\Educational-Minecraft-Server\server\libraries\org\apache\httpcomponents\httpmime\4.5.13\httpmime-4.5.13.jar
[17:54:51] [Server thread/INFO]: [Oraxen] Loaded library E:\Educational-Minecraft-Server\server\libraries\org\apache\httpcomponents\httpclient\4.5.13\httpclient-4.5.13.jar
[17:54:51] [Server thread/INFO]: [Oraxen] Loaded library E:\Educational-Minecraft-Server\server\libraries\org\apache\httpcomponents\httpcore\4.4.13\httpcore-4.4.13.jar
[17:54:51] [Server thread/INFO]: [Oraxen] Loaded library E:\Educational-Minecraft-Server\server\libraries\commons-logging\commons-logging\1.2\commons-logging-1.2.jar
[17:54:51] [Server thread/INFO]: [Oraxen] Loaded library E:\Educational-Minecraft-Server\server\libraries\commons-codec\commons-codec\1.11\commons-codec-1.11.jar
[17:54:51] [Server thread/INFO]: [Oraxen] Loaded library E:\Educational-Minecraft-Server\server\libraries\dev\jorel\commandapi-bukkit-shade\9.0.3\commandapi-bukkit-shade-9.0.3.jar
[17:54:51] [Server thread/INFO]: [Oraxen] Loaded library E:\Educational-Minecraft-Server\server\libraries\org\joml\joml\1.10.5\joml-1.10.5.jar
[17:54:51] [Server thread/INFO]: [PlaceholderAPI] Loading PlaceholderAPI v2.11.3
[17:54:51] [Server thread/INFO]: [PowerCamera] Loading PowerCamera v0.6
[17:54:51] [Server thread/INFO]: [CMILib] Loading CMILib v1.2.5.5
[17:54:51] [Server thread/INFO]: [Vault] Loading Vault v1.7.3-b131
[17:54:51] [Server thread/INFO]: [ProtocolLib] Loading ProtocolLib v5.0.0
[17:54:52] [Server thread/INFO]: [Citizens] Loading Citizens v2.0.31-SNAPSHOT (build 3101)
[17:54:52] [Server thread/INFO]: [WorldEdit] Loading WorldEdit v7.2.10+1742f98
[17:54:53] [Server thread/INFO]: Got request to register class com.sk89q.worldedit.bukkit.BukkitServerInterface with WorldEdit [com.sk89q.worldedit.extension.platform.PlatformManager@5510c017]
[17:54:53] [Server thread/INFO]: [DecentHolograms] Loading DecentHolograms v2.8.3
[17:54:53] [Server thread/INFO]: [DeluxeMenus] Loading DeluxeMenus v1.13.7-Release
[17:54:53] [Server thread/INFO]: [DeluxeMenus] NMS hook has been setup successfully!
[17:54:53] [Server thread/INFO]: [Jobs] Loading Jobs v5.1.3.0
[17:54:53] [Server thread/INFO]: [BetonQuest] Loading BetonQuest v1.12.10
[17:54:53] [Server thread/INFO]: [Beton_PlaceholderAPI] Loading Beton_PlaceholderAPI v1.0
[17:54:53] [Server thread/INFO]: [Oraxen] Loading Oraxen v1.161.0
[17:54:53] [Server thread/INFO]: [Vault] Enabling Vault v1.7.3-b131
[17:54:53] [Server thread/INFO]: [Vault] [Permission] SuperPermissions loaded as backup permission system.
[17:54:53] [Server thread/INFO]: [Vault] Enabled Version 1.7.3-b131
[17:54:53] [Server thread/INFO]: [ProtocolLib] Enabling ProtocolLib v5.0.0
[17:54:53] [Server thread/INFO]: [WorldEdit] Enabling WorldEdit v7.2.10+1742f98
[17:54:53] [Server thread/INFO]: Registering commands with com.sk89q.worldedit.bukkit.BukkitServerInterface
[17:54:53] [Server thread/INFO]: WEPIF: Vault detected! Using Vault for permissions
[17:54:53] [Server thread/INFO]: Using com.sk89q.worldedit.bukkit.adapter.impl.v1_18_R2.PaperweightAdapter as the Bukkit adapter
[17:54:54] [Server thread/INFO]: [WorldEdit] ====================================================
[17:54:54] [Server thread/INFO]: [WorldEdit]  WorldEdit works better if you use Paper 
[17:54:54] [Server thread/INFO]: [WorldEdit]  as your server software. 
[17:54:54] [Server thread/INFO]: [WorldEdit]   
[17:54:54] [Server thread/INFO]: [WorldEdit]  Paper offers significant performance improvements,
[17:54:54] [Server thread/INFO]: [WorldEdit]  bug fixes, security enhancements and optional
[17:54:54] [Server thread/INFO]: [WorldEdit]  features for server owners to enhance their server.
[17:54:54] [Server thread/INFO]: [WorldEdit]   
[17:54:54] [Server thread/INFO]: [WorldEdit]  Paper includes Timings v2, which is significantly
[17:54:54] [Server thread/INFO]: [WorldEdit]  better at diagnosing lag problems over v1.
[17:54:54] [Server thread/INFO]: [WorldEdit]   
[17:54:54] [Server thread/INFO]: [WorldEdit]  All of your plugins should still work, and the
[17:54:54] [Server thread/INFO]: [WorldEdit]  Paper community will gladly help you fix any issues.
[17:54:54] [Server thread/INFO]: [WorldEdit]   
[17:54:54] [Server thread/INFO]: [WorldEdit]  Join the Paper Community @ https://papermc.io
[17:54:54] [Server thread/INFO]: [WorldEdit] ====================================================
[17:54:54] [Server thread/WARN]: **** SERVER IS RUNNING IN OFFLINE/INSECURE MODE!
[17:54:54] [Server thread/WARN]: The server will make no attempt to authenticate usernames. Beware.
[17:54:54] [Server thread/WARN]: While this makes the game possible to play without internet access, it also opens up the ability for hackers to connect with any username they choose.
[17:54:54] [Server thread/WARN]: To change this, set "online-mode" to "true" in the server.properties file.
[17:54:54] [Server thread/INFO]: Preparing level "world"
[17:54:54] [Server thread/INFO]: -------- World Settings For [world] --------
[17:54:54] [Server thread/INFO]: Item Merge Radius: 2.5
[17:54:54] [Server thread/INFO]: Item Despawn Rate: 6000
[17:54:54] [Server thread/INFO]: View Distance: 10
[17:54:54] [Server thread/INFO]: Simulation Distance: 10
[17:54:54] [Server thread/INFO]: Zombie Aggressive Towards Villager: true
[17:54:54] [Server thread/INFO]: Arrow Despawn Rate: 1200 Trident Respawn Rate:1200
[17:54:54] [Server thread/INFO]: Allow Zombie Pigmen to spawn from portal blocks: true
[17:54:54] [Server thread/INFO]: Mob Spawn Range: 6
[17:54:54] [Server thread/INFO]: Nerfing mobs spawned from spawners: false
[17:54:54] [Server thread/INFO]: Max TNT Explosions: 100
[17:54:54] [Server thread/INFO]: Tile Max Tick Time: 50ms Entity max Tick Time: 50ms
[17:54:54] [Server thread/INFO]: Experience Merge Radius: 3.0
[17:54:54] [Server thread/INFO]: Cactus Growth Modifier: 100%
[17:54:54] [Server thread/INFO]: Cane Growth Modifier: 100%
[17:54:54] [Server thread/INFO]: Melon Growth Modifier: 100%
[17:54:54] [Server thread/INFO]: Mushroom Growth Modifier: 100%
[17:54:54] [Server thread/INFO]: Pumpkin Growth Modifier: 100%
[17:54:54] [Server thread/INFO]: Sapling Growth Modifier: 100%
[17:54:54] [Server thread/INFO]: Beetroot Growth Modifier: 100%
[17:54:54] [Server thread/INFO]: Carrot Growth Modifier: 100%
[17:54:54] [Server thread/INFO]: Potato Growth Modifier: 100%
[17:54:54] [Server thread/INFO]: Wheat Growth Modifier: 100%
[17:54:54] [Server thread/INFO]: NetherWart Growth Modifier: 100%
[17:54:54] [Server thread/INFO]: Vine Growth Modifier: 100%
[17:54:54] [Server thread/INFO]: Cocoa Growth Modifier: 100%
[17:54:54] [Server thread/INFO]: Bamboo Growth Modifier: 100%
[17:54:54] [Server thread/INFO]: SweetBerry Growth Modifier: 100%
[17:54:54] [Server thread/INFO]: Kelp Growth Modifier: 100%
[17:54:54] [Server thread/INFO]: Hopper Transfer: 8 Hopper Check: 1 Hopper Amount: 1
[17:54:54] [Server thread/INFO]: Entity Activation Range: An 32 / Mo 32 / Ra 48 / Mi 16 / Tiv true / Isa false
[17:54:54] [Server thread/INFO]: Entity Tracking Range: Pl 48 / An 48 / Mo 48 / Mi 32 / Other 64
[17:54:54] [Server thread/INFO]: Custom Map Seeds:  Village: 10387312 Desert: 14357617 Igloo: 14357618 Jungle: 14357619 Swamp: 14357620 Monument: 10387313 Ocean: 14357621 Shipwreck: 165745295 End City: 10387313 Slime: 987234911 Nether: 30084232 Mansion: 10387319 Fossil: 14357921 Portal: 34222645
[17:54:55] [Server thread/INFO]: -------- World Settings For [world_nether] --------
[17:54:55] [Server thread/INFO]: Item Merge Radius: 2.5
[17:54:55] [Server thread/INFO]: Item Despawn Rate: 6000
[17:54:55] [Server thread/INFO]: View Distance: 10
[17:54:55] [Server thread/INFO]: Simulation Distance: 10
[17:54:55] [Server thread/INFO]: Zombie Aggressive Towards Villager: true
[17:54:55] [Server thread/INFO]: Arrow Despawn Rate: 1200 Trident Respawn Rate:1200
[17:54:55] [Server thread/INFO]: Allow Zombie Pigmen to spawn from portal blocks: true
[17:54:55] [Server thread/INFO]: Mob Spawn Range: 6
[17:54:55] [Server thread/INFO]: Nerfing mobs spawned from spawners: false
[17:54:55] [Server thread/INFO]: Max TNT Explosions: 100
[17:54:55] [Server thread/INFO]: Tile Max Tick Time: 50ms Entity max Tick Time: 50ms
[17:54:55] [Server thread/INFO]: Experience Merge Radius: 3.0
[17:54:55] [Server thread/INFO]: Cactus Growth Modifier: 100%
[17:54:55] [Server thread/INFO]: Cane Growth Modifier: 100%
[17:54:55] [Server thread/INFO]: Melon Growth Modifier: 100%
[17:54:55] [Server thread/INFO]: Mushroom Growth Modifier: 100%
[17:54:55] [Server thread/INFO]: Pumpkin Growth Modifier: 100%
[17:54:55] [Server thread/INFO]: Sapling Growth Modifier: 100%
[17:54:55] [Server thread/INFO]: Beetroot Growth Modifier: 100%
[17:54:55] [Server thread/INFO]: Carrot Growth Modifier: 100%
[17:54:55] [Server thread/INFO]: Potato Growth Modifier: 100%
[17:54:55] [Server thread/INFO]: Wheat Growth Modifier: 100%
[17:54:55] [Server thread/INFO]: NetherWart Growth Modifier: 100%
[17:54:55] [Server thread/INFO]: Vine Growth Modifier: 100%
[17:54:55] [Server thread/INFO]: Cocoa Growth Modifier: 100%
[17:54:55] [Server thread/INFO]: Bamboo Growth Modifier: 100%
[17:54:55] [Server thread/INFO]: SweetBerry Growth Modifier: 100%
[17:54:55] [Server thread/INFO]: Kelp Growth Modifier: 100%
[17:54:55] [Server thread/INFO]: Hopper Transfer: 8 Hopper Check: 1 Hopper Amount: 1
[17:54:55] [Server thread/INFO]: Entity Activation Range: An 32 / Mo 32 / Ra 48 / Mi 16 / Tiv true / Isa false
[17:54:55] [Server thread/INFO]: Entity Tracking Range: Pl 48 / An 48 / Mo 48 / Mi 32 / Other 64
[17:54:55] [Server thread/INFO]: Custom Map Seeds:  Village: 10387312 Desert: 14357617 Igloo: 14357618 Jungle: 14357619 Swamp: 14357620 Monument: 10387313 Ocean: 14357621 Shipwreck: 165745295 End City: 10387313 Slime: 987234911 Nether: 30084232 Mansion: 10387319 Fossil: 14357921 Portal: 34222645
[17:54:55] [Server thread/INFO]: -------- World Settings For [world_the_end] --------
[17:54:55] [Server thread/INFO]: Item Merge Radius: 2.5
[17:54:55] [Server thread/INFO]: Item Despawn Rate: 6000
[17:54:55] [Server thread/INFO]: View Distance: 10
[17:54:55] [Server thread/INFO]: Simulation Distance: 10
[17:54:55] [Server thread/INFO]: Zombie Aggressive Towards Villager: true
[17:54:55] [Server thread/INFO]: Arrow Despawn Rate: 1200 Trident Respawn Rate:1200
[17:54:55] [Server thread/INFO]: Allow Zombie Pigmen to spawn from portal blocks: true
[17:54:55] [Server thread/INFO]: Mob Spawn Range: 6
[17:54:55] [Server thread/INFO]: Nerfing mobs spawned from spawners: false
[17:54:55] [Server thread/INFO]: Max TNT Explosions: 100
[17:54:55] [Server thread/INFO]: Tile Max Tick Time: 50ms Entity max Tick Time: 50ms
[17:54:55] [Server thread/INFO]: Experience Merge Radius: 3.0
[17:54:55] [Server thread/INFO]: Cactus Growth Modifier: 100%
[17:54:55] [Server thread/INFO]: Cane Growth Modifier: 100%
[17:54:55] [Server thread/INFO]: Melon Growth Modifier: 100%
[17:54:55] [Server thread/INFO]: Mushroom Growth Modifier: 100%
[17:54:55] [Server thread/INFO]: Pumpkin Growth Modifier: 100%
[17:54:55] [Server thread/INFO]: Sapling Growth Modifier: 100%
[17:54:55] [Server thread/INFO]: Beetroot Growth Modifier: 100%
[17:54:55] [Server thread/INFO]: Carrot Growth Modifier: 100%
[17:54:55] [Server thread/INFO]: Potato Growth Modifier: 100%
[17:54:55] [Server thread/INFO]: Wheat Growth Modifier: 100%
[17:54:55] [Server thread/INFO]: NetherWart Growth Modifier: 100%
[17:54:55] [Server thread/INFO]: Vine Growth Modifier: 100%
[17:54:55] [Server thread/INFO]: Cocoa Growth Modifier: 100%
[17:54:55] [Server thread/INFO]: Bamboo Growth Modifier: 100%
[17:54:55] [Server thread/INFO]: SweetBerry Growth Modifier: 100%
[17:54:55] [Server thread/INFO]: Kelp Growth Modifier: 100%
[17:54:55] [Server thread/INFO]: Hopper Transfer: 8 Hopper Check: 1 Hopper Amount: 1
[17:54:55] [Server thread/INFO]: Entity Activation Range: An 32 / Mo 32 / Ra 48 / Mi 16 / Tiv true / Isa false
[17:54:55] [Server thread/INFO]: Entity Tracking Range: Pl 48 / An 48 / Mo 48 / Mi 32 / Other 64
[17:54:55] [Server thread/INFO]: Custom Map Seeds:  Village: 10387312 Desert: 14357617 Igloo: 14357618 Jungle: 14357619 Swamp: 14357620 Monument: 10387313 Ocean: 14357621 Shipwreck: 165745295 End City: 10387313 Slime: 987234911 Nether: 30084232 Mansion: 10387319 Fossil: 14357921 Portal: 34222645
[17:54:55] [Server thread/INFO]: Preparing start region for dimension minecraft:overworld
[17:54:56] [Worker-Main-20/INFO]: Preparing spawn area: 0%
[17:54:56] [Worker-Main-12/INFO]: Preparing spawn area: 0%
[17:54:56] [Worker-Main-12/INFO]: Preparing spawn area: 0%
[17:54:56] [Worker-Main-14/INFO]: Preparing spawn area: 0%
[17:54:57] [Worker-Main-20/INFO]: Preparing spawn area: 0%
[17:54:57] [Worker-Main-13/INFO]: Preparing spawn area: 0%
[17:55:00] [Worker-Main-20/INFO]: Preparing spawn area: 4%
[17:55:00] [Worker-Main-18/INFO]: Preparing spawn area: 4%
[17:55:00] [Worker-Main-18/INFO]: Preparing spawn area: 4%
[17:55:00] [Worker-Main-18/INFO]: Preparing spawn area: 4%
[17:55:00] [Worker-Main-18/INFO]: Preparing spawn area: 4%
[17:55:00] [Worker-Main-18/INFO]: Preparing spawn area: 4%
[17:55:01] [Worker-Main-19/INFO]: Preparing spawn area: 9%
[17:55:01] [Worker-Main-16/INFO]: Preparing spawn area: 11%
[17:55:02] [Worker-Main-16/INFO]: Preparing spawn area: 29%
[17:55:02] [Worker-Main-14/INFO]: Preparing spawn area: 46%
[17:55:03] [Worker-Main-13/INFO]: Preparing spawn area: 47%
[17:55:03] [Worker-Main-21/INFO]: Preparing spawn area: 72%
[17:55:04] [Worker-Main-19/INFO]: Preparing spawn area: 96%
[17:55:04] [Server thread/INFO]: Time elapsed: 9489 ms
[17:55:04] [Server thread/INFO]: Preparing start region for dimension minecraft:the_nether
[17:55:05] [Worker-Main-19/INFO]: Preparing spawn area: 0%
[17:55:05] [Worker-Main-16/INFO]: Preparing spawn area: 0%
[17:55:05] [Worker-Main-12/INFO]: Preparing spawn area: 0%
[17:55:06] [Worker-Main-22/INFO]: Preparing spawn area: 0%
[17:55:06] [Worker-Main-21/INFO]: Preparing spawn area: 9%
[17:55:07] [Worker-Main-21/INFO]: Preparing spawn area: 36%
[17:55:07] [Server thread/INFO]: Time elapsed: 2909 ms
[17:55:07] [Server thread/INFO]: Preparing start region for dimension minecraft:the_end
[17:55:08] [Worker-Main-19/INFO]: Preparing spawn area: 0%
[17:55:08] [Worker-Main-17/INFO]: Preparing spawn area: 0%
[17:55:08] [Worker-Main-12/INFO]: Preparing spawn area: 0%
[17:55:09] [Worker-Main-21/INFO]: Preparing spawn area: 11%
[17:55:09] [Server thread/INFO]: Time elapsed: 1858 ms
[17:55:09] [Server thread/INFO]: [PlaceholderAPI] Enabling PlaceholderAPI v2.11.3
[17:55:09] [Server thread/INFO]: [PlaceholderAPI] Fetching available expansion information...
[17:55:09] [Server thread/INFO]: [PowerCamera] Enabling PowerCamera v0.6
[17:55:09] [Server thread/INFO]: [PowerCamera] Enabled PowerCamera v0.6
[17:55:09] [Server thread/INFO]: [PowerCamera] If you'd like to donate, please visit https://ko-fi.com/svenar or https://patreon.com/svenar
[17:55:09] [Server thread/INFO]: [CMILib] Enabling CMILib v1.2.5.5
[17:55:10] [Server thread/INFO]: [0;36;22mServer version: v1_18_R2 - 1.18.2 - spigot[m
[17:55:11] [Server thread/INFO]: [PlaceholderAPI] Successfully registered expansion: cmil [1.2.5.5]
[17:55:11] [Server thread/INFO]: PlaceholderAPI hooked.[m
[17:55:11] [Server thread/INFO]: Updated (EN) language file. Took [0;33;22m54ms[m
[17:55:11] [Server thread/INFO]: [Citizens] Enabling Citizens v2.0.31-SNAPSHOT (build 3101)
[17:55:11] [Server thread/INFO]: [Citizens] Loading external libraries
[17:55:11] [Server thread/INFO]: [PlaceholderAPI] Successfully registered expansion: citizensplaceholder [1.0.0]
[17:55:11] [Server thread/INFO]: [Citizens] Loaded economy handling via Vault.
[17:55:11] [Server thread/INFO]: [DecentHolograms] Enabling DecentHolograms v2.8.3
[17:55:12] [Server thread/INFO]: [DecentHolograms] Using ProtocolLib for packet listening.
[17:55:12] [Server thread/INFO]: [DeluxeMenus] Enabling DeluxeMenus v1.13.7-Release
[17:55:12] [Server thread/INFO]: [DeluxeMenus] Successfully hooked into PlaceholderAPI!
[17:55:13] [Server thread/INFO]: [DeluxeMenus] 117 GUI menus loaded!
[17:55:13] [Server thread/INFO]: [DeluxeMenus] You are running the latest version of DeluxeMenus!
[17:55:13] [Server thread/INFO]: [PlaceholderAPI] Successfully registered expansion: deluxemenus [1.13.7-Release]
[17:55:13] [Server thread/INFO]: [Jobs] Enabling Jobs v5.1.3.0
[17:55:13] [Server thread/INFO]: [0;33;22m------------- [0;32;22mJobs [0;33;22m-------------[m
[17:55:13] [Server thread/INFO]: [PlaceholderAPI] Successfully registered expansion: jobsr [5.1.3.0]
[17:55:13] [Server thread/INFO]: [0;33;22mPlaceholderAPI [0;33;1mhooked.[m
[17:55:13] [Server thread/INFO]: [0;33;1mConnected to database ([0;33;22mSqLite[0;33;1m)[m
[17:55:13] [Server thread/INFO]: [0;33;1mLoaded [0;33;22m9 [0;33;1mtitles[m
[17:55:13] [Server thread/INFO]: [0;33;1mLoaded [0;33;22m119 [0;33;1mprotected blocks timers[m
[17:55:13] [Server thread/INFO]: [0;33;1mLoaded [0;33;22m1229 [0;33;1mcustom item names[m
[17:55:13] [Server thread/INFO]: [0;33;1mLoaded [0;33;22m75 [0;33;1mcustom entity names[m
[17:55:13] [Server thread/INFO]: [0;33;1mLoaded [0;33;22m2 [0;33;1mcustom MythicMobs names[m
[17:55:13] [Server thread/INFO]: [0;33;1mLoaded [0;33;22m38 [0;33;1mcustom enchant names[m
[17:55:13] [Server thread/INFO]: [0;33;1mLoaded [0;33;22m21 [0;33;1mcustom enchant names[m
[17:55:13] [Server thread/INFO]: [0;33;1mLoaded [0;33;22m16 [0;33;1mcustom color names[m
[17:55:13] [Server thread/INFO]: [0;33;1mLoaded [0;33;22m9 [0;33;1mshop items[m
[17:55:13] [Server thread/WARN]: [Jobs] Job Engineer has an invalid Place type property: CALIBRATED_SCULK_SENSOR!
[17:55:13] [Server thread/WARN]: [Jobs] Job Engineer has an invalid Place type property: CHISELED_BOOKSHELF!
[17:55:13] [Server thread/WARN]: [Jobs] Job Engineer has an invalid Craft type property: MANGROVE_PRESSURE_PLATE!
[17:55:13] [Server thread/WARN]: [Jobs] Job Engineer has an invalid Craft type property: MANGROVE_BUTTON!
[17:55:13] [Server thread/WARN]: [Jobs] Job Engineer has an invalid Craft type property: CHERRY_DOOR!
[17:55:13] [Server thread/WARN]: [Jobs] Job Engineer has an invalid Craft type property: BAMBOO_DOOR!
[17:55:13] [Server thread/WARN]: [Jobs] Job Engineer has an invalid Craft type property: CHERRY_BUTTON!
[17:55:13] [Server thread/WARN]: [Jobs] Job Engineer has an invalid Craft type property: BAMBOO_BUTTON!
[17:55:13] [Server thread/WARN]: [Jobs] Job Engineer has an invalid Craft type property: BAMBOO_TRAPDOOR!
[17:55:13] [Server thread/WARN]: [Jobs] Job Engineer has an invalid Craft type property: CHERRY_TRAPDOOR!
[17:55:13] [Server thread/WARN]: [Jobs] Job Engineer has an invalid Craft type property: CHERRY_PRESSURE_PLATE!
[17:55:13] [Server thread/WARN]: [Jobs] Job Engineer has an invalid Craft type property: BAMBOO_PRESSURE_PLATE!
[17:55:13] [Server thread/WARN]: [Jobs] Job Engineer has an invalid Craft type property: CALIBRATED_SCULK_SENSOR!
[17:55:13] [Server thread/WARN]: [Jobs] Job Engineer has an invalid Craft type property: CHISELED_BOOKSHELF!
[17:55:13] [Server thread/WARN]: [Jobs] Job Weaponsmith has an invalid Craft type property: BRUSH!
[17:55:13] [Server thread/WARN]: [Jobs] Job Trader has an invalid VTrade type property: MANGROVE_PROPAGULE!
[17:55:13] [Server thread/WARN]: [Jobs] Job Trader has an invalid VTrade type property: CHERRY_SAPLING!
[17:55:13] [Server thread/WARN]: [Jobs] Job Woodcutter has an invalid Break type property: MANGROVE_LOG!
[17:55:13] [Server thread/WARN]: [Jobs] Job Woodcutter has an invalid Break type property: MANGROVE_ROOTS!
[17:55:13] [Server thread/WARN]: [Jobs] Job Woodcutter has an invalid Break type property: MANGROVE_WOOD!
[17:55:13] [Server thread/WARN]: [Jobs] Job Woodcutter has an invalid Break type property: CHERRY_WOOD!
[17:55:13] [Server thread/WARN]: [Jobs] Job Woodcutter has an invalid Break type property: CHERRY_LOG!
[17:55:13] [Server thread/WARN]: [Jobs] Job Woodcutter has an invalid StripLogs type property: STRIPPED_MANGROVE_WOOD!
[17:55:13] [Server thread/WARN]: [Jobs] Job Woodcutter has an invalid StripLogs type property: STRIPPED_MANGROVE_LOG!
[17:55:13] [Server thread/WARN]: [Jobs] Job Woodcutter has an invalid StripLogs type property: STRIPPED_BAMBOO_BLOCK!
[17:55:13] [Server thread/WARN]: [Jobs] Job Woodcutter has an invalid StripLogs type property: STRIPPED_CHERRY_WOOD!
[17:55:13] [Server thread/WARN]: [Jobs] Job Woodcutter has an invalid StripLogs type property: STRIPPED_CHERRY_LOG!
[17:55:13] [Server thread/WARN]: [Jobs] Job Woodcutter has an invalid Craft type property: MANGROVE_WOOD!
[17:55:13] [Server thread/WARN]: [Jobs] Job Woodcutter has an invalid Craft type property: STRIPPED_MANGROVE_WOOD!
[17:55:13] [Server thread/WARN]: [Jobs] Job Woodcutter has an invalid Craft type property: CHERRY_WOOD!
[17:55:13] [Server thread/WARN]: [Jobs] Job Woodcutter has an invalid Craft type property: STRIPPED_CHERRY_WOOD!
[17:55:13] [Server thread/WARN]: [Jobs] Job Crafter has an invalid Craft type property: ACACIA_CHEST_BOAT!
[17:55:13] [Server thread/WARN]: [Jobs] Job Crafter has an invalid Craft type property: BIRCH_CHEST_BOAT!
[17:55:13] [Server thread/WARN]: [Jobs] Job Crafter has an invalid Craft type property: DARK_OAK_CHEST_BOAT!
[17:55:13] [Server thread/WARN]: [Jobs] Job Crafter has an invalid Craft type property: JUNGLE_CHEST_BOAT!
[17:55:13] [Server thread/WARN]: [Jobs] Job Crafter has an invalid Craft type property: MANGROVE_BOAT!
[17:55:13] [Server thread/WARN]: [Jobs] Job Crafter has an invalid Craft type property: MANGROVE_BUTTON!
[17:55:13] [Server thread/WARN]: [Jobs] Job Crafter has an invalid Craft type property: MANGROVE_CHEST_BOAT!
[17:55:13] [Server thread/WARN]: [Jobs] Job Crafter has an invalid Craft type property: MANGROVE_DOOR!
[17:55:13] [Server thread/WARN]: [Jobs] Job Crafter has an invalid Craft type property: MANGROVE_FENCE!
[17:55:13] [Server thread/WARN]: [Jobs] Job Crafter has an invalid Craft type property: MANGROVE_FENCE_GATE!
[17:55:13] [Server thread/WARN]: [Jobs] Job Crafter has an invalid Craft type property: MANGROVE_PRESSURE_PLATE!
[17:55:13] [Server thread/WARN]: [Jobs] Job Crafter has an invalid Craft type property: MANGROVE_SIGN!
[17:55:13] [Server thread/WARN]: [Jobs] Job Crafter has an invalid Craft type property: MANGROVE_SLAB!
[17:55:13] [Server thread/WARN]: [Jobs] Job Crafter has an invalid Craft type property: MANGROVE_STAIRS!
[17:55:13] [Server thread/WARN]: [Jobs] Job Crafter has an invalid Craft type property: MANGROVE_TRAPDOOR!
[17:55:13] [Server thread/WARN]: [Jobs] Job Crafter has an invalid Craft type property: MUD_BRICK_SLAB!
[17:55:13] [Server thread/WARN]: [Jobs] Job Crafter has an invalid Craft type property: MUD_BRICK_STAIRS!
[17:55:13] [Server thread/WARN]: [Jobs] Job Crafter has an invalid Craft type property: MUD_BRICK_WALL!
[17:55:13] [Server thread/WARN]: [Jobs] Job Crafter has an invalid Craft type property: MUD_BRICKS!
[17:55:13] [Server thread/WARN]: [Jobs] Job Crafter has an invalid Craft type property: MUSIC_DISC_5!
[17:55:13] [Server thread/WARN]: [Jobs] Job Crafter has an invalid Craft type property: OAK_CHEST_BOAT!
[17:55:13] [Server thread/WARN]: [Jobs] Job Crafter has an invalid Craft type property: RECOVERY_COMPASS!
[17:55:13] [Server thread/WARN]: [Jobs] Job Crafter has an invalid Craft type property: SPRUCE_CHEST_BOAT!
[17:55:13] [Server thread/WARN]: [Jobs] Job Crafter has an invalid Craft type property: BAMBOO_BLOCK!
[17:55:13] [Server thread/WARN]: [Jobs] Job Crafter has an invalid Craft type property: BAMBOO_BUTTON!
[17:55:13] [Server thread/WARN]: [Jobs] Job Crafter has an invalid Craft type property: BAMBOO_CHEST_RAFT!
[17:55:13] [Server thread/WARN]: [Jobs] Job Crafter has an invalid Craft type property: BAMBOO_DOOR!
[17:55:13] [Server thread/WARN]: [Jobs] Job Crafter has an invalid Craft type property: BAMBOO_FENCE!
[17:55:13] [Server thread/WARN]: [Jobs] Job Crafter has an invalid Craft type property: BAMBOO_FENCE_GATE!
[17:55:13] [Server thread/WARN]: [Jobs] Job Crafter has an invalid Craft type property: BAMBOO_HANGING_SIGN!
[17:55:13] [Server thread/WARN]: [Jobs] Job Crafter has an invalid Craft type property: BAMBOO_MOSAIC!
[17:55:13] [Server thread/WARN]: [Jobs] Job Crafter has an invalid Craft type property: BAMBOO_MOSAIC_SLAB!
[17:55:13] [Server thread/WARN]: [Jobs] Job Crafter has an invalid Craft type property: BAMBOO_MOSAIC_STAIRS!
[17:55:13] [Server thread/WARN]: [Jobs] Job Crafter has an invalid Craft type property: BAMBOO_PRESSURE_PLATE!
[17:55:13] [Server thread/WARN]: [Jobs] Job Crafter has an invalid Craft type property: BAMBOO_RAFT!
[17:55:13] [Server thread/WARN]: [Jobs] Job Crafter has an invalid Craft type property: BAMBOO_SIGN!
[17:55:13] [Server thread/WARN]: [Jobs] Job Crafter has an invalid Craft type property: BAMBOO_SLAB!
[17:55:13] [Server thread/WARN]: [Jobs] Job Crafter has an invalid Craft type property: BAMBOO_STAIRS!
[17:55:13] [Server thread/WARN]: [Jobs] Job Crafter has an invalid Craft type property: BAMBOO_TRAPDOOR!
[17:55:13] [Server thread/WARN]: [Jobs] Job Crafter has an invalid Craft type property: BRUSH!
[17:55:13] [Server thread/WARN]: [Jobs] Job Crafter has an invalid Craft type property: CHERRY_BOAT!
[17:55:13] [Server thread/WARN]: [Jobs] Job Crafter has an invalid Craft type property: CHERRY_BUTTON!
[17:55:13] [Server thread/WARN]: [Jobs] Job Crafter has an invalid Craft type property: CHERRY_CHEST_BOAT!
[17:55:13] [Server thread/WARN]: [Jobs] Job Crafter has an invalid Craft type property: CHERRY_DOOR!
[17:55:13] [Server thread/WARN]: [Jobs] Job Crafter has an invalid Craft type property: CHERRY_FENCE!
[17:55:13] [Server thread/WARN]: [Jobs] Job Crafter has an invalid Craft type property: CHERRY_FENCE_GATE!
[17:55:13] [Server thread/WARN]: [Jobs] Job Crafter has an invalid Craft type property: CHERRY_HANGING_SIGN!
[17:55:13] [Server thread/WARN]: [Jobs] Job Crafter has an invalid Craft type property: CHERRY_PRESSURE_PLATE!
[17:55:13] [Server thread/WARN]: [Jobs] Job Crafter has an invalid Craft type property: CHERRY_SIGN!
[17:55:13] [Server thread/WARN]: [Jobs] Job Crafter has an invalid Craft type property: CHERRY_SLAB!
[17:55:13] [Server thread/WARN]: [Jobs] Job Crafter has an invalid Craft type property: CHERRY_STAIRS!
[17:55:13] [Server thread/WARN]: [Jobs] Job Crafter has an invalid Craft type property: CHERRY_TRAPDOOR!
[17:55:13] [Server thread/WARN]: [Jobs] Job Crafter has an invalid Craft type property: DECORATED_POT!
[17:55:13] [Server thread/WARN]: [Jobs] Job Crafter has an invalid Craft type property: CHISELED_BOOKSHELF!
[17:55:13] [Server thread/WARN]: [Jobs] Job Crafter has an invalid Craft type property: ACACIA_HANGING_SIGN!
[17:55:13] [Server thread/WARN]: [Jobs] Job Crafter has an invalid Craft type property: BIRCH_HANGING_SIGN!
[17:55:13] [Server thread/WARN]: [Jobs] Job Crafter has an invalid Craft type property: CRIMSON_HANGING_SIGN!
[17:55:13] [Server thread/WARN]: [Jobs] Job Crafter has an invalid Craft type property: DARK_OAK_HANGING_SIGN!
[17:55:13] [Server thread/WARN]: [Jobs] Job Crafter has an invalid Craft type property: JUNGLE_HANGING_SIGN!
[17:55:13] [Server thread/WARN]: [Jobs] Job Crafter has an invalid Craft type property: MANGROVE_HANGING_SIGN!
[17:55:13] [Server thread/WARN]: [Jobs] Job Crafter has an invalid Craft type property: OAK_HANGING_SIGN!
[17:55:13] [Server thread/WARN]: [Jobs] Job Crafter has an invalid Craft type property: SPRUCE_HANGING_SIGN!
[17:55:13] [Server thread/WARN]: [Jobs] Job Crafter has an invalid Craft type property: WARPED_HANGING_SIGN!
[17:55:13] [Server thread/WARN]: [Jobs] Job Crafter has an invalid Craft type property: NETHERITE_UPGRADE_SMITHING_TEMPLATE!
[17:55:13] [Server thread/WARN]: [Jobs] Job Crafter has an invalid Craft type property: COAST_ARMOR_TRIM_SMITHING_TEMPLATE!
[17:55:13] [Server thread/WARN]: [Jobs] Job Crafter has an invalid Craft type property: DUNE_ARMOR_TRIM_SMITHING_TEMPLATE!
[17:55:13] [Server thread/WARN]: [Jobs] Job Crafter has an invalid Craft type property: EYE_ARMOR_TRIM_SMITHING_TEMPLATE!
[17:55:13] [Server thread/WARN]: [Jobs] Job Crafter has an invalid Craft type property: HOST_ARMOR_TRIM_SMITHING_TEMPLATE!
[17:55:13] [Server thread/WARN]: [Jobs] Job Crafter has an invalid Craft type property: RAISER_ARMOR_TRIM_SMITHING_TEMPLATE!
[17:55:13] [Server thread/WARN]: [Jobs] Job Crafter has an invalid Craft type property: RIB_ARMOR_TRIM_SMITHING_TEMPLATE!
[17:55:13] [Server thread/WARN]: [Jobs] Job Crafter has an invalid Craft type property: SENTRY_ARMOR_TRIM_SMITHING_TEMPLATE!
[17:55:13] [Server thread/WARN]: [Jobs] Job Crafter has an invalid Craft type property: SHAPER_ARMOR_TRIM_SMITHING_TEMPLATE!
[17:55:13] [Server thread/WARN]: [Jobs] Job Crafter has an invalid Craft type property: SILENCE_ARMOR_TRIM_SMITHING_TEMPLATE!
[17:55:13] [Server thread/WARN]: [Jobs] Job Crafter has an invalid Craft type property: SNOUT_ARMOR_TRIM_SMITHING_TEMPLATE!
[17:55:13] [Server thread/WARN]: [Jobs] Job Crafter has an invalid Craft type property: SPIRE_ARMOR_TRIM_SMITHING_TEMPLATE!
[17:55:13] [Server thread/WARN]: [Jobs] Job Crafter has an invalid Craft type property: TIDE_ARMOR_TRIM_SMITHING_TEMPLATE!
[17:55:13] [Server thread/WARN]: [Jobs] Job Crafter has an invalid Craft type property: VEX_ARMOR_TRIM_SMITHING_TEMPLATE!
[17:55:13] [Server thread/WARN]: [Jobs] Job Crafter has an invalid Craft type property: WARD_ARMOR_TRIM_SMITHING_TEMPLATE!
[17:55:13] [Server thread/WARN]: [Jobs] Job Crafter has an invalid Craft type property: WAYFINDER_ARMOR_TRIM_SMITHING_TEMPLATE!
[17:55:13] [Server thread/WARN]: [Jobs] Job Crafter has an invalid Craft type property: WILD_ARMOR_TRIM_SMITHING_TEMPLATE!
[17:55:13] [Server thread/WARN]: [Jobs] Job Crafter has an invalid Craft type property: CALIBRATED_SCULK_SENSOR!
[17:55:13] [Server thread/WARN]: [Jobs] Job Hunter has an invalid Break type property: PIGLIN_HEAD!
[17:55:13] [Server thread/WARN]: [Jobs] Job Hunter has an invalid Break type property: PIGLIN_WALL_HEAD!
[17:55:13] [Server thread/WARN]: [Jobs] Job Hunter has an invalid Place type property: PIGLIN_HEAD!
[17:55:13] [Server thread/WARN]: [Jobs] Job Hunter has an invalid Place type property: PIGLIN_WALL_HEAD!
[17:55:13] [Server thread/WARN]: [Jobs] Job Hunter has an invalid Kill type property: ALLAY!
[17:55:13] [Server thread/WARN]: [Jobs] Job Hunter has an invalid Kill type property: FROG!
[17:55:13] [Server thread/WARN]: [Jobs] Job Hunter has an invalid Kill type property: TADPOLE!
[17:55:13] [Server thread/WARN]: [Jobs] Job Hunter has an invalid Kill type property: WARDEN!
[17:55:13] [Server thread/WARN]: [Jobs] Job Hunter has an invalid Kill type property: CAMEL!
[17:55:13] [Server thread/WARN]: [Jobs] Job Hunter has an invalid Kill type property: SNIFFER!
[17:55:13] [Server thread/WARN]: [Jobs] Job Miner has an invalid Break type property: REINFORCED_DEEPSLATE!
[17:55:13] [Server thread/WARN]: [Jobs] Job Miner has an invalid Break type property: SCULK!
[17:55:13] [Server thread/WARN]: [Jobs] Job Miner has an invalid Break type property: SCULK_CATALYST!
[17:55:13] [Server thread/WARN]: [Jobs] Job Miner has an invalid Break type property: SCULK_SHRIEKER!
[17:55:13] [Server thread/WARN]: [Jobs] Job Farmer has an invalid Break type property: MANGROVE_LEAVES!
[17:55:13] [Server thread/WARN]: [Jobs] Job Farmer has an invalid Break type property: MANGROVE_PROPAGULE!
[17:55:13] [Server thread/WARN]: [Jobs] Job Farmer has an invalid Break type property: CHERRY_LEAVES!
[17:55:13] [Server thread/WARN]: [Jobs] Job Farmer has an invalid Break type property: TORCHFLOWER!
[17:55:13] [Server thread/WARN]: [Jobs] Job Farmer has an invalid Break type property: PITCHER_CROP!
[17:55:13] [Server thread/WARN]: [Jobs] Job Farmer has an invalid Break type property: CHERRY_SAPLING!
[17:55:13] [Server thread/WARN]: [Jobs] Job Farmer has an invalid Place type property: PITCHER_CROP!
[17:55:13] [Server thread/WARN]: [Jobs] Job Farmer has an invalid Place type property: TORCHFLOWER_CROP!
[17:55:13] [Server thread/WARN]: [Jobs] Job Builder has an invalid Place type property: ACACIA_WALL_HANGING_SIGN!
[17:55:13] [Server thread/WARN]: [Jobs] Job Builder has an invalid Place type property: BIRCH_WALL_HANGING_SIGN!
[17:55:13] [Server thread/WARN]: [Jobs] Job Builder has an invalid Place type property: CRIMSON_WALL_HANGING_SIGN!
[17:55:13] [Server thread/WARN]: [Jobs] Job Builder has an invalid Place type property: DARK_OAK_WALL_HANGING_SIGN!
[17:55:13] [Server thread/WARN]: [Jobs] Job Builder has an invalid Place type property: JUNGLE_WALL_HANGING_SIGN!
[17:55:13] [Server thread/WARN]: [Jobs] Job Builder has an invalid Place type property: OAK_WALL_HANGING_SIGN!
[17:55:13] [Server thread/WARN]: [Jobs] Job Builder has an invalid Place type property: SPRUCE_WALL_HANGING_SIGN!
[17:55:13] [Server thread/WARN]: [Jobs] Job Builder has an invalid Place type property: WARPED_WALL_HANGING_SIGN!
[17:55:13] [Server thread/WARN]: [Jobs] Job Builder has an invalid Place type property: MANGROVE_LOG!
[17:55:13] [Server thread/WARN]: [Jobs] Job Builder has an invalid Place type property: MANGROVE_PLANKS!
[17:55:13] [Server thread/WARN]: [Jobs] Job Builder has an invalid Place type property: MANGROVE_ROOTS!
[17:55:13] [Server thread/WARN]: [Jobs] Job Builder has an invalid Place type property: MANGROVE_SLAB!
[17:55:13] [Server thread/WARN]: [Jobs] Job Builder has an invalid Place type property: MANGROVE_STAIRS!
[17:55:13] [Server thread/WARN]: [Jobs] Job Builder has an invalid Place type property: MANGROVE_WOOD!
[17:55:13] [Server thread/WARN]: [Jobs] Job Builder has an invalid Place type property: MUD!
[17:55:13] [Server thread/WARN]: [Jobs] Job Builder has an invalid Place type property: MUD_BRICK_SLAB!
[17:55:13] [Server thread/WARN]: [Jobs] Job Builder has an invalid Place type property: MUD_BRICK_STAIRS!
[17:55:13] [Server thread/WARN]: [Jobs] Job Builder has an invalid Place type property: MUD_BRICKS!
[17:55:13] [Server thread/WARN]: [Jobs] Job Builder has an invalid Place type property: MUDDY_MANGROVE_ROOTS!
[17:55:13] [Server thread/WARN]: [Jobs] Job Builder has an invalid Place type property: OCHRE_FROGLIGHT!
[17:55:13] [Server thread/WARN]: [Jobs] Job Builder has an invalid Place type property: PACKED_MUD!
[17:55:13] [Server thread/WARN]: [Jobs] Job Builder has an invalid Place type property: PEARLESCENT_FROGLIGHT!
[17:55:13] [Server thread/WARN]: [Jobs] Job Builder has an invalid Place type property: SCULK!
[17:55:13] [Server thread/WARN]: [Jobs] Job Builder has an invalid Place type property: STRIPPED_MANGROVE_LOG!
[17:55:13] [Server thread/WARN]: [Jobs] Job Builder has an invalid Place type property: STRIPPED_MANGROVE_WOOD!
[17:55:13] [Server thread/WARN]: [Jobs] Job Builder has an invalid Place type property: VERDANT_FROGLIGHT!
[17:55:13] [Server thread/WARN]: [Jobs] Job Builder has an invalid Place type property: MANGROVE_SIGN!
[17:55:13] [Server thread/WARN]: [Jobs] Job Builder has an invalid Place type property: MANGROVE_WALL_SIGN!
[17:55:13] [Server thread/WARN]: [Jobs] Job Builder has an invalid Place type property: MANGROVE_WALL_HANGING_SIGN!
[17:55:13] [Server thread/WARN]: [Jobs] Job Builder has an invalid Place type property: TORCHFLOWER!
[17:55:13] [Server thread/WARN]: [Jobs] Job Builder has an invalid Place type property: PITCHER_PLANT!
[17:55:13] [Server thread/WARN]: [Jobs] Job Builder has an invalid Place type property: BAMBOO_BLOCK!
[17:55:13] [Server thread/WARN]: [Jobs] Job Builder has an invalid Place type property: BAMBOO_HANGING_SIGN!
[17:55:13] [Server thread/WARN]: [Jobs] Job Builder has an invalid Place type property: BAMBOO_MOSAIC!
[17:55:13] [Server thread/WARN]: [Jobs] Job Builder has an invalid Place type property: BAMBOO_MOSAIC_SLAB!
[17:55:13] [Server thread/WARN]: [Jobs] Job Builder has an invalid Place type property: BAMBOO_MOSAIC_STAIRS!
[17:55:13] [Server thread/WARN]: [Jobs] Job Builder has an invalid Place type property: BAMBOO_PLANKS!
[17:55:13] [Server thread/WARN]: [Jobs] Job Builder has an invalid Place type property: BAMBOO_SIGN!
[17:55:13] [Server thread/WARN]: [Jobs] Job Builder has an invalid Place type property: BAMBOO_SLAB!
[17:55:13] [Server thread/WARN]: [Jobs] Job Builder has an invalid Place type property: BAMBOO_STAIRS!
[17:55:13] [Server thread/WARN]: [Jobs] Job Builder has an invalid Place type property: BAMBOO_WALL_HANGING_SIGN!
[17:55:13] [Server thread/WARN]: [Jobs] Job Builder has an invalid Place type property: BAMBOO_WALL_SIGN!
[17:55:13] [Server thread/WARN]: [Jobs] Job Builder has an invalid Place type property: CHERRY_HANGING_SIGN!
[17:55:13] [Server thread/WARN]: [Jobs] Job Builder has an invalid Place type property: CHERRY_LOG!
[17:55:13] [Server thread/WARN]: [Jobs] Job Builder has an invalid Place type property: CHERRY_PLANKS!
[17:55:13] [Server thread/WARN]: [Jobs] Job Builder has an invalid Place type property: CHERRY_SIGN!
[17:55:13] [Server thread/WARN]: [Jobs] Job Builder has an invalid Place type property: CHERRY_SLAB!
[17:55:13] [Server thread/WARN]: [Jobs] Job Builder has an invalid Place type property: CHERRY_STAIRS!
[17:55:13] [Server thread/WARN]: [Jobs] Job Builder has an invalid Place type property: CHERRY_WALL_HANGING_SIGN!
[17:55:13] [Server thread/WARN]: [Jobs] Job Builder has an invalid Place type property: CHERRY_WALL_SIGN!
[17:55:13] [Server thread/WARN]: [Jobs] Job Builder has an invalid Place type property: CHERRY_WOOD!
[17:55:13] [Server thread/WARN]: [Jobs] Job Builder has an invalid Place type property: STRIPPED_BAMBOO_BLOCK!
[17:55:13] [Server thread/WARN]: [Jobs] Job Builder has an invalid Place type property: STRIPPED_CHERRY_WOOD!
[17:55:13] [Server thread/WARN]: [Jobs] Job Builder has an invalid Place type property: STRIPPED_CHERRY_LOG!
[17:55:13] [Server thread/WARN]: [Jobs] Job Builder has an invalid Place type property: DECORATED_POT!
[17:55:13] [Server thread/WARN]: [Jobs] Job Builder has an invalid Place type property: PINK_PETALS!
[17:55:13] [Server thread/WARN]: [Jobs] Job Builder has an invalid Place type property: CHISELED_BOOKSHELF!
[17:55:13] [Server thread/WARN]: [Jobs] Job Builder has an invalid Place type property: ACACIA_HANGING_SIGN!
[17:55:13] [Server thread/WARN]: [Jobs] Job Builder has an invalid Place type property: ACACIA_WALL_HANGING_SIGN!
[17:55:13] [Server thread/WARN]: [Jobs] Job Builder has an invalid Place type property: BIRCH_HANGING_SIGN!
[17:55:13] [Server thread/WARN]: [Jobs] Job Builder has an invalid Place type property: BIRCH_WALL_HANGING_SIGN!
[17:55:13] [Server thread/WARN]: [Jobs] Job Builder has an invalid Place type property: CRIMSON_HANGING_SIGN!
[17:55:13] [Server thread/WARN]: [Jobs] Job Builder has an invalid Place type property: CRIMSON_WALL_HANGING_SIGN!
[17:55:13] [Server thread/WARN]: [Jobs] Job Builder has an invalid Place type property: DARK_OAK_HANGING_SIGN!
[17:55:13] [Server thread/WARN]: [Jobs] Job Builder has an invalid Place type property: DARK_OAK_WALL_HANGING_SIGN!
[17:55:13] [Server thread/WARN]: [Jobs] Job Builder has an invalid Place type property: JUNGLE_HANGING_SIGN!
[17:55:13] [Server thread/WARN]: [Jobs] Job Builder has an invalid Place type property: JUNGLE_WALL_HANGING_SIGN!
[17:55:13] [Server thread/WARN]: [Jobs] Job Builder has an invalid Place type property: MANGROVE_HANGING_SIGN!
[17:55:13] [Server thread/WARN]: [Jobs] Job Builder has an invalid Place type property: MANGROVE_WALL_HANGING_SIGN!
[17:55:13] [Server thread/WARN]: [Jobs] Job Builder has an invalid Place type property: OAK_HANGING_SIGN!
[17:55:13] [Server thread/WARN]: [Jobs] Job Builder has an invalid Place type property: OAK_WALL_HANGING_SIGN!
[17:55:13] [Server thread/WARN]: [Jobs] Job Builder has an invalid Place type property: SPRUCE_HANGING_SIGN!
[17:55:13] [Server thread/WARN]: [Jobs] Job Builder has an invalid Place type property: SPRUCE_WALL_HANGING_SIGN!
[17:55:13] [Server thread/WARN]: [Jobs] Job Builder has an invalid Place type property: WARPED_HANGING_SIGN!
[17:55:13] [Server thread/WARN]: [Jobs] Job Builder has an invalid Place type property: WARPED_WALL_HANGING_SIGN!
[17:55:13] [Server thread/WARN]: [Jobs] Job Fisherman has an invalid Break type property: FROGSPAWN!
[17:55:13] [Server thread/WARN]: [Jobs] Job Fisherman has an invalid Kill type property: TADPOLE!
[17:55:13] [Server thread/WARN]: [Jobs] Job Fisherman has an invalid Kill type property: FROG!
[17:55:13] [Server thread/WARN]: [Jobs] Job Florist has an invalid Place type property: PINK_PETALS!
[17:55:13] [Server thread/WARN]: [Jobs] Job Florist has an invalid Place type property: TORCHFLOWER!
[17:55:13] [Server thread/WARN]: [Jobs] Job Florist has an invalid Place type property: PITCHER_PLANT!
[17:55:13] [Server thread/WARN]: [Jobs] Job Florist has an invalid Craft type property: DECORATED_POT!
[17:55:13] [Server thread/WARN]: [Jobs] Job Digger has an invalid Break type property: MUD!
[17:55:13] [Server thread/WARN]: [Jobs] Job Digger has an invalid Break type property: MUDDY_MANGROVE_ROOTS!
[17:55:13] [Server thread/WARN]: [Jobs] Job Digger has an invalid Break type property: SUSPICIOUS_GRAVEL!
[17:55:13] [Server thread/WARN]: [Jobs] Job Digger has an invalid Break type property: SUSPICIOUS_SAND!
[17:55:13] [Server thread/WARN]: [Jobs] Job Tamer has an invalid Place type property: SNIFFER_EGG!
[17:55:13] [Server thread/WARN]: [Jobs] Job Tamer has an invalid Breed type property: FROG!
[17:55:13] [Server thread/WARN]: [Jobs] Job Tamer has an invalid Breed type property: CAMEL!
[17:55:13] [Server thread/WARN]: [Jobs] Job Tamer has an invalid Breed type property: SNIFFER!
[17:55:13] [Server thread/INFO]: [0;33;1mLoaded [0;33;22m19 [0;33;1mjobs[m
[17:55:13] [Server thread/INFO]: [0;33;1mLoaded [0;33;22m0 [0;33;1mboosted items[m
[17:55:13] [Jobs-DatabaseSaveTask/INFO]: [0;33;1mStarted database save task.[m
[17:55:13] [Jobs-BufferedPaymentThread/INFO]: [0;33;1mStarted buffered payment thread.[m
[17:55:13] [Server thread/INFO]: [0;33;1mPreloaded [0;33;22m1 [0;33;1mplayers data in [0;33;22m0.0[m
[17:55:13] [Server thread/INFO]: [0;33;1mLoading explorer data[m
[17:55:13] [Server thread/INFO]: [0;33;1mLoaded explorer data ([0;33;22m17[0;33;1m) in 1 ms[m
[17:55:13] [Server thread/INFO]: [0;33;1mPlugin has been enabled successfully.[m
[17:55:13] [Server thread/INFO]: [0;33;22m------------------------------------[m
[17:55:13] [Server thread/INFO]: [BetonQuest] Enabling BetonQuest v1.12.10
[17:55:13] [Server thread/INFO]: [BetonQuest] Using SQLite for storing data!
[17:55:13] [Server thread/INFO]: [BetonQuest] Configuration up to date!
[17:55:13] [Server thread/INFO]: [BetonQuest] Hooking into PlaceholderAPI
[17:55:13] [Server thread/INFO]: [PlaceholderAPI] Successfully registered expansion: betonquest [1.12.10]
[17:55:13] [Server thread/INFO]: [BetonQuest] Hooking into Vault
[17:55:13] [Server thread/WARN]: [BetonQuest] There is no economy plugin on the server!
[17:55:13] [Server thread/INFO]: [BetonQuest] Hooking into ProtocolLib
[17:55:13] [Server thread/INFO]: [BetonQuest] Hooking into Citizens
[17:55:13] [Server thread/INFO]: [BetonQuest] Hooking into WorldEdit
[17:55:13] [Server thread/INFO]: [BetonQuest] Hooking into Jobs
[17:55:13] [Server thread/INFO]: [BetonQuest] Registered Conditions [nujobs_canlevel,nujobs_hasjob,nujobs_jobfull,nujobs_joblevel]
[17:55:13] [Server thread/INFO]: [BetonQuest] Registered Events [nujobs_addexp,nujobs_addlevel,nujobs_dellevel,nujobs_joinjob,nujobs_leavejob,nujobs_setlevel]
[17:55:13] [Server thread/INFO]: [BetonQuest] Registered Objectives [nujobs_joinjob,nujobs_leavejob,nujobs_levelup,nujobs_payment]
[17:55:13] [Server thread/INFO]: [BetonQuest] BetonQuest succesfully enabled!
[17:55:13] [Server thread/INFO]: [Beton_PlaceholderAPI] Enabling Beton_PlaceholderAPI v1.0
[17:55:13] [Server thread/INFO]: [Oraxen] Enabling Oraxen v1.161.0
[17:55:14] [Server thread/INFO]: [38;2;144;85;255mO[38;2;128;103;250mr[38;2;113;120;246ma[38;2;97;138;241mx[38;2;82;156;237me[38;2;66;173;232mn[38;2;50;191;227m [38;2;40;43;63m| [38;2;85;255;164mSuccessfully updated settings.yml[m
[17:55:14] [Server thread/INFO]: [38;2;144;85;255mO[38;2;128;103;250mr[38;2;113;120;246ma[38;2;97;138;241mx[38;2;82;156;237me[38;2;66;173;232mn[38;2;50;191;227m [38;2;40;43;63m| [38;2;231;63;52mThe texture specified for diagloue_tag does not exist. This will break all your glyphs.[m
[17:55:14] [Server thread/INFO]: [38;2;144;85;255mO[38;2;128;103;250mr[38;2;113;120;246ma[38;2;97;138;241mx[38;2;82;156;237me[38;2;66;173;232mn[38;2;50;191;227m [38;2;40;43;63m| [38;2;249;241;120mIt has been temporarily set to a placeholder image. You should edit this in the glyph config.[m
[17:55:15] [Server thread/INFO]: [38;2;144;85;255mO[38;2;128;103;250mr[38;2;113;120;246ma[38;2;97;138;241mx[38;2;82;156;237me[38;2;66;173;232mn[38;2;50;191;227m [38;2;40;43;63m| [38;2;249;241;120mConverting global lang file to individual language files...[m
[17:55:15] [Server thread/INFO]: [38;2;144;85;255mO[38;2;128;103;250mr[38;2;113;120;246ma[38;2;97;138;241mx[38;2;82;156;237me[38;2;66;173;232mn[38;2;50;191;227m [38;2;40;43;63m| [0;34;1mVerifying formatting for textures and models...[m
[17:55:15] [Server thread/INFO]: [m
[17:55:15] [Server thread/INFO]: [38;2;144;85;255mO[38;2;128;103;250mr[38;2;113;120;246ma[38;2;97;138;241mx[38;2;82;156;237me[38;2;66;173;232mn[38;2;50;191;227m [38;2;40;43;63m| [38;2;85;255;164mNo broken models or textures were found in the resourcepack[m
[17:55:15] [Server thread/INFO]: [m
[17:55:15] [Server thread/INFO]: [38;2;144;85;255mO[38;2;128;103;250mr[38;2;113;120;246ma[38;2;97;138;241mx[38;2;82;156;237me[38;2;66;173;232mn[38;2;50;191;227m [38;2;40;43;63m| [38;2;85;255;164mGenerating atlas-file for 1.19.3+ Resource Pack format[m
[17:55:15] [Server thread/INFO]: [m
[17:55:15] [Server thread/INFO]: [38;2;144;85;255mO[38;2;128;103;250mr[38;2;113;120;246ma[38;2;97;138;241mx[38;2;82;156;237me[38;2;66;173;232mn[38;2;50;191;227m [38;2;40;43;63m| [38;2;249;241;120mAttempting to merge imported font files[m
[17:55:15] [Server thread/INFO]: [38;2;144;85;255mO[38;2;128;103;250mr[38;2;113;120;246ma[38;2;97;138;241mx[38;2;82;156;237me[38;2;66;173;232mn[38;2;50;191;227m [38;2;40;43;63m| [38;2;85;255;164mNo duplicate font files found![m
[17:55:15] [Server thread/INFO]: [38;2;144;85;255mO[38;2;128;103;250mr[38;2;113;120;246ma[38;2;97;138;241mx[38;2;82;156;237me[38;2;66;173;232mn[38;2;50;191;227m [38;2;40;43;63m| [38;2;85;255;164mSuccessfully loaded on Windows 11[m
[17:55:15] [Server thread/INFO]: [PlaceholderAPI] Successfully registered expansion: oraxen [1.161.0]
[17:55:15] [Server thread/INFO]: [38;2;144;85;255mO[38;2;128;103;250mr[38;2;113;120;246ma[38;2;97;138;241mx[38;2;82;156;237me[38;2;66;173;232mn[38;2;50;191;227m [38;2;40;43;63m| [38;2;85;255;164mPlugin "PlaceholderAPI" detected, enabling hooks[m
[17:55:15] [Server thread/INFO]: Server permissions file permissions.yml is empty, ignoring it
[17:55:15] [Server thread/INFO]: [PlaceholderAPI] Placeholder expansion registration initializing...
[17:55:15] [Server thread/INFO]: Done (21.285s)! For help, type "help"
[17:55:15] [Craft Scheduler Thread - 3/INFO]: [DecentHolograms] Created directory plugins\DecentHolograms\animations
[17:55:15] [Craft Scheduler Thread - 2/INFO]: [DecentHolograms] Created directory plugins\DecentHolograms\holograms
[17:55:15] [Server thread/ERROR]: [Jobs] ==================== Jobs ====================
[17:55:15] [Server thread/ERROR]: [Jobs] Vault detected but economy plugin still missing!
[17:55:15] [Server thread/ERROR]: [Jobs] Please install Vault supporting economy plugin!
[17:55:15] [Server thread/ERROR]: [Jobs] ==============================================
[17:55:15] [Server thread/INFO]: [BetonQuest] Hooked into PlaceholderAPI, Vault, ProtocolLib, Citizens, WorldEdit, Jobs!
[17:55:15] [Server thread/INFO]: [BetonQuest] There are 10 conditions, 42 events, 0 objectives and 6 conversations loaded from 4 packages.
[17:55:15] [User Authenticator #1/INFO]: UUID of player Telmiyo is 32a47b2f-c0ca-3c95-9fcc-49f4aec1f7ea
[17:55:15] [Server thread/INFO]: Loaded 7 recipes
[17:55:15] [Craft Scheduler Thread - 1/INFO]: [0;32;22mNew version of CMILib was detected. Please update it[m
[17:55:16] [Server thread/INFO]: [38;2;144;85;255mO[38;2;128;103;250mr[38;2;113;120;246ma[38;2;97;138;241mx[38;2;82;156;237me[38;2;66;173;232mn[38;2;50;191;227m [38;2;40;43;63m| [38;2;213;214;216mAutomatic upload of the resource pack is enabled, uploading...[m
[17:55:16] [Server thread/INFO]: [Citizens] Cargando a 9 NPCs.
[17:55:16] [Craft Scheduler Thread - 2/INFO]: [Vault] Checking for Updates ... 
[17:55:16] [Server thread/INFO]: [PlaceholderAPI] Successfully registered expansion: player [2.0.4]
[17:55:16] [Server thread/INFO]: [PlaceholderAPI] Successfully registered expansion: progress [2.1]
[17:55:16] [Server thread/INFO]: [PAPI] [Javascript-Expansion] 2 scripts loaded!
[17:55:16] [Server thread/INFO]: [PlaceholderAPI] Successfully registered expansion: javascript [2.1.2]
[17:55:16] [Server thread/INFO]: [0;32;1m3 placeholder hook(s) registered! [0;33;22m1 placeholder hook(s) have an update available.[m
[17:55:16] [Craft Scheduler Thread - 2/INFO]: [Vault] No new version available
[17:55:17] [Server thread/INFO]: Telmiyo[/127.0.0.1:53172] logged in with entity id 151 at ([world]-37.682198016072775, 5.5, 116.14177703667518)
[17:55:18] [Craft Scheduler Thread - 4/INFO]: [38;2;144;85;255mO[38;2;128;103;250mr[38;2;113;120;246ma[38;2;97;138;241mx[38;2;82;156;237me[38;2;66;173;232mn[38;2;50;191;227m [38;2;40;43;63m| [38;2;85;255;164mResourcepack uploaded to http://atlas.oraxen.com:8080/pack.zip?id=f9e9e23d12875d463c4c3c277b541805e2ae3ba3 in 1758 ms[m
[17:55:35] [Server thread/INFO]: Telmiyo issued server command: /npc lsit
[17:55:37] [Server thread/INFO]: Telmiyo issued server command: /npc list
[17:55:39] [Server thread/INFO]: Telmiyo issued server command: /npc tph --id 0
[17:56:07] [Server thread/INFO]: Telmiyo issued server command: /holo reload
[17:56:07] [Craft Scheduler Thread - 2/INFO]: [DecentHolograms] Loading holograms... 
[17:56:07] [Craft Scheduler Thread - 2/INFO]: [DecentHolograms] Loaded 1 holograms!
[17:56:13] [Server thread/INFO]: Telmiyo lost connection: Disconnected
[17:56:13] [Server thread/INFO]: Telmiyo left the game
[17:56:22] [User Authenticator #2/INFO]: UUID of player Telmiyo is 32a47b2f-c0ca-3c95-9fcc-49f4aec1f7ea
[17:56:22] [Server thread/INFO]: Telmiyo[/127.0.0.1:53369] logged in with entity id 309 at ([world]-38.02735767350079, 4.0, 105.38253498537676)
[17:56:57] [Server thread/INFO]: [0;32;1mSelected [0;33;1mLisa[0;32;1m (ID [0;33;1m3[0;32;1m).[m
[17:56:57] [Server thread/INFO]: [0;32;1mInvalid line number.[m
[17:56:57] [Server thread/INFO]: [0;32;1mSelected [0;33;1mInstructor Marc[0;32;1m (ID [0;33;1m0[0;32;1m).[m
[17:56:57] [Server thread/INFO]: [0;32;1mAdded a new hologram line: [0;33;1m?[0;32;1m.[m
[17:57:04] [Server thread/INFO]: Telmiyo issued server command: /q tag Telmiyo
[17:57:19] [Server thread/INFO]: Telmiyo issued server command: /q delete tag lesson.quest01_completed
[17:57:23] [Server thread/INFO]: Telmiyo issued server command: /q delete tag lesson.quest01_started
[17:57:25] [Server thread/INFO]: Telmiyo issued server command: /q tag Telmiyo
[17:57:29] [Server thread/INFO]: Telmiyo issued server command: /npc select 0
[17:57:32] [Server thread/INFO]: Telmiyo issued server command: /npc hologram remove 0
[17:57:34] [Server thread/INFO]: Telmiyo lost connection: Disconnected
[17:57:34] [Server thread/INFO]: Telmiyo left the game
[17:57:38] [User Authenticator #3/INFO]: UUID of player Telmiyo is 32a47b2f-c0ca-3c95-9fcc-49f4aec1f7ea
[17:57:39] [Server thread/INFO]: Telmiyo[/127.0.0.1:53540] logged in with entity id 410 at ([world]-38.05625435679527, 4.0, 106.44545838211599)
[17:57:51] [Server thread/INFO]: Telmiyo lost connection: Disconnected
[17:57:51] [Server thread/INFO]: Telmiyo left the game
[17:57:58] [User Authenticator #4/INFO]: UUID of player Telmiyo is 32a47b2f-c0ca-3c95-9fcc-49f4aec1f7ea
[17:57:58] [Server thread/INFO]: Telmiyo[/127.0.0.1:53590] logged in with entity id 454 at ([world]-37.84758806362329, 4.0, 106.42849729293604)
[17:58:03] [Server thread/INFO]: Telmiyo lost connection: Disconnected
[17:58:03] [Server thread/INFO]: Telmiyo left the game
[17:58:12] [User Authenticator #5/INFO]: UUID of player Telmiyo is 32a47b2f-c0ca-3c95-9fcc-49f4aec1f7ea
[17:58:12] [Server thread/INFO]: Telmiyo[/127.0.0.1:53626] logged in with entity id 498 at ([world]-37.84758806362329, 4.0, 106.42849729293604)
[17:58:50] [Server thread/INFO]: [0;32;1mSelected [0;33;1mLisa[0;32;1m (ID [0;33;1m3[0;32;1m).[m
[17:58:50] [Server thread/INFO]: [0;32;1mAdded a new hologram line: [0;33;1m?[0;32;1m.[m
[17:58:50] [Server thread/INFO]: [0;32;1mSelected [0;33;1mInstructor Marc[0;32;1m (ID [0;33;1m0[0;32;1m).[m
[17:58:50] [Server thread/INFO]: [0;32;1mRemoved line [0;33;1m0[0;32;1m.[m
[17:59:04] [Server thread/INFO]: [0;32;1mSelected [0;33;1mLisa[0;32;1m (ID [0;33;1m3[0;32;1m).[m
[17:59:04] [Server thread/INFO]: [0;32;1mRemoved line [0;33;1m0[0;32;1m.[m
[17:59:04] [Server thread/INFO]: [0;32;1mSelected [0;33;1mInstructor Marc[0;32;1m (ID [0;33;1m0[0;32;1m).[m
[17:59:04] [Server thread/INFO]: [0;32;1mAdded a new hologram line: [0;33;1m?[0;32;1m.[m
[17:59:18] [Server thread/INFO]: [0;32;1mYa tienes al NPC seleccionado.[m
[17:59:18] [Server thread/INFO]: [0;32;1mYa tienes al NPC seleccionado.[m
[17:59:18] [Server thread/INFO]: [0;32;1mRemoved line [0;33;1m0[0;32;1m.[m
[18:00:23] [Server thread/INFO]: [0;32;1mSelected [0;33;1mMarta[0;32;1m (ID [0;33;1m1[0;32;1m).[m
[18:00:23] [Server thread/INFO]: [0;32;1mRemoved line [0;33;1m0[0;32;1m.[m
[18:00:23] [Server thread/INFO]: [0;32;1mSelected [0;33;1mJobs[0;32;1m (ID [0;33;1m4[0;32;1m).[m
[18:00:23] [Server thread/INFO]: [0;32;1mAdded a new hologram line: [0;33;1m?[0;32;1m.[m
[18:00:38] [Server thread/INFO]: [0;32;1mYa tienes al NPC seleccionado.[m
[18:00:38] [Server thread/INFO]: [0;32;1mRemoved line [0;33;1m0[0;32;1m.[m
[18:00:38] [Server thread/INFO]: [0;32;1mSelected [0;33;1mMarta[0;32;1m (ID [0;33;1m1[0;32;1m).[m
[18:00:38] [Server thread/INFO]: [0;32;1mAdded a new hologram line: [0;33;1m?[0;32;1m.[m
[18:01:10] [Server thread/INFO]: [0;32;1mYa tienes al NPC seleccionado.[m
[18:01:10] [Server thread/INFO]: [0;32;1mRemoved line [0;33;1m0[0;32;1m.[m
[18:01:27] [Server thread/INFO]: [0;32;1mSelected [0;33;1mmerlin[0;32;1m (ID [0;33;1m2[0;32;1m).[m
[18:01:44] [Server thread/INFO]: [0;32;1mYa tienes al NPC seleccionado.[m
[18:01:58] [Server thread/INFO]: [0;32;1mYa tienes al NPC seleccionado.[m
[18:02:07] [Server thread/INFO]: [0;32;1mYa tienes al NPC seleccionado.[m
[18:02:07] [Server thread/INFO]: [0;32;1mRemoved line [0;33;1m0[0;32;1m.[m
[18:02:29] [Server thread/INFO]: Telmiyo issued server command: /gamemode survival
[18:02:29] [Server thread/INFO]: [Telmiyo: Set own game mode to Survival Mode]
[18:03:27] [Server thread/INFO]: [0;30;22m[[0;36;1mPowerCamera[0;30;22m] [0;31;22mOnly players can use this command[m
[18:03:27] [Server thread/INFO]: [0;32;1mSelected [0;33;1mAndrea[0;32;1m (ID [0;33;1m8[0;32;1m).[m
[18:03:27] [Server thread/INFO]: [0;32;1mRemoved line [0;33;1m0[0;32;1m.[m
[18:03:27] [Server thread/INFO]: [0;30;22m[[0;36;1mPowerCamera[0;30;22m] [0;32;1mPlaying 'end_cutscene' on player: Telmiyo[m
[18:03:27] [Server thread/INFO]: Changed title display times for Telmiyo
[18:03:27] [Server thread/INFO]: Incorrect argument for command
[18:03:27] [Server thread/INFO]: ...tle Thank You! subtitle {"text":"By Telmo Beroiz","color":"#ED6E13"}<--[HERE]
[18:03:27] [Server thread/INFO]: No blocks were filled
[18:03:27] [Server thread/INFO]: Successfully filled 3 blocks
[18:03:27] [Server thread/INFO]: Successfully filled 3 blocks
[18:03:27] [Server thread/INFO]: Successfully filled 3 blocks
[18:03:27] [Server thread/INFO]: Successfully filled 3 blocks
[18:03:27] [Server thread/INFO]: Successfully filled 3 blocks
[18:03:27] [Server thread/INFO]: Successfully filled 3 blocks
[18:03:27] [Server thread/INFO]: Successfully filled 3 blocks
[18:03:27] [Server thread/INFO]: Successfully filled 3 blocks
[18:03:27] [Server thread/INFO]: Successfully filled 3 blocks
[18:03:27] [Server thread/INFO]: Successfully filled 3 blocks
[18:03:27] [Server thread/INFO]: Successfully filled 3 blocks
[18:03:27] [Server thread/INFO]: Successfully filled 3 blocks
[18:03:27] [Server thread/INFO]: Successfully filled 3 blocks
[18:03:27] [Server thread/INFO]: Successfully filled 3 blocks
[18:03:27] [Server thread/INFO]: No blocks were filled
[18:03:27] [Server thread/INFO]: Successfully filled 42 blocks
[18:03:27] [Server thread/INFO]: Successfully filled 14 blocks
[18:37:07] [Server thread/INFO]: Telmiyo lost connection: Disconnected
[18:37:07] [Server thread/INFO]: Telmiyo left the game
[18:37:20] [Server thread/INFO]: Stopping the server
[18:37:20] [Server thread/INFO]: Stopping server
[18:37:20] [Server thread/INFO]: [Oraxen] Disabling Oraxen v1.161.0
[18:37:20] [Server thread/INFO]: [38;2;144;85;255mO[38;2;128;103;250mr[38;2;113;120;246ma[38;2;97;138;241mx[38;2;82;156;237me[38;2;66;173;232mn[38;2;50;191;227m [38;2;40;43;63m| [38;2;85;255;164mUnhooking plugin "PlaceholderAPI"[m
[18:37:20] [Server thread/INFO]: [38;2;144;85;255mO[38;2;128;103;250mr[38;2;113;120;246ma[38;2;97;138;241mx[38;2;82;156;237me[38;2;66;173;232mn[38;2;50;191;227m [38;2;40;43;63m| [38;2;85;255;164mSuccessfully unloaded[m
[18:37:20] [Server thread/INFO]: [Beton_PlaceholderAPI] Disabling Beton_PlaceholderAPI v1.0
[18:37:20] [Server thread/INFO]: [BetonQuest] Disabling BetonQuest v1.12.10
[18:37:20] [Server thread/INFO]: [BetonQuest] BetonQuest succesfully disabled!
[18:37:20] [Server thread/INFO]: [Jobs] Disabling Jobs v5.1.3.0
[18:37:20] [Server thread/INFO]: [0;33;22m------------- [0;32;22mJobs [0;33;22m-------------[m
[18:37:20] [Jobs-DatabaseSaveTask/INFO]: [0;33;1mDatabase save task shutdown![m
[18:37:20] [Jobs-BufferedPaymentThread/INFO]: [0;33;1mBuffered payment thread shutdown.[m
[18:37:20] [Server thread/INFO]: [0;33;22m------------------------------------[m
[18:37:20] [Server thread/INFO]: [DeluxeMenus] Disabling DeluxeMenus v1.13.7-Release
[18:37:20] [Server thread/INFO]: [DecentHolograms] Disabling DecentHolograms v2.8.3
[18:37:20] [Server thread/INFO]: [WorldEdit] Disabling WorldEdit v7.2.10+1742f98
[18:37:20] [Server thread/INFO]: Unregistering com.sk89q.worldedit.bukkit.BukkitServerInterface from WorldEdit
[18:37:20] [Server thread/INFO]: [Citizens] Disabling Citizens v2.0.31-SNAPSHOT (build 3101)
[18:37:20] [Server thread/INFO]: [ProtocolLib] Disabling ProtocolLib v5.0.0
[18:37:20] [Server thread/INFO]: [Vault] Disabling Vault v1.7.3-b131
[18:37:20] [Server thread/INFO]: [CMILib] Disabling CMILib v1.2.5.5
[18:37:20] [Server thread/INFO]: [PowerCamera] Disabling PowerCamera v0.6
[18:37:20] [Server thread/INFO]: [PowerCamera] Disabled PowerCamera v0.6
[18:37:20] [Server thread/INFO]: [PlaceholderAPI] Disabling PlaceholderAPI v2.11.3
[18:37:20] [Server thread/INFO]: Saving players
[18:37:20] [Server thread/INFO]: Saving worlds
[18:37:21] [Server thread/INFO]: Saving chunks for level 'ServerLevel[world]'/minecraft:overworld
[18:37:21] [Server thread/INFO]: Saving chunks for level 'ServerLevel[world_nether]'/minecraft:the_nether
[18:37:22] [Server thread/INFO]: Saving chunks for level 'ServerLevel[world_the_end]'/minecraft:the_end
[18:37:22] [Server thread/INFO]: ThreadedAnvilChunkStorage (world): All chunks are saved
[18:37:22] [Server thread/INFO]: ThreadedAnvilChunkStorage (DIM-1): All chunks are saved
[18:37:22] [Server thread/INFO]: ThreadedAnvilChunkStorage (DIM1): All chunks are saved
[18:37:22] [Server thread/INFO]: ThreadedAnvilChunkStorage: All dimensions are saved
