[19:23:58] [ServerMain/INFO]: Environment: authHost='https://authserver.mojang.com', accountsHost='https://api.mojang.com', sessionHost='https://sessionserver.mojang.com', servicesHost='https://api.minecraftservices.com', name='PROD'
[19:24:01] [Worker-Main-12/INFO]: Loaded 7 recipes
[19:24:03] [Server thread/INFO]: Starting minecraft server version 1.18.2
[19:24:03] [Server thread/INFO]: Loading properties
[19:24:03] [Server thread/INFO]: This server is running CraftBukkit version 3498-Spigot-b081915-10ba1be (MC: 1.18.2) (Implementing API version 1.18.2-R0.1-SNAPSHOT)
[19:24:04] [Server thread/INFO]: Debug logging is disabled
[19:24:04] [Server thread/INFO]: Server Ping Player Sample Count: 12
[19:24:04] [Server thread/INFO]: Using 4 threads for Netty based IO
[19:24:04] [Server thread/WARN]: You specified a resource pack without providing a sha1 hash. Pack will be updated on the client only if you change the name of the pack.
[19:24:04] [Server thread/INFO]: Default game type: SURVIVAL
[19:24:04] [Server thread/INFO]: Generating keypair
[19:24:04] [Server thread/INFO]: Starting Minecraft server on *:25575
[19:24:04] [Server thread/INFO]: Using default channel type
[19:24:05] [Server thread/INFO]: [Vault] Loading Vault v1.7.3-b131
[19:24:05] [Server thread/INFO]: [ConsoleSpamFix] Loading ConsoleSpamFix v1.10.0
[19:24:05] [Server thread/INFO]: [PlaceholderAPI] Loading PlaceholderAPI v2.11.3
[19:24:05] [Server thread/INFO]: [CMILib] Loading CMILib v1.2.5.5
[19:24:05] [Server thread/INFO]: [Jobs] Loading Jobs v5.1.3.0
[19:24:05] [Server thread/INFO]: [DeluxeMenus] Loading DeluxeMenus v1.13.7-Release
[19:24:05] [Server thread/INFO]: [DeluxeMenus] NMS hook has been setup successfully!
[19:24:05] [Server thread/INFO]: [Vault] Enabling Vault v1.7.3-b131
[19:24:05] [Server thread/INFO]: [Vault] [Permission] SuperPermissions loaded as backup permission system.
[19:24:05] [Server thread/INFO]: [Vault] Enabled Version 1.7.3-b131
[19:24:05] [Server thread/INFO]: [ConsoleSpamFix] Enabling ConsoleSpamFix v1.10.0
[19:24:05] [Server thread/INFO]: [ConsoleSpamFix] Server version detected: 1.18.2
[19:24:05] [Server thread/INFO]: [ConsoleSpamFix] Loading the config file...
[19:24:05] [Server thread/INFO]: [ConsoleSpamFix] Config file loaded!
[19:24:05] [Server thread/INFO]: [ConsoleSpamFix] ConsoleSpamFix loaded successfully!
[19:24:05] [Server thread/WARN]: **** SERVER IS RUNNING IN OFFLINE/INSECURE MODE!
[19:24:05] [Server thread/WARN]: The server will make no attempt to authenticate usernames. Beware.
[19:24:05] [Server thread/WARN]: Whilst this makes it possible to use BungeeCord, unless access to your server is properly restricted, it also opens up the ability for hackers to connect with any username they choose.
[19:24:05] [Server thread/WARN]: Please see http://www.spigotmc.org/wiki/firewall-guide/ for further information.
[19:24:05] [Server thread/WARN]: To change this, set "online-mode" to "true" in the server.properties file.
[19:24:05] [Server thread/INFO]: Preparing level "world"
[19:24:06] [Server thread/INFO]: -------- World Settings For [world] --------
[19:24:06] [Server thread/INFO]: Arrow Despawn Rate: 1200 Trident Respawn Rate:1200
[19:24:06] [Server thread/INFO]: Allow Zombie Pigmen to spawn from portal blocks: true
[19:24:06] [Server thread/INFO]: Item Despawn Rate: 6000
[19:24:06] [Server thread/INFO]: Item Merge Radius: 2.5
[19:24:06] [Server thread/INFO]: View Distance: 10
[19:24:06] [Server thread/INFO]: Simulation Distance: 10
[19:24:06] [Server thread/INFO]: Nerfing mobs spawned from spawners: false
[19:24:06] [Server thread/INFO]: Experience Merge Radius: 3.0
[19:24:06] [Server thread/INFO]: Mob Spawn Range: 6
[19:24:06] [Server thread/INFO]: Cactus Growth Modifier: 100%
[19:24:06] [Server thread/INFO]: Cane Growth Modifier: 100%
[19:24:06] [Server thread/INFO]: Melon Growth Modifier: 100%
[19:24:06] [Server thread/INFO]: Mushroom Growth Modifier: 100%
[19:24:06] [Server thread/INFO]: Pumpkin Growth Modifier: 100%
[19:24:06] [Server thread/INFO]: Sapling Growth Modifier: 100%
[19:24:06] [Server thread/INFO]: Beetroot Growth Modifier: 100%
[19:24:06] [Server thread/INFO]: Carrot Growth Modifier: 100%
[19:24:06] [Server thread/INFO]: Potato Growth Modifier: 100%
[19:24:06] [Server thread/INFO]: Wheat Growth Modifier: 100%
[19:24:06] [Server thread/INFO]: NetherWart Growth Modifier: 100%
[19:24:06] [Server thread/INFO]: Vine Growth Modifier: 100%
[19:24:06] [Server thread/INFO]: Cocoa Growth Modifier: 100%
[19:24:06] [Server thread/INFO]: Bamboo Growth Modifier: 100%
[19:24:06] [Server thread/INFO]: SweetBerry Growth Modifier: 100%
[19:24:06] [Server thread/INFO]: Kelp Growth Modifier: 100%
[19:24:06] [Server thread/INFO]: Entity Activation Range: An 32 / Mo 32 / Ra 48 / Mi 16 / Tiv true / Isa false
[19:24:06] [Server thread/INFO]: Entity Tracking Range: Pl 48 / An 48 / Mo 48 / Mi 32 / Other 64
[19:24:06] [Server thread/INFO]: Hopper Transfer: 8 Hopper Check: 1 Hopper Amount: 1
[19:24:06] [Server thread/INFO]: Custom Map Seeds:  Village: 10387312 Desert: 14357617 Igloo: 14357618 Jungle: 14357619 Swamp: 14357620 Monument: 10387313 Ocean: 14357621 Shipwreck: 165745295 End City: 10387313 Slime: 987234911 Nether: 30084232 Mansion: 10387319 Fossil: 14357921 Portal: 34222645
[19:24:06] [Server thread/INFO]: Tile Max Tick Time: 50ms Entity max Tick Time: 50ms
[19:24:06] [Server thread/INFO]: Max TNT Explosions: 100
[19:24:06] [Server thread/INFO]: Zombie Aggressive Towards Villager: true
[19:24:06] [Server thread/INFO]: -------- World Settings For [world_nether] --------
[19:24:06] [Server thread/INFO]: Arrow Despawn Rate: 1200 Trident Respawn Rate:1200
[19:24:06] [Server thread/INFO]: Allow Zombie Pigmen to spawn from portal blocks: true
[19:24:06] [Server thread/INFO]: Item Despawn Rate: 6000
[19:24:06] [Server thread/INFO]: Item Merge Radius: 2.5
[19:24:06] [Server thread/INFO]: View Distance: 10
[19:24:06] [Server thread/INFO]: Simulation Distance: 10
[19:24:06] [Server thread/INFO]: Nerfing mobs spawned from spawners: false
[19:24:06] [Server thread/INFO]: Experience Merge Radius: 3.0
[19:24:06] [Server thread/INFO]: Mob Spawn Range: 6
[19:24:06] [Server thread/INFO]: Cactus Growth Modifier: 100%
[19:24:06] [Server thread/INFO]: Cane Growth Modifier: 100%
[19:24:06] [Server thread/INFO]: Melon Growth Modifier: 100%
[19:24:06] [Server thread/INFO]: Mushroom Growth Modifier: 100%
[19:24:06] [Server thread/INFO]: Pumpkin Growth Modifier: 100%
[19:24:06] [Server thread/INFO]: Sapling Growth Modifier: 100%
[19:24:06] [Server thread/INFO]: Beetroot Growth Modifier: 100%
[19:24:06] [Server thread/INFO]: Carrot Growth Modifier: 100%
[19:24:06] [Server thread/INFO]: Potato Growth Modifier: 100%
[19:24:06] [Server thread/INFO]: Wheat Growth Modifier: 100%
[19:24:06] [Server thread/INFO]: NetherWart Growth Modifier: 100%
[19:24:06] [Server thread/INFO]: Vine Growth Modifier: 100%
[19:24:06] [Server thread/INFO]: Cocoa Growth Modifier: 100%
[19:24:06] [Server thread/INFO]: Bamboo Growth Modifier: 100%
[19:24:06] [Server thread/INFO]: SweetBerry Growth Modifier: 100%
[19:24:06] [Server thread/INFO]: Kelp Growth Modifier: 100%
[19:24:06] [Server thread/INFO]: Entity Activation Range: An 32 / Mo 32 / Ra 48 / Mi 16 / Tiv true / Isa false
[19:24:06] [Server thread/INFO]: Entity Tracking Range: Pl 48 / An 48 / Mo 48 / Mi 32 / Other 64
[19:24:06] [Server thread/INFO]: Hopper Transfer: 8 Hopper Check: 1 Hopper Amount: 1
[19:24:06] [Server thread/INFO]: Custom Map Seeds:  Village: 10387312 Desert: 14357617 Igloo: 14357618 Jungle: 14357619 Swamp: 14357620 Monument: 10387313 Ocean: 14357621 Shipwreck: 165745295 End City: 10387313 Slime: 987234911 Nether: 30084232 Mansion: 10387319 Fossil: 14357921 Portal: 34222645
[19:24:06] [Server thread/INFO]: Tile Max Tick Time: 50ms Entity max Tick Time: 50ms
[19:24:06] [Server thread/INFO]: Max TNT Explosions: 100
[19:24:06] [Server thread/INFO]: Zombie Aggressive Towards Villager: true
[19:24:06] [Server thread/INFO]: -------- World Settings For [world_the_end] --------
[19:24:06] [Server thread/INFO]: Arrow Despawn Rate: 1200 Trident Respawn Rate:1200
[19:24:06] [Server thread/INFO]: Allow Zombie Pigmen to spawn from portal blocks: true
[19:24:06] [Server thread/INFO]: Item Despawn Rate: 6000
[19:24:06] [Server thread/INFO]: Item Merge Radius: 2.5
[19:24:06] [Server thread/INFO]: View Distance: 10
[19:24:06] [Server thread/INFO]: Simulation Distance: 10
[19:24:06] [Server thread/INFO]: Nerfing mobs spawned from spawners: false
[19:24:06] [Server thread/INFO]: Experience Merge Radius: 3.0
[19:24:06] [Server thread/INFO]: Mob Spawn Range: 6
[19:24:06] [Server thread/INFO]: Cactus Growth Modifier: 100%
[19:24:06] [Server thread/INFO]: Cane Growth Modifier: 100%
[19:24:06] [Server thread/INFO]: Melon Growth Modifier: 100%
[19:24:06] [Server thread/INFO]: Mushroom Growth Modifier: 100%
[19:24:06] [Server thread/INFO]: Pumpkin Growth Modifier: 100%
[19:24:06] [Server thread/INFO]: Sapling Growth Modifier: 100%
[19:24:06] [Server thread/INFO]: Beetroot Growth Modifier: 100%
[19:24:06] [Server thread/INFO]: Carrot Growth Modifier: 100%
[19:24:06] [Server thread/INFO]: Potato Growth Modifier: 100%
[19:24:06] [Server thread/INFO]: Wheat Growth Modifier: 100%
[19:24:06] [Server thread/INFO]: NetherWart Growth Modifier: 100%
[19:24:06] [Server thread/INFO]: Vine Growth Modifier: 100%
[19:24:06] [Server thread/INFO]: Cocoa Growth Modifier: 100%
[19:24:06] [Server thread/INFO]: Bamboo Growth Modifier: 100%
[19:24:06] [Server thread/INFO]: SweetBerry Growth Modifier: 100%
[19:24:06] [Server thread/INFO]: Kelp Growth Modifier: 100%
[19:24:06] [Server thread/INFO]: Entity Activation Range: An 32 / Mo 32 / Ra 48 / Mi 16 / Tiv true / Isa false
[19:24:06] [Server thread/INFO]: Entity Tracking Range: Pl 48 / An 48 / Mo 48 / Mi 32 / Other 64
[19:24:06] [Server thread/INFO]: Hopper Transfer: 8 Hopper Check: 1 Hopper Amount: 1
[19:24:06] [Server thread/INFO]: Custom Map Seeds:  Village: 10387312 Desert: 14357617 Igloo: 14357618 Jungle: 14357619 Swamp: 14357620 Monument: 10387313 Ocean: 14357621 Shipwreck: 165745295 End City: 10387313 Slime: 987234911 Nether: 30084232 Mansion: 10387319 Fossil: 14357921 Portal: 34222645
[19:24:06] [Server thread/INFO]: Tile Max Tick Time: 50ms Entity max Tick Time: 50ms
[19:24:06] [Server thread/INFO]: Max TNT Explosions: 100
[19:24:06] [Server thread/INFO]: Zombie Aggressive Towards Villager: true
[19:24:06] [Server thread/INFO]: Preparing start region for dimension minecraft:overworld
[19:24:08] [Worker-Main-21/INFO]: Preparing spawn area: 0%
[19:24:08] [Worker-Main-18/INFO]: Preparing spawn area: 0%
[19:24:08] [Worker-Main-18/INFO]: Preparing spawn area: 0%
[19:24:08] [Worker-Main-18/INFO]: Preparing spawn area: 0%
[19:24:08] [Worker-Main-17/INFO]: Preparing spawn area: 0%
[19:24:09] [Worker-Main-21/INFO]: Preparing spawn area: 0%
[19:24:09] [Worker-Main-20/INFO]: Preparing spawn area: 0%
[19:24:10] [Worker-Main-19/INFO]: Preparing spawn area: 0%
[19:24:10] [Worker-Main-22/INFO]: Preparing spawn area: 4%
[19:24:11] [Worker-Main-18/INFO]: Preparing spawn area: 6%
[19:24:11] [Worker-Main-17/INFO]: Preparing spawn area: 23%
[19:24:12] [Worker-Main-17/INFO]: Preparing spawn area: 52%
[19:24:12] [Server thread/INFO]: Time elapsed: 6183 ms
[19:24:12] [Server thread/INFO]: Preparing start region for dimension minecraft:the_nether
[19:24:13] [Worker-Main-20/INFO]: Preparing spawn area: 0%
[19:24:13] [Worker-Main-15/INFO]: Preparing spawn area: 0%
[19:24:13] [Worker-Main-17/INFO]: Preparing spawn area: 0%
[19:24:14] [Worker-Main-21/INFO]: Preparing spawn area: 0%
[19:24:14] [Worker-Main-21/INFO]: Preparing spawn area: 14%
[19:24:15] [Worker-Main-21/INFO]: Preparing spawn area: 51%
[19:24:15] [Worker-Main-13/INFO]: Preparing spawn area: 96%
[19:24:15] [Server thread/INFO]: Time elapsed: 3044 ms
[19:24:15] [Server thread/INFO]: Preparing start region for dimension minecraft:the_end
[19:24:16] [Worker-Main-13/INFO]: Preparing spawn area: 0%
[19:24:16] [Worker-Main-18/INFO]: Preparing spawn area: 0%
[19:24:16] [Worker-Main-19/INFO]: Preparing spawn area: 0%
[19:24:17] [Worker-Main-20/INFO]: Preparing spawn area: 10%
[19:24:17] [Worker-Main-16/INFO]: Preparing spawn area: 61%
[19:24:18] [Server thread/INFO]: Time elapsed: 2375 ms
[19:24:18] [Server thread/INFO]: [PlaceholderAPI] Enabling PlaceholderAPI v2.11.3
[19:24:18] [Server thread/INFO]: [PlaceholderAPI] Fetching available expansion information...
[19:24:18] [Server thread/INFO]: [CMILib] Enabling CMILib v1.2.5.5
[19:24:19] [Server thread/INFO]: [0;36;22mServer version: v1_18_R2 - 1.18.2 - spigot[m
[19:24:21] [Server thread/INFO]: [PlaceholderAPI] Successfully registered expansion: cmil [1.2.5.5]
[19:24:21] [Server thread/INFO]: PlaceholderAPI hooked.[m
[19:24:21] [Server thread/INFO]: Updated (EN) language file. Took [0;33;22m66ms[m
[19:24:21] [Server thread/INFO]: [Jobs] Enabling Jobs v5.1.3.0
[19:24:21] [Server thread/INFO]: [0;33;22m------------- [0;32;22mJobs [0;33;22m-------------[m
[19:24:21] [Server thread/INFO]: [PlaceholderAPI] Successfully registered expansion: jobsr [5.1.3.0]
[19:24:21] [Server thread/INFO]: [0;33;22mPlaceholderAPI [0;33;1mhooked.[m
[19:24:21] [Server thread/INFO]: [0;33;1mConnected to database ([0;33;22mSqLite[0;33;1m)[m
[19:24:22] [Server thread/INFO]: [0;33;1mLoaded [0;33;22m10 [0;33;1mtitles[m
[19:24:22] [Server thread/INFO]: [0;33;1mLoaded [0;33;22m119 [0;33;1mprotected blocks timers[m
[19:24:22] [Server thread/INFO]: [0;33;1mLoaded [0;33;22m1229 [0;33;1mcustom item names[m
[19:24:22] [Server thread/INFO]: [0;33;1mLoaded [0;33;22m75 [0;33;1mcustom entity names[m
[19:24:22] [Server thread/INFO]: [0;33;1mLoaded [0;33;22m2 [0;33;1mcustom MythicMobs names[m
[19:24:22] [Server thread/INFO]: [0;33;1mLoaded [0;33;22m38 [0;33;1mcustom enchant names[m
[19:24:22] [Server thread/INFO]: [0;33;1mLoaded [0;33;22m21 [0;33;1mcustom enchant names[m
[19:24:22] [Server thread/INFO]: [0;33;1mLoaded [0;33;22m16 [0;33;1mcustom color names[m
[19:24:22] [Server thread/WARN]: [Jobs] Job Hunter Job has an invalid Kill type property: ALLAY!
[19:24:22] [Server thread/WARN]: [Jobs] Job Hunter Job has an invalid Kill type property: FROG!
[19:24:22] [Server thread/WARN]: [Jobs] Job Hunter Job has an invalid Kill type property: TADPOLE!
[19:24:22] [Server thread/WARN]: [Jobs] Job Hunter Job has an invalid Kill type property: WARDEN!
[19:24:22] [Server thread/WARN]: [Jobs] Job Builder Job has an invalid Place type property: MANGROVE_LOG!
[19:24:22] [Server thread/WARN]: [Jobs] Job Builder Job has an invalid Place type property: MANGROVE_PLANKS!
[19:24:22] [Server thread/WARN]: [Jobs] Job Builder Job has an invalid Place type property: MANGROVE_ROOTS!
[19:24:22] [Server thread/WARN]: [Jobs] Job Builder Job has an invalid Place type property: MANGROVE_SLAB!
[19:24:22] [Server thread/WARN]: [Jobs] Job Builder Job has an invalid Place type property: MANGROVE_STAIRS!
[19:24:22] [Server thread/WARN]: [Jobs] Job Builder Job has an invalid Place type property: MANGROVE_WOOD!
[19:24:22] [Server thread/WARN]: [Jobs] Job Builder Job has an invalid Place type property: MUD!
[19:24:22] [Server thread/WARN]: [Jobs] Job Builder Job has an invalid Place type property: MUD_BRICK_SLAB!
[19:24:22] [Server thread/WARN]: [Jobs] Job Builder Job has an invalid Place type property: MUD_BRICK_STAIRS!
[19:24:22] [Server thread/WARN]: [Jobs] Job Builder Job has an invalid Place type property: MUD_BRICKS!
[19:24:22] [Server thread/WARN]: [Jobs] Job Builder Job has an invalid Place type property: MUDDY_MANGROVE_ROOTS!
[19:24:22] [Server thread/WARN]: [Jobs] Job Builder Job has an invalid Place type property: OCHRE_FROGLIGHT!
[19:24:22] [Server thread/WARN]: [Jobs] Job Builder Job has an invalid Place type property: PACKED_MUD!
[19:24:22] [Server thread/WARN]: [Jobs] Job Builder Job has an invalid Place type property: PEARLESCENT_FROGLIGHT!
[19:24:22] [Server thread/WARN]: [Jobs] Job Builder Job has an invalid Place type property: SCULK!
[19:24:22] [Server thread/WARN]: [Jobs] Job Builder Job has an invalid Place type property: STRIPPED_MANGROVE_LOG!
[19:24:22] [Server thread/WARN]: [Jobs] Job Builder Job has an invalid Place type property: STRIPPED_MANGROVE_WOOD!
[19:24:22] [Server thread/WARN]: [Jobs] Job Builder Job has an invalid Place type property: VERDANT_FROGLIGHT!
[19:24:22] [Server thread/WARN]: [Jobs] Job Trader Job has an invalid VTrade type property: MANGROVE_PROPAGULE!
[19:24:22] [Server thread/WARN]: [Jobs] Job Fisherman Job has an invalid Break type property: FROGSPAWN!
[19:24:22] [Server thread/WARN]: [Jobs] Job Fisherman Job has an invalid Kill type property: TADPOLE!
[19:24:22] [Server thread/WARN]: [Jobs] Job Fisherman Job has an invalid Kill type property: FROG!
[19:24:22] [Server thread/WARN]: [Jobs] Job Woodcutter Job has an invalid Break type property: MANGROVE_LOG!
[19:24:22] [Server thread/WARN]: [Jobs] Job Woodcutter Job has an invalid Break type property: MANGROVE_ROOTS!
[19:24:22] [Server thread/WARN]: [Jobs] Job Woodcutter Job has an invalid Break type property: MANGROVE_WOOD!
[19:24:22] [Server thread/WARN]: [Jobs] Job Woodcutter Job has an invalid StripLogs type property: STRIPPED_MANGROVE_LOG!
[19:24:22] [Server thread/WARN]: [Jobs] Job Woodcutter Job has an invalid Craft type property: MANGROVE_WOOD!
[19:24:22] [Server thread/WARN]: [Jobs] Job Miner Job has an invalid Break type property: REINFORCED_DEEPSLATE!
[19:24:22] [Server thread/WARN]: [Jobs] Job Miner Job has an invalid Break type property: SCULK!
[19:24:22] [Server thread/WARN]: [Jobs] Job Miner Job has an invalid Break type property: SCULK_CATALYST!
[19:24:22] [Server thread/WARN]: [Jobs] Job Miner Job has an invalid Break type property: SCULK_SHRIEKER!
[19:24:22] [Server thread/WARN]: [Jobs] Job Engineer Job has an invalid Craft type property: MANGROVE_PRESSURE_PLATE!
[19:24:22] [Server thread/WARN]: [Jobs] Job Engineer Job has an invalid Craft type property: MANGROVE_BUTTON!
[19:24:22] [Server thread/WARN]: [Jobs] Job Florist Job has an invalid Break type property: POTTED_MANGROVE_PROPAGULE!
[19:24:22] [Server thread/WARN]: [Jobs] Job Tamer Job has an invalid Breed type property: FROG!
[19:24:23] [Server thread/WARN]: [Jobs] Job Farmer Job has an invalid Break type property: MANGROVE_LEAVES!
[19:24:23] [Server thread/WARN]: [Jobs] Job Farmer Job has an invalid Break type property: MANGROVE_PROPAGULE!
[19:24:23] [Server thread/WARN]: [Jobs] Job Crafter Job has an invalid Craft type property: ACACIA_CHEST_BOAT!
[19:24:23] [Server thread/WARN]: [Jobs] Job Crafter Job has an invalid Craft type property: BIRCH_CHEST_BOAT!
[19:24:23] [Server thread/WARN]: [Jobs] Job Crafter Job has an invalid Craft type property: DARK_OAK_CHEST_BOAT!
[19:24:23] [Server thread/WARN]: [Jobs] Job Crafter Job has an invalid Craft type property: JUNGLE_CHEST_BOAT!
[19:24:23] [Server thread/WARN]: [Jobs] Job Crafter Job has an invalid Craft type property: MANGROVE_BOAT!
[19:24:23] [Server thread/WARN]: [Jobs] Job Crafter Job has an invalid Craft type property: MANGROVE_BUTTON!
[19:24:23] [Server thread/WARN]: [Jobs] Job Crafter Job has an invalid Craft type property: MANGROVE_CHEST_BOAT!
[19:24:23] [Server thread/WARN]: [Jobs] Job Crafter Job has an invalid Craft type property: MANGROVE_DOOR!
[19:24:23] [Server thread/WARN]: [Jobs] Job Crafter Job has an invalid Craft type property: MANGROVE_FENCE!
[19:24:23] [Server thread/WARN]: [Jobs] Job Crafter Job has an invalid Craft type property: MANGROVE_FENCE_GATE!
[19:24:23] [Server thread/WARN]: [Jobs] Job Crafter Job has an invalid Craft type property: MANGROVE_PRESSURE_PLATE!
[19:24:23] [Server thread/WARN]: [Jobs] Job Crafter Job has an invalid Craft type property: MANGROVE_SIGN!
[19:24:23] [Server thread/WARN]: [Jobs] Job Crafter Job has an invalid Craft type property: MANGROVE_SLAB!
[19:24:23] [Server thread/WARN]: [Jobs] Job Crafter Job has an invalid Craft type property: MANGROVE_STAIRS!
[19:24:23] [Server thread/WARN]: [Jobs] Job Crafter Job has an invalid Craft type property: MANGROVE_TRAPDOOR!
[19:24:23] [Server thread/WARN]: [Jobs] Job Crafter Job has an invalid Craft type property: MUD_BRICK_SLAB!
[19:24:23] [Server thread/WARN]: [Jobs] Job Crafter Job has an invalid Craft type property: MUD_BRICK_STAIRS!
[19:24:23] [Server thread/WARN]: [Jobs] Job Crafter Job has an invalid Craft type property: MUD_BRICK_WALL!
[19:24:23] [Server thread/WARN]: [Jobs] Job Crafter Job has an invalid Craft type property: MUD_BRICKS!
[19:24:23] [Server thread/WARN]: [Jobs] Job Crafter Job has an invalid Craft type property: MUSIC_DISC_5!
[19:24:23] [Server thread/WARN]: [Jobs] Job Crafter Job has an invalid Craft type property: OAK_CHEST_BOAT!
[19:24:23] [Server thread/WARN]: [Jobs] Job Crafter Job has an invalid Craft type property: RECOVERY_COMPASS!
[19:24:23] [Server thread/WARN]: [Jobs] Job Crafter Job has an invalid Craft type property: SPRUCE_CHEST_BOAT!
[19:24:23] [Server thread/WARN]: [Jobs] Job Digger Job has an invalid Break type property: MUD!
[19:24:23] [Server thread/WARN]: [Jobs] Job Digger Job has an invalid Break type property: MUDDY_MANGROVE_ROOTS!
[19:24:23] [Server thread/INFO]: [0;33;1mLoaded [0;33;22m19 [0;33;1mjobs[m
[19:24:23] [Server thread/INFO]: [0;33;1mLoaded [0;33;22m0 [0;33;1mboosted items[m
[19:24:23] [Jobs-DatabaseSaveTask/INFO]: [0;33;1mStarted database save task.[m
[19:24:23] [Jobs-BufferedPaymentThread/INFO]: [0;33;1mStarted buffered payment thread.[m
[19:24:23] [Server thread/INFO]: [0;33;1mLoading explorer data[m
[19:24:23] [Server thread/INFO]: [0;33;1mLoaded explorer data  in 0 ms[m
[19:24:23] [Server thread/INFO]: [0;33;1mPlugin has been enabled successfully.[m
[19:24:23] [Server thread/INFO]: [0;33;22m------------------------------------[m
[19:24:23] [Server thread/INFO]: [DeluxeMenus] Enabling DeluxeMenus v1.13.7-Release
[19:24:23] [Server thread/INFO]: [DeluxeMenus] Successfully hooked into PlaceholderAPI!
[19:24:27] [Server thread/INFO]: [DeluxeMenus] 116 GUI menus loaded!
[19:24:27] [Server thread/INFO]: [DeluxeMenus] You are running the latest version of DeluxeMenus!
[19:24:27] [Server thread/INFO]: [PlaceholderAPI] Successfully registered expansion: deluxemenus [1.13.7-Release]
[19:24:27] [Server thread/INFO]: Server permissions file permissions.yml is empty, ignoring it
[19:24:27] [Server thread/INFO]: [PlaceholderAPI] Placeholder expansion registration initializing...
[19:24:27] [Server thread/INFO]: Done (21.787s)! For help, type "help"
[19:24:27] [Server thread/ERROR]: [Jobs] ==================== Jobs ====================
[19:24:27] [Server thread/ERROR]: [Jobs] Vault detected but economy plugin still missing!
[19:24:27] [Server thread/ERROR]: [Jobs] Please install Vault supporting economy plugin!
[19:24:27] [Server thread/ERROR]: [Jobs] ==============================================
[19:24:27] [Server thread/INFO]: [0;33;22m0 placeholder hook(s) registered![m
[19:24:27] [Craft Scheduler Thread - 17/INFO]: [Vault] Checking for Updates ... 
[19:24:27] [Craft Scheduler Thread - 17/INFO]: [Vault] No new version available
[19:24:28] [Server thread/INFO]: Downloaded Locale_TR.yml file[m
[19:24:28] [Server thread/INFO]: Downloaded Locale_DE.yml file[m
[19:24:28] [Server thread/INFO]: Downloaded Locale_FR.yml file[m
[19:24:28] [Server thread/INFO]: Downloaded Locale_SL.yml file[m
[19:24:28] [Server thread/INFO]: Downloaded Locale_IT.yml file[m
[19:24:28] [Server thread/INFO]: Downloaded Locale_PL.yml file[m
[19:24:28] [Server thread/INFO]: Downloaded Locale_LT.yml file[m
[19:24:28] [Server thread/INFO]: Downloaded Locale_CZ.yml file[m
[19:24:28] [Server thread/INFO]: Updated (EN) language file. Took [0;33;22m78ms[m
[19:24:28] [Server thread/INFO]: Downloaded Locale_ZH.yml file[m
[19:24:28] [Server thread/INFO]: Downloaded Locale_NO.yml file[m
[19:24:28] [Server thread/INFO]: Downloaded Locale_SK.yml file[m
[19:24:28] [Server thread/INFO]: Downloaded Locale_CN.yml file[m
[19:24:28] [Server thread/INFO]: Downloaded Locale_RU.yml file[m
[19:24:28] [Server thread/INFO]: Downloaded Locale_ES.yml file[m
[19:24:57] [User Authenticator #1/INFO]: UUID of player Telmiyo is 0772a00a-7da6-4054-9836-2c8071a10b5e
[19:24:57] [Server thread/INFO]: Telmiyo[/127.0.0.1:65309] logged in with entity id 94 at ([world]437.2276144957801, 71.0, 470.02881786990963)
[19:25:18] [Worker-Main-13/ERROR]: Caught exception in thread Thread[Worker-Main-13,5,main]
java.lang.IllegalArgumentException: Name and ID cannot both be blank
	at com.mojang.authlib.GameProfile.<init>(GameProfile.java:26) ~[authlib-3.3.39.jar:?]
	at com.mojang.authlib.yggdrasil.YggdrasilMinecraftSessionService.fillGameProfile(YggdrasilMinecraftSessionService.java:200) ~[authlib-3.3.39.jar:?]
	at com.mojang.authlib.yggdrasil.YggdrasilMinecraftSessionService.fillProfileProperties(YggdrasilMinecraftSessionService.java:187) ~[authlib-3.3.39.jar:?]
	at net.minecraft.world.level.block.entity.TileEntitySkull.c(SourceFile:141) ~[spigot-1.18.2-R0.1-SNAPSHOT.jar:3498-Spigot-b081915-10ba1be]
	at net.minecraft.SystemUtils.a(SourceFile:493) ~[spigot-1.18.2-R0.1-SNAPSHOT.jar:3498-Spigot-b081915-10ba1be]
	at net.minecraft.world.level.block.entity.TileEntitySkull.a(SourceFile:136) ~[spigot-1.18.2-R0.1-SNAPSHOT.jar:3498-Spigot-b081915-10ba1be]
	at java.util.concurrent.ForkJoinTask$RunnableExecuteAction.exec(ForkJoinTask.java:1395) [?:?]
	at java.util.concurrent.ForkJoinTask.doExec(ForkJoinTask.java:373) [?:?]
	at java.util.concurrent.ForkJoinPool$WorkQueue.topLevelExec(ForkJoinPool.java:1182) [?:?]
	at java.util.concurrent.ForkJoinPool.scan(ForkJoinPool.java:1655) [?:?]
	at java.util.concurrent.ForkJoinPool.runWorker(ForkJoinPool.java:1622) [?:?]
	at java.util.concurrent.ForkJoinWorkerThread.run(ForkJoinWorkerThread.java:165) [?:?]
[19:25:18] [Worker-Main-12/ERROR]: Caught exception in thread Thread[Worker-Main-12,5,main]
java.lang.IllegalArgumentException: Name and ID cannot both be blank
	at com.mojang.authlib.GameProfile.<init>(GameProfile.java:26) ~[authlib-3.3.39.jar:?]
	at com.mojang.authlib.yggdrasil.YggdrasilMinecraftSessionService.fillGameProfile(YggdrasilMinecraftSessionService.java:200) ~[authlib-3.3.39.jar:?]
	at com.mojang.authlib.yggdrasil.YggdrasilMinecraftSessionService.fillProfileProperties(YggdrasilMinecraftSessionService.java:187) ~[authlib-3.3.39.jar:?]
	at net.minecraft.world.level.block.entity.TileEntitySkull.c(SourceFile:141) ~[spigot-1.18.2-R0.1-SNAPSHOT.jar:3498-Spigot-b081915-10ba1be]
	at net.minecraft.SystemUtils.a(SourceFile:493) ~[spigot-1.18.2-R0.1-SNAPSHOT.jar:3498-Spigot-b081915-10ba1be]
	at net.minecraft.world.level.block.entity.TileEntitySkull.a(SourceFile:136) ~[spigot-1.18.2-R0.1-SNAPSHOT.jar:3498-Spigot-b081915-10ba1be]
	at java.util.concurrent.ForkJoinTask$RunnableExecuteAction.exec(ForkJoinTask.java:1395) [?:?]
	at java.util.concurrent.ForkJoinTask.doExec(ForkJoinTask.java:373) [?:?]
	at java.util.concurrent.ForkJoinPool$WorkQueue.topLevelExec(ForkJoinPool.java:1182) [?:?]
	at java.util.concurrent.ForkJoinPool.scan(ForkJoinPool.java:1655) [?:?]
	at java.util.concurrent.ForkJoinPool.runWorker(ForkJoinPool.java:1622) [?:?]
	at java.util.concurrent.ForkJoinWorkerThread.run(ForkJoinWorkerThread.java:165) [?:?]
[19:25:21] [Server thread/INFO]: Invalid name or UUID
[19:25:21] [Server thread/INFO]: ...or player %player_name% %player_x% %player_y% %player_z%<--[HERE]
[19:27:16] [Server thread/INFO]: Unknown command. Type "/help" for help.[m
[19:27:16] [Server thread/INFO]: Unknown command. Type "/help" for help.[m
[19:27:21] [Worker-Main-12/ERROR]: Caught exception in thread Thread[Worker-Main-12,5,main]
java.lang.IllegalArgumentException: Name and ID cannot both be blank
	at com.mojang.authlib.GameProfile.<init>(GameProfile.java:26) ~[authlib-3.3.39.jar:?]
	at com.mojang.authlib.yggdrasil.YggdrasilMinecraftSessionService.fillGameProfile(YggdrasilMinecraftSessionService.java:200) ~[authlib-3.3.39.jar:?]
	at com.mojang.authlib.yggdrasil.YggdrasilMinecraftSessionService.fillProfileProperties(YggdrasilMinecraftSessionService.java:187) ~[authlib-3.3.39.jar:?]
	at net.minecraft.world.level.block.entity.TileEntitySkull.c(SourceFile:141) ~[spigot-1.18.2-R0.1-SNAPSHOT.jar:3498-Spigot-b081915-10ba1be]
	at net.minecraft.SystemUtils.a(SourceFile:493) ~[spigot-1.18.2-R0.1-SNAPSHOT.jar:3498-Spigot-b081915-10ba1be]
	at net.minecraft.world.level.block.entity.TileEntitySkull.a(SourceFile:136) ~[spigot-1.18.2-R0.1-SNAPSHOT.jar:3498-Spigot-b081915-10ba1be]
	at java.util.concurrent.ForkJoinTask$RunnableExecuteAction.exec(ForkJoinTask.java:1395) [?:?]
	at java.util.concurrent.ForkJoinTask.doExec(ForkJoinTask.java:373) [?:?]
	at java.util.concurrent.ForkJoinPool$WorkQueue.topLevelExec(ForkJoinPool.java:1182) [?:?]
	at java.util.concurrent.ForkJoinPool.scan(ForkJoinPool.java:1655) [?:?]
	at java.util.concurrent.ForkJoinPool.runWorker(ForkJoinPool.java:1622) [?:?]
	at java.util.concurrent.ForkJoinWorkerThread.run(ForkJoinWorkerThread.java:165) [?:?]
[19:28:09] [Server thread/INFO]: Telmiyo issued server command: /papi reload
[19:28:09] [Server thread/INFO]: [PlaceholderAPI] Placeholder expansion registration initializing...
[19:28:09] [Server thread/INFO]: [PlaceholderAPI] Fetching available expansion information...
[19:28:12] [Jobs-DatabaseSaveTask/INFO]: [0;33;1mDatabase save task shutdown![m
[19:28:12] [Jobs-BufferedPaymentThread/INFO]: [0;33;1mBuffered payment thread shutdown.[m
[19:28:12] [Server thread/INFO]: [0;33;1mClosing existing database connection...[m
[19:28:12] [Server thread/INFO]: [0;33;1mClosed[m
[19:28:12] [Server thread/INFO]: [0;33;1mConnected to database ([0;33;22mSqLite[0;33;1m)[m
[19:28:12] [Server thread/INFO]: [0;33;1mLoaded [0;33;22m10 [0;33;1mtitles[m
[19:28:12] [Server thread/INFO]: [0;33;1mLoaded [0;33;22m119 [0;33;1mprotected blocks timers[m
[19:28:13] [Server thread/INFO]: [0;33;1mLoaded [0;33;22m1229 [0;33;1mcustom item names[m
[19:28:13] [Server thread/INFO]: [0;33;1mLoaded [0;33;22m75 [0;33;1mcustom entity names[m
[19:28:13] [Server thread/INFO]: [0;33;1mLoaded [0;33;22m2 [0;33;1mcustom MythicMobs names[m
[19:28:13] [Server thread/INFO]: [0;33;1mLoaded [0;33;22m38 [0;33;1mcustom enchant names[m
[19:28:13] [Server thread/INFO]: [0;33;1mLoaded [0;33;22m21 [0;33;1mcustom enchant names[m
[19:28:13] [Server thread/INFO]: [0;33;1mLoaded [0;33;22m16 [0;33;1mcustom color names[m
[19:28:13] [Server thread/WARN]: [Jobs] Job Fisherman Job has an invalid Break type property: FROGSPAWN!
[19:28:13] [Server thread/WARN]: [Jobs] Job Fisherman Job has an invalid Kill type property: TADPOLE!
[19:28:13] [Server thread/WARN]: [Jobs] Job Fisherman Job has an invalid Kill type property: FROG!
[19:28:13] [Server thread/WARN]: [Jobs] Job Builder Job has an invalid Place type property: MANGROVE_LOG!
[19:28:13] [Server thread/WARN]: [Jobs] Job Builder Job has an invalid Place type property: MANGROVE_PLANKS!
[19:28:13] [Server thread/WARN]: [Jobs] Job Builder Job has an invalid Place type property: MANGROVE_ROOTS!
[19:28:13] [Server thread/WARN]: [Jobs] Job Builder Job has an invalid Place type property: MANGROVE_SLAB!
[19:28:13] [Server thread/WARN]: [Jobs] Job Builder Job has an invalid Place type property: MANGROVE_STAIRS!
[19:28:13] [Server thread/WARN]: [Jobs] Job Builder Job has an invalid Place type property: MANGROVE_WOOD!
[19:28:13] [Server thread/WARN]: [Jobs] Job Builder Job has an invalid Place type property: MUD!
[19:28:13] [Server thread/WARN]: [Jobs] Job Builder Job has an invalid Place type property: MUD_BRICK_SLAB!
[19:28:13] [Server thread/WARN]: [Jobs] Job Builder Job has an invalid Place type property: MUD_BRICK_STAIRS!
[19:28:13] [Server thread/WARN]: [Jobs] Job Builder Job has an invalid Place type property: MUD_BRICKS!
[19:28:13] [Server thread/WARN]: [Jobs] Job Builder Job has an invalid Place type property: MUDDY_MANGROVE_ROOTS!
[19:28:13] [Server thread/WARN]: [Jobs] Job Builder Job has an invalid Place type property: OCHRE_FROGLIGHT!
[19:28:13] [Server thread/WARN]: [Jobs] Job Builder Job has an invalid Place type property: PACKED_MUD!
[19:28:13] [Server thread/WARN]: [Jobs] Job Builder Job has an invalid Place type property: PEARLESCENT_FROGLIGHT!
[19:28:13] [Server thread/WARN]: [Jobs] Job Builder Job has an invalid Place type property: SCULK!
[19:28:13] [Server thread/WARN]: [Jobs] Job Builder Job has an invalid Place type property: STRIPPED_MANGROVE_LOG!
[19:28:13] [Server thread/WARN]: [Jobs] Job Builder Job has an invalid Place type property: STRIPPED_MANGROVE_WOOD!
[19:28:13] [Server thread/WARN]: [Jobs] Job Builder Job has an invalid Place type property: VERDANT_FROGLIGHT!
[19:28:13] [Server thread/WARN]: [Jobs] Job Digger Job has an invalid Break type property: MUD!
[19:28:13] [Server thread/WARN]: [Jobs] Job Digger Job has an invalid Break type property: MUDDY_MANGROVE_ROOTS!
[19:28:13] [Server thread/WARN]: [Jobs] Job Crafter Job has an invalid Craft type property: ACACIA_CHEST_BOAT!
[19:28:13] [Server thread/WARN]: [Jobs] Job Crafter Job has an invalid Craft type property: BIRCH_CHEST_BOAT!
[19:28:13] [Server thread/WARN]: [Jobs] Job Crafter Job has an invalid Craft type property: DARK_OAK_CHEST_BOAT!
[19:28:13] [Server thread/WARN]: [Jobs] Job Crafter Job has an invalid Craft type property: JUNGLE_CHEST_BOAT!
[19:28:13] [Server thread/WARN]: [Jobs] Job Crafter Job has an invalid Craft type property: MANGROVE_BOAT!
[19:28:13] [Server thread/WARN]: [Jobs] Job Crafter Job has an invalid Craft type property: MANGROVE_BUTTON!
[19:28:13] [Server thread/WARN]: [Jobs] Job Crafter Job has an invalid Craft type property: MANGROVE_CHEST_BOAT!
[19:28:13] [Server thread/WARN]: [Jobs] Job Crafter Job has an invalid Craft type property: MANGROVE_DOOR!
[19:28:13] [Server thread/WARN]: [Jobs] Job Crafter Job has an invalid Craft type property: MANGROVE_FENCE!
[19:28:13] [Server thread/WARN]: [Jobs] Job Crafter Job has an invalid Craft type property: MANGROVE_FENCE_GATE!
[19:28:13] [Server thread/WARN]: [Jobs] Job Crafter Job has an invalid Craft type property: MANGROVE_PRESSURE_PLATE!
[19:28:13] [Server thread/WARN]: [Jobs] Job Crafter Job has an invalid Craft type property: MANGROVE_SIGN!
[19:28:13] [Server thread/WARN]: [Jobs] Job Crafter Job has an invalid Craft type property: MANGROVE_SLAB!
[19:28:13] [Server thread/WARN]: [Jobs] Job Crafter Job has an invalid Craft type property: MANGROVE_STAIRS!
[19:28:13] [Server thread/WARN]: [Jobs] Job Crafter Job has an invalid Craft type property: MANGROVE_TRAPDOOR!
[19:28:13] [Server thread/WARN]: [Jobs] Job Crafter Job has an invalid Craft type property: MUD_BRICK_SLAB!
[19:28:13] [Server thread/WARN]: [Jobs] Job Crafter Job has an invalid Craft type property: MUD_BRICK_STAIRS!
[19:28:13] [Server thread/WARN]: [Jobs] Job Crafter Job has an invalid Craft type property: MUD_BRICK_WALL!
[19:28:13] [Server thread/WARN]: [Jobs] Job Crafter Job has an invalid Craft type property: MUD_BRICKS!
[19:28:13] [Server thread/WARN]: [Jobs] Job Crafter Job has an invalid Craft type property: MUSIC_DISC_5!
[19:28:13] [Server thread/WARN]: [Jobs] Job Crafter Job has an invalid Craft type property: OAK_CHEST_BOAT!
[19:28:13] [Server thread/WARN]: [Jobs] Job Crafter Job has an invalid Craft type property: RECOVERY_COMPASS!
[19:28:13] [Server thread/WARN]: [Jobs] Job Crafter Job has an invalid Craft type property: SPRUCE_CHEST_BOAT!
[19:28:13] [Server thread/WARN]: [Jobs] Job Engineer Job has an invalid Craft type property: MANGROVE_PRESSURE_PLATE!
[19:28:13] [Server thread/WARN]: [Jobs] Job Engineer Job has an invalid Craft type property: MANGROVE_BUTTON!
[19:28:13] [Server thread/WARN]: [Jobs] Job Woodcutter Job has an invalid Break type property: MANGROVE_LOG!
[19:28:13] [Server thread/WARN]: [Jobs] Job Woodcutter Job has an invalid Break type property: MANGROVE_ROOTS!
[19:28:13] [Server thread/WARN]: [Jobs] Job Woodcutter Job has an invalid Break type property: MANGROVE_WOOD!
[19:28:13] [Server thread/WARN]: [Jobs] Job Woodcutter Job has an invalid StripLogs type property: STRIPPED_MANGROVE_LOG!
[19:28:13] [Server thread/WARN]: [Jobs] Job Woodcutter Job has an invalid Craft type property: MANGROVE_WOOD!
[19:28:13] [Server thread/WARN]: [Jobs] Job Farmer Job has an invalid Break type property: MANGROVE_LEAVES!
[19:28:13] [Server thread/WARN]: [Jobs] Job Farmer Job has an invalid Break type property: MANGROVE_PROPAGULE!
[19:28:13] [Server thread/WARN]: [Jobs] Job Miner Job has an invalid Break type property: REINFORCED_DEEPSLATE!
[19:28:13] [Server thread/WARN]: [Jobs] Job Miner Job has an invalid Break type property: SCULK!
[19:28:13] [Server thread/WARN]: [Jobs] Job Miner Job has an invalid Break type property: SCULK_CATALYST!
[19:28:13] [Server thread/WARN]: [Jobs] Job Miner Job has an invalid Break type property: SCULK_SHRIEKER!
[19:28:13] [Server thread/WARN]: [Jobs] Job Tamer Job has an invalid Breed type property: FROG!
[19:28:13] [Server thread/WARN]: [Jobs] Job Hunter Job has an invalid Kill type property: ALLAY!
[19:28:13] [Server thread/WARN]: [Jobs] Job Hunter Job has an invalid Kill type property: FROG!
[19:28:13] [Server thread/WARN]: [Jobs] Job Hunter Job has an invalid Kill type property: TADPOLE!
[19:28:13] [Server thread/WARN]: [Jobs] Job Hunter Job has an invalid Kill type property: WARDEN!
[19:28:13] [Server thread/WARN]: [Jobs] Job Trader Job has an invalid VTrade type property: MANGROVE_PROPAGULE!
[19:28:13] [Server thread/WARN]: [Jobs] Job Florist Job has an invalid Break type property: POTTED_MANGROVE_PROPAGULE!
[19:28:13] [Server thread/INFO]: [0;33;1mLoaded [0;33;22m19 [0;33;1mjobs[m
[19:28:13] [Server thread/INFO]: [0;33;1mLoaded [0;33;22m0 [0;33;1mboosted items[m
[19:28:13] [Jobs-DatabaseSaveTask/INFO]: [0;33;1mStarted database save task.[m
[19:28:13] [Jobs-BufferedPaymentThread/INFO]: [0;33;1mStarted buffered payment thread.[m
[19:28:24] [Server thread/INFO]: Telmiyo issued server command: /dm reload
[19:28:30] [Server thread/INFO]: Telmiyo issued server command: /papi reload
[19:28:30] [Server thread/INFO]: [PlaceholderAPI] Placeholder expansion registration initializing...
[19:28:30] [Server thread/INFO]: [PlaceholderAPI] Fetching available expansion information...
[19:28:36] [Worker-Main-17/ERROR]: Caught exception in thread Thread[Worker-Main-17,5,main]
java.lang.IllegalArgumentException: Name and ID cannot both be blank
	at com.mojang.authlib.GameProfile.<init>(GameProfile.java:26) ~[authlib-3.3.39.jar:?]
	at com.mojang.authlib.yggdrasil.YggdrasilMinecraftSessionService.fillGameProfile(YggdrasilMinecraftSessionService.java:200) ~[authlib-3.3.39.jar:?]
	at com.mojang.authlib.yggdrasil.YggdrasilMinecraftSessionService.fillProfileProperties(YggdrasilMinecraftSessionService.java:187) ~[authlib-3.3.39.jar:?]
	at net.minecraft.world.level.block.entity.TileEntitySkull.c(SourceFile:141) ~[spigot-1.18.2-R0.1-SNAPSHOT.jar:3498-Spigot-b081915-10ba1be]
	at net.minecraft.SystemUtils.a(SourceFile:493) ~[spigot-1.18.2-R0.1-SNAPSHOT.jar:3498-Spigot-b081915-10ba1be]
	at net.minecraft.world.level.block.entity.TileEntitySkull.a(SourceFile:136) ~[spigot-1.18.2-R0.1-SNAPSHOT.jar:3498-Spigot-b081915-10ba1be]
	at java.util.concurrent.ForkJoinTask$RunnableExecuteAction.exec(ForkJoinTask.java:1395) [?:?]
	at java.util.concurrent.ForkJoinTask.doExec(ForkJoinTask.java:373) [?:?]
	at java.util.concurrent.ForkJoinPool$WorkQueue.topLevelExec(ForkJoinPool.java:1182) [?:?]
	at java.util.concurrent.ForkJoinPool.scan(ForkJoinPool.java:1655) [?:?]
	at java.util.concurrent.ForkJoinPool.runWorker(ForkJoinPool.java:1622) [?:?]
	at java.util.concurrent.ForkJoinWorkerThread.run(ForkJoinWorkerThread.java:165) [?:?]
[19:28:41] [Server thread/INFO]: Invalid name or UUID
[19:28:41] [Server thread/INFO]: ...or player %player_name% %player_x% %player_y% %player_z%<--[HERE]
[19:28:42] [Server thread/INFO]: Invalid name or UUID
[19:28:42] [Server thread/INFO]: ...or player %player_name% %player_x% %player_y% %player_z%<--[HERE]
[19:28:42] [Server thread/INFO]: Invalid name or UUID
[19:28:42] [Server thread/INFO]: ...or player %player_name% %player_x% %player_y% %player_z%<--[HERE]
[19:28:42] [Server thread/INFO]: Invalid name or UUID
[19:28:42] [Server thread/INFO]: ...or player %player_name% %player_x% %player_y% %player_z%<--[HERE]
[19:28:42] [Server thread/INFO]: Invalid name or UUID
[19:28:42] [Server thread/INFO]: ...or player %player_name% %player_x% %player_y% %player_z%<--[HERE]
[19:28:42] [Server thread/INFO]: Invalid name or UUID
[19:28:42] [Server thread/INFO]: ...or player %player_name% %player_x% %player_y% %player_z%<--[HERE]
[19:28:42] [Server thread/INFO]: Invalid name or UUID
[19:28:42] [Server thread/INFO]: ...or player %player_name% %player_x% %player_y% %player_z%<--[HERE]
[19:28:43] [Server thread/INFO]: Invalid name or UUID
[19:28:43] [Server thread/INFO]: ...or player %player_name% %player_x% %player_y% %player_z%<--[HERE]
[19:28:43] [Server thread/INFO]: Invalid name or UUID
[19:28:43] [Server thread/INFO]: ...or player %player_name% %player_x% %player_y% %player_z%<--[HERE]
[19:28:43] [Server thread/INFO]: Invalid name or UUID
[19:28:43] [Server thread/INFO]: ...or player %player_name% %player_x% %player_y% %player_z%<--[HERE]
[19:28:43] [Server thread/INFO]: Invalid name or UUID
[19:28:43] [Server thread/INFO]: ...or player %player_name% %player_x% %player_y% %player_z%<--[HERE]
[19:32:17] [Worker-Main-20/ERROR]: Caught exception in thread Thread[Worker-Main-20,5,main]
java.lang.IllegalArgumentException: Name and ID cannot both be blank
	at com.mojang.authlib.GameProfile.<init>(GameProfile.java:26) ~[authlib-3.3.39.jar:?]
	at com.mojang.authlib.yggdrasil.YggdrasilMinecraftSessionService.fillGameProfile(YggdrasilMinecraftSessionService.java:200) ~[authlib-3.3.39.jar:?]
	at com.mojang.authlib.yggdrasil.YggdrasilMinecraftSessionService.fillProfileProperties(YggdrasilMinecraftSessionService.java:187) ~[authlib-3.3.39.jar:?]
	at net.minecraft.world.level.block.entity.TileEntitySkull.c(SourceFile:141) ~[spigot-1.18.2-R0.1-SNAPSHOT.jar:3498-Spigot-b081915-10ba1be]
	at net.minecraft.SystemUtils.a(SourceFile:493) ~[spigot-1.18.2-R0.1-SNAPSHOT.jar:3498-Spigot-b081915-10ba1be]
	at net.minecraft.world.level.block.entity.TileEntitySkull.a(SourceFile:136) ~[spigot-1.18.2-R0.1-SNAPSHOT.jar:3498-Spigot-b081915-10ba1be]
	at java.util.concurrent.ForkJoinTask$RunnableExecuteAction.exec(ForkJoinTask.java:1395) [?:?]
	at java.util.concurrent.ForkJoinTask.doExec(ForkJoinTask.java:373) [?:?]
	at java.util.concurrent.ForkJoinPool$WorkQueue.topLevelExec(ForkJoinPool.java:1182) [?:?]
	at java.util.concurrent.ForkJoinPool.scan(ForkJoinPool.java:1655) [?:?]
	at java.util.concurrent.ForkJoinPool.runWorker(ForkJoinPool.java:1622) [?:?]
	at java.util.concurrent.ForkJoinWorkerThread.run(ForkJoinWorkerThread.java:165) [?:?]
[19:32:18] [Server thread/INFO]: Invalid name or UUID
[19:32:18] [Server thread/INFO]: ...or player %player_name% %player_x% %player_y% %player_z%<--[HERE]
[19:32:19] [Server thread/INFO]: Invalid name or UUID
[19:32:19] [Server thread/INFO]: ...or player %player_name% %player_x% %player_y% %player_z%<--[HERE]
[19:32:20] [Worker-Main-21/ERROR]: Caught exception in thread Thread[Worker-Main-21,5,main]
java.lang.IllegalArgumentException: Name and ID cannot both be blank
	at com.mojang.authlib.GameProfile.<init>(GameProfile.java:26) ~[authlib-3.3.39.jar:?]
	at com.mojang.authlib.yggdrasil.YggdrasilMinecraftSessionService.fillGameProfile(YggdrasilMinecraftSessionService.java:200) ~[authlib-3.3.39.jar:?]
	at com.mojang.authlib.yggdrasil.YggdrasilMinecraftSessionService.fillProfileProperties(YggdrasilMinecraftSessionService.java:187) ~[authlib-3.3.39.jar:?]
	at net.minecraft.world.level.block.entity.TileEntitySkull.c(SourceFile:141) ~[spigot-1.18.2-R0.1-SNAPSHOT.jar:3498-Spigot-b081915-10ba1be]
	at net.minecraft.SystemUtils.a(SourceFile:493) ~[spigot-1.18.2-R0.1-SNAPSHOT.jar:3498-Spigot-b081915-10ba1be]
	at net.minecraft.world.level.block.entity.TileEntitySkull.a(SourceFile:136) ~[spigot-1.18.2-R0.1-SNAPSHOT.jar:3498-Spigot-b081915-10ba1be]
	at java.util.concurrent.ForkJoinTask$RunnableExecuteAction.exec(ForkJoinTask.java:1395) [?:?]
	at java.util.concurrent.ForkJoinTask.doExec(ForkJoinTask.java:373) [?:?]
	at java.util.concurrent.ForkJoinPool$WorkQueue.topLevelExec(ForkJoinPool.java:1182) [?:?]
	at java.util.concurrent.ForkJoinPool.scan(ForkJoinPool.java:1655) [?:?]
	at java.util.concurrent.ForkJoinPool.runWorker(ForkJoinPool.java:1622) [?:?]
	at java.util.concurrent.ForkJoinWorkerThread.run(ForkJoinWorkerThread.java:165) [?:?]
[19:32:21] [Worker-Main-13/ERROR]: Caught exception in thread Thread[Worker-Main-13,5,main]
java.lang.IllegalArgumentException: Name and ID cannot both be blank
	at com.mojang.authlib.GameProfile.<init>(GameProfile.java:26) ~[authlib-3.3.39.jar:?]
	at com.mojang.authlib.yggdrasil.YggdrasilMinecraftSessionService.fillGameProfile(YggdrasilMinecraftSessionService.java:200) ~[authlib-3.3.39.jar:?]
	at com.mojang.authlib.yggdrasil.YggdrasilMinecraftSessionService.fillProfileProperties(YggdrasilMinecraftSessionService.java:187) ~[authlib-3.3.39.jar:?]
	at net.minecraft.world.level.block.entity.TileEntitySkull.c(SourceFile:141) ~[spigot-1.18.2-R0.1-SNAPSHOT.jar:3498-Spigot-b081915-10ba1be]
	at net.minecraft.SystemUtils.a(SourceFile:493) ~[spigot-1.18.2-R0.1-SNAPSHOT.jar:3498-Spigot-b081915-10ba1be]
	at net.minecraft.world.level.block.entity.TileEntitySkull.a(SourceFile:136) ~[spigot-1.18.2-R0.1-SNAPSHOT.jar:3498-Spigot-b081915-10ba1be]
	at java.util.concurrent.ForkJoinTask$RunnableExecuteAction.exec(ForkJoinTask.java:1395) [?:?]
	at java.util.concurrent.ForkJoinTask.doExec(ForkJoinTask.java:373) [?:?]
	at java.util.concurrent.ForkJoinPool$WorkQueue.topLevelExec(ForkJoinPool.java:1182) [?:?]
	at java.util.concurrent.ForkJoinPool.scan(ForkJoinPool.java:1655) [?:?]
	at java.util.concurrent.ForkJoinPool.runWorker(ForkJoinPool.java:1622) [?:?]
	at java.util.concurrent.ForkJoinWorkerThread.run(ForkJoinWorkerThread.java:165) [?:?]
[19:32:24] [Server thread/INFO]: Invalid name or UUID
[19:32:24] [Server thread/INFO]: ...rm player %player_name% %player_x% %player_y% %player_z%<--[HERE]
[19:33:36] [Server thread/INFO]: Invalid name or UUID
[19:33:36] [Server thread/INFO]: ...rm player %player_name% %player_x% %player_y% %player_z%<--[HERE]
[19:33:37] [Worker-Main-13/ERROR]: Caught exception in thread Thread[Worker-Main-13,5,main]
java.lang.IllegalArgumentException: Name and ID cannot both be blank
	at com.mojang.authlib.GameProfile.<init>(GameProfile.java:26) ~[authlib-3.3.39.jar:?]
	at com.mojang.authlib.yggdrasil.YggdrasilMinecraftSessionService.fillGameProfile(YggdrasilMinecraftSessionService.java:200) ~[authlib-3.3.39.jar:?]
	at com.mojang.authlib.yggdrasil.YggdrasilMinecraftSessionService.fillProfileProperties(YggdrasilMinecraftSessionService.java:187) ~[authlib-3.3.39.jar:?]
	at net.minecraft.world.level.block.entity.TileEntitySkull.c(SourceFile:141) ~[spigot-1.18.2-R0.1-SNAPSHOT.jar:3498-Spigot-b081915-10ba1be]
	at net.minecraft.SystemUtils.a(SourceFile:493) ~[spigot-1.18.2-R0.1-SNAPSHOT.jar:3498-Spigot-b081915-10ba1be]
	at net.minecraft.world.level.block.entity.TileEntitySkull.a(SourceFile:136) ~[spigot-1.18.2-R0.1-SNAPSHOT.jar:3498-Spigot-b081915-10ba1be]
	at java.util.concurrent.ForkJoinTask$RunnableExecuteAction.exec(ForkJoinTask.java:1395) [?:?]
	at java.util.concurrent.ForkJoinTask.doExec(ForkJoinTask.java:373) [?:?]
	at java.util.concurrent.ForkJoinPool$WorkQueue.topLevelExec(ForkJoinPool.java:1182) [?:?]
	at java.util.concurrent.ForkJoinPool.scan(ForkJoinPool.java:1655) [?:?]
	at java.util.concurrent.ForkJoinPool.runWorker(ForkJoinPool.java:1622) [?:?]
	at java.util.concurrent.ForkJoinWorkerThread.run(ForkJoinWorkerThread.java:165) [?:?]
[19:36:14] [Server thread/INFO]: Telmiyo issued server command: /reload
[19:36:14] [Server thread/INFO]: Telmiyo: [0;31;1mPlease note that this command is not supported and may cause issues when using some plugins.[m
[19:36:14] [Server thread/INFO]: Telmiyo: [0;31;1mIf you encounter any issues please use the /stop command to restart your server.[m
[19:36:14] [Server thread/INFO]: Debug logging is disabled
[19:36:14] [Server thread/INFO]: Server Ping Player Sample Count: 12
[19:36:14] [Server thread/INFO]: Using 4 threads for Netty based IO
[19:36:14] [Server thread/INFO]: -------- World Settings For [world] --------
[19:36:14] [Server thread/INFO]: Arrow Despawn Rate: 1200 Trident Respawn Rate:1200
[19:36:14] [Server thread/INFO]: Allow Zombie Pigmen to spawn from portal blocks: true
[19:36:14] [Server thread/INFO]: Item Despawn Rate: 6000
[19:36:14] [Server thread/INFO]: Item Merge Radius: 2.5
[19:36:14] [Server thread/INFO]: View Distance: 10
[19:36:14] [Server thread/INFO]: Simulation Distance: 10
[19:36:14] [Server thread/INFO]: Nerfing mobs spawned from spawners: false
[19:36:14] [Server thread/INFO]: Experience Merge Radius: 3.0
[19:36:14] [Server thread/INFO]: Mob Spawn Range: 6
[19:36:14] [Server thread/INFO]: Cactus Growth Modifier: 100%
[19:36:14] [Server thread/INFO]: Cane Growth Modifier: 100%
[19:36:14] [Server thread/INFO]: Melon Growth Modifier: 100%
[19:36:14] [Server thread/INFO]: Mushroom Growth Modifier: 100%
[19:36:14] [Server thread/INFO]: Pumpkin Growth Modifier: 100%
[19:36:14] [Server thread/INFO]: Sapling Growth Modifier: 100%
[19:36:14] [Server thread/INFO]: Beetroot Growth Modifier: 100%
[19:36:14] [Server thread/INFO]: Carrot Growth Modifier: 100%
[19:36:14] [Server thread/INFO]: Potato Growth Modifier: 100%
[19:36:14] [Server thread/INFO]: Wheat Growth Modifier: 100%
[19:36:14] [Server thread/INFO]: NetherWart Growth Modifier: 100%
[19:36:14] [Server thread/INFO]: Vine Growth Modifier: 100%
[19:36:14] [Server thread/INFO]: Cocoa Growth Modifier: 100%
[19:36:14] [Server thread/INFO]: Bamboo Growth Modifier: 100%
[19:36:14] [Server thread/INFO]: SweetBerry Growth Modifier: 100%
[19:36:14] [Server thread/INFO]: Kelp Growth Modifier: 100%
[19:36:14] [Server thread/INFO]: Entity Activation Range: An 32 / Mo 32 / Ra 48 / Mi 16 / Tiv true / Isa false
[19:36:14] [Server thread/INFO]: Entity Tracking Range: Pl 48 / An 48 / Mo 48 / Mi 32 / Other 64
[19:36:14] [Server thread/INFO]: Hopper Transfer: 8 Hopper Check: 1 Hopper Amount: 1
[19:36:14] [Server thread/INFO]: Custom Map Seeds:  Village: 10387312 Desert: 14357617 Igloo: 14357618 Jungle: 14357619 Swamp: 14357620 Monument: 10387313 Ocean: 14357621 Shipwreck: 165745295 End City: 10387313 Slime: 987234911 Nether: 30084232 Mansion: 10387319 Fossil: 14357921 Portal: 34222645
[19:36:14] [Server thread/INFO]: Tile Max Tick Time: 50ms Entity max Tick Time: 50ms
[19:36:14] [Server thread/INFO]: Max TNT Explosions: 100
[19:36:14] [Server thread/INFO]: Zombie Aggressive Towards Villager: true
[19:36:14] [Server thread/INFO]: -------- World Settings For [world_nether] --------
[19:36:14] [Server thread/INFO]: Arrow Despawn Rate: 1200 Trident Respawn Rate:1200
[19:36:14] [Server thread/INFO]: Allow Zombie Pigmen to spawn from portal blocks: true
[19:36:14] [Server thread/INFO]: Item Despawn Rate: 6000
[19:36:14] [Server thread/INFO]: Item Merge Radius: 2.5
[19:36:14] [Server thread/INFO]: View Distance: 10
[19:36:14] [Server thread/INFO]: Simulation Distance: 10
[19:36:14] [Server thread/INFO]: Nerfing mobs spawned from spawners: false
[19:36:14] [Server thread/INFO]: Experience Merge Radius: 3.0
[19:36:14] [Server thread/INFO]: Mob Spawn Range: 6
[19:36:14] [Server thread/INFO]: Cactus Growth Modifier: 100%
[19:36:14] [Server thread/INFO]: Cane Growth Modifier: 100%
[19:36:14] [Server thread/INFO]: Melon Growth Modifier: 100%
[19:36:14] [Server thread/INFO]: Mushroom Growth Modifier: 100%
[19:36:14] [Server thread/INFO]: Pumpkin Growth Modifier: 100%
[19:36:14] [Server thread/INFO]: Sapling Growth Modifier: 100%
[19:36:14] [Server thread/INFO]: Beetroot Growth Modifier: 100%
[19:36:14] [Server thread/INFO]: Carrot Growth Modifier: 100%
[19:36:14] [Server thread/INFO]: Potato Growth Modifier: 100%
[19:36:14] [Server thread/INFO]: Wheat Growth Modifier: 100%
[19:36:14] [Server thread/INFO]: NetherWart Growth Modifier: 100%
[19:36:14] [Server thread/INFO]: Vine Growth Modifier: 100%
[19:36:14] [Server thread/INFO]: Cocoa Growth Modifier: 100%
[19:36:14] [Server thread/INFO]: Bamboo Growth Modifier: 100%
[19:36:14] [Server thread/INFO]: SweetBerry Growth Modifier: 100%
[19:36:14] [Server thread/INFO]: Kelp Growth Modifier: 100%
[19:36:14] [Server thread/INFO]: Entity Activation Range: An 32 / Mo 32 / Ra 48 / Mi 16 / Tiv true / Isa false
[19:36:14] [Server thread/INFO]: Entity Tracking Range: Pl 48 / An 48 / Mo 48 / Mi 32 / Other 64
[19:36:14] [Server thread/INFO]: Hopper Transfer: 8 Hopper Check: 1 Hopper Amount: 1
[19:36:14] [Server thread/INFO]: Custom Map Seeds:  Village: 10387312 Desert: 14357617 Igloo: 14357618 Jungle: 14357619 Swamp: 14357620 Monument: 10387313 Ocean: 14357621 Shipwreck: 165745295 End City: 10387313 Slime: 987234911 Nether: 30084232 Mansion: 10387319 Fossil: 14357921 Portal: 34222645
[19:36:14] [Server thread/INFO]: Tile Max Tick Time: 50ms Entity max Tick Time: 50ms
[19:36:14] [Server thread/INFO]: Max TNT Explosions: 100
[19:36:14] [Server thread/INFO]: Zombie Aggressive Towards Villager: true
[19:36:14] [Server thread/INFO]: -------- World Settings For [world_the_end] --------
[19:36:14] [Server thread/INFO]: Arrow Despawn Rate: 1200 Trident Respawn Rate:1200
[19:36:14] [Server thread/INFO]: Allow Zombie Pigmen to spawn from portal blocks: true
[19:36:14] [Server thread/INFO]: Item Despawn Rate: 6000
[19:36:14] [Server thread/INFO]: Item Merge Radius: 2.5
[19:36:14] [Server thread/INFO]: View Distance: 10
[19:36:14] [Server thread/INFO]: Simulation Distance: 10
[19:36:14] [Server thread/INFO]: Nerfing mobs spawned from spawners: false
[19:36:14] [Server thread/INFO]: Experience Merge Radius: 3.0
[19:36:14] [Server thread/INFO]: Mob Spawn Range: 6
[19:36:14] [Server thread/INFO]: Cactus Growth Modifier: 100%
[19:36:14] [Server thread/INFO]: Cane Growth Modifier: 100%
[19:36:14] [Server thread/INFO]: Melon Growth Modifier: 100%
[19:36:14] [Server thread/INFO]: Mushroom Growth Modifier: 100%
[19:36:14] [Server thread/INFO]: Pumpkin Growth Modifier: 100%
[19:36:14] [Server thread/INFO]: Sapling Growth Modifier: 100%
[19:36:14] [Server thread/INFO]: Beetroot Growth Modifier: 100%
[19:36:14] [Server thread/INFO]: Carrot Growth Modifier: 100%
[19:36:14] [Server thread/INFO]: Potato Growth Modifier: 100%
[19:36:14] [Server thread/INFO]: Wheat Growth Modifier: 100%
[19:36:14] [Server thread/INFO]: NetherWart Growth Modifier: 100%
[19:36:14] [Server thread/INFO]: Vine Growth Modifier: 100%
[19:36:14] [Server thread/INFO]: Cocoa Growth Modifier: 100%
[19:36:14] [Server thread/INFO]: Bamboo Growth Modifier: 100%
[19:36:14] [Server thread/INFO]: SweetBerry Growth Modifier: 100%
[19:36:14] [Server thread/INFO]: Kelp Growth Modifier: 100%
[19:36:14] [Server thread/INFO]: Entity Activation Range: An 32 / Mo 32 / Ra 48 / Mi 16 / Tiv true / Isa false
[19:36:14] [Server thread/INFO]: Entity Tracking Range: Pl 48 / An 48 / Mo 48 / Mi 32 / Other 64
[19:36:14] [Server thread/INFO]: Hopper Transfer: 8 Hopper Check: 1 Hopper Amount: 1
[19:36:14] [Server thread/INFO]: Custom Map Seeds:  Village: 10387312 Desert: 14357617 Igloo: 14357618 Jungle: 14357619 Swamp: 14357620 Monument: 10387313 Ocean: 14357621 Shipwreck: 165745295 End City: 10387313 Slime: 987234911 Nether: 30084232 Mansion: 10387319 Fossil: 14357921 Portal: 34222645
[19:36:14] [Server thread/INFO]: Tile Max Tick Time: 50ms Entity max Tick Time: 50ms
[19:36:14] [Server thread/INFO]: Max TNT Explosions: 100
[19:36:14] [Server thread/INFO]: Zombie Aggressive Towards Villager: true
[19:36:14] [Server thread/INFO]: [DeluxeMenus] Disabling DeluxeMenus v1.13.7-Release
[19:36:14] [Server thread/INFO]: [Jobs] Disabling Jobs v5.1.3.0
[19:36:14] [Server thread/INFO]: [0;33;22m------------- [0;32;22mJobs [0;33;22m-------------[m
[19:36:14] [Server thread/INFO]: [0;33;1m[Jobs] Saved 1 new explorer entries.[m
[19:36:14] [Jobs-DatabaseSaveTask/INFO]: [0;33;1mDatabase save task shutdown![m
[19:36:14] [Jobs-BufferedPaymentThread/INFO]: [0;33;1mBuffered payment thread shutdown.[m
[19:36:14] [Server thread/INFO]: [0;33;22m------------------------------------[m
[19:36:14] [Server thread/INFO]: [CMILib] Disabling CMILib v1.2.5.5
[19:36:14] [Server thread/INFO]: [PlaceholderAPI] Disabling PlaceholderAPI v2.11.3
[19:36:14] [Server thread/INFO]: [ConsoleSpamFix] Disabling ConsoleSpamFix v1.10.0
[19:36:14] [Server thread/INFO]: [ConsoleSpamFix] Messages hidden since the server started: 30
[19:36:14] [Server thread/INFO]: [ConsoleSpamFix] ConsoleSpamFix is disabled!
[19:36:14] [Server thread/INFO]: [Vault] Disabling Vault v1.7.3-b131
[19:36:14] [Server thread/INFO]: Loaded 7 recipes
[19:36:14] [Server thread/INFO]: [Vault] Loading Vault v1.7.3-b131
[19:36:14] [Server thread/INFO]: [ConsoleSpamFix] Loading ConsoleSpamFix v1.10.0
[19:36:14] [Server thread/INFO]: [PlaceholderAPI] Loading PlaceholderAPI v2.11.3
[19:36:14] [Server thread/INFO]: [CMILib] Loading CMILib v1.2.5.5
[19:36:14] [Server thread/INFO]: [Jobs] Loading Jobs v5.1.3.0
[19:36:14] [Server thread/INFO]: [DeluxeMenus] Loading DeluxeMenus v1.13.7-Release
[19:36:14] [Server thread/INFO]: [DeluxeMenus] NMS hook has been setup successfully!
[19:36:14] [Server thread/INFO]: [Vault] Enabling Vault v1.7.3-b131
[19:36:14] [Server thread/INFO]: [Vault] [Permission] SuperPermissions loaded as backup permission system.
[19:36:14] [Server thread/INFO]: [Vault] Enabled Version 1.7.3-b131
[19:36:14] [Server thread/INFO]: [ConsoleSpamFix] Enabling ConsoleSpamFix v1.10.0
[19:36:14] [Server thread/INFO]: [ConsoleSpamFix] Server version detected: 1.18.2
[19:36:14] [Server thread/INFO]: [ConsoleSpamFix] Loading the config file...
[19:36:14] [Server thread/INFO]: [ConsoleSpamFix] Config file loaded!
[19:36:14] [Server thread/INFO]: [ConsoleSpamFix] ConsoleSpamFix loaded successfully!
[19:36:14] [Server thread/INFO]: [PlaceholderAPI] Enabling PlaceholderAPI v2.11.3
[19:36:14] [Server thread/INFO]: [PlaceholderAPI] Fetching available expansion information...
[19:36:14] [Server thread/INFO]: [CMILib] Enabling CMILib v1.2.5.5
[19:36:15] [Server thread/INFO]: [0;36;22mServer version: v1_18_R2 - 1.18.2 - spigot[m
[19:36:15] [Server thread/INFO]: [PlaceholderAPI] Successfully registered expansion: cmil [1.2.5.5]
[19:36:15] [Server thread/INFO]: PlaceholderAPI hooked.[m
[19:36:15] [Server thread/INFO]: Updated (EN) language file. Took [0;33;22m18ms[m
[19:36:15] [Server thread/INFO]: [Jobs] Enabling Jobs v5.1.3.0
[19:36:15] [Server thread/INFO]: [0;33;22m------------- [0;32;22mJobs [0;33;22m-------------[m
[19:36:15] [Server thread/INFO]: [PlaceholderAPI] Successfully registered expansion: jobsr [5.1.3.0]
[19:36:15] [Server thread/INFO]: [0;33;22mPlaceholderAPI [0;33;1mhooked.[m
[19:36:15] [Server thread/INFO]: [0;33;1mConnected to database ([0;33;22mSqLite[0;33;1m)[m
[19:36:15] [Server thread/INFO]: [0;33;1mLoaded [0;33;22m10 [0;33;1mtitles[m
[19:36:15] [Server thread/INFO]: [0;33;1mLoaded [0;33;22m119 [0;33;1mprotected blocks timers[m
[19:36:15] [Server thread/INFO]: [0;33;1mLoaded [0;33;22m1229 [0;33;1mcustom item names[m
[19:36:15] [Server thread/INFO]: [0;33;1mLoaded [0;33;22m75 [0;33;1mcustom entity names[m
[19:36:15] [Server thread/INFO]: [0;33;1mLoaded [0;33;22m2 [0;33;1mcustom MythicMobs names[m
[19:36:15] [Server thread/INFO]: [0;33;1mLoaded [0;33;22m38 [0;33;1mcustom enchant names[m
[19:36:15] [Server thread/INFO]: [0;33;1mLoaded [0;33;22m21 [0;33;1mcustom enchant names[m
[19:36:15] [Server thread/INFO]: [0;33;1mLoaded [0;33;22m16 [0;33;1mcustom color names[m
[19:36:15] [Server thread/WARN]: [Jobs] Job Miner Job has an invalid Break type property: REINFORCED_DEEPSLATE!
[19:36:15] [Server thread/WARN]: [Jobs] Job Miner Job has an invalid Break type property: SCULK!
[19:36:15] [Server thread/WARN]: [Jobs] Job Miner Job has an invalid Break type property: SCULK_CATALYST!
[19:36:15] [Server thread/WARN]: [Jobs] Job Miner Job has an invalid Break type property: SCULK_SHRIEKER!
[19:36:15] [Server thread/WARN]: [Jobs] Job Trader Job has an invalid VTrade type property: MANGROVE_PROPAGULE!
[19:36:15] [Server thread/WARN]: [Jobs] Job Fisherman Job has an invalid Break type property: FROGSPAWN!
[19:36:15] [Server thread/WARN]: [Jobs] Job Fisherman Job has an invalid Kill type property: TADPOLE!
[19:36:15] [Server thread/WARN]: [Jobs] Job Fisherman Job has an invalid Kill type property: FROG!
[19:36:15] [Server thread/WARN]: [Jobs] Job Builder Job has an invalid Place type property: MANGROVE_LOG!
[19:36:15] [Server thread/WARN]: [Jobs] Job Builder Job has an invalid Place type property: MANGROVE_PLANKS!
[19:36:15] [Server thread/WARN]: [Jobs] Job Builder Job has an invalid Place type property: MANGROVE_ROOTS!
[19:36:15] [Server thread/WARN]: [Jobs] Job Builder Job has an invalid Place type property: MANGROVE_SLAB!
[19:36:15] [Server thread/WARN]: [Jobs] Job Builder Job has an invalid Place type property: MANGROVE_STAIRS!
[19:36:15] [Server thread/WARN]: [Jobs] Job Builder Job has an invalid Place type property: MANGROVE_WOOD!
[19:36:15] [Server thread/WARN]: [Jobs] Job Builder Job has an invalid Place type property: MUD!
[19:36:15] [Server thread/WARN]: [Jobs] Job Builder Job has an invalid Place type property: MUD_BRICK_SLAB!
[19:36:15] [Server thread/WARN]: [Jobs] Job Builder Job has an invalid Place type property: MUD_BRICK_STAIRS!
[19:36:15] [Server thread/WARN]: [Jobs] Job Builder Job has an invalid Place type property: MUD_BRICKS!
[19:36:15] [Server thread/WARN]: [Jobs] Job Builder Job has an invalid Place type property: MUDDY_MANGROVE_ROOTS!
[19:36:15] [Server thread/WARN]: [Jobs] Job Builder Job has an invalid Place type property: OCHRE_FROGLIGHT!
[19:36:15] [Server thread/WARN]: [Jobs] Job Builder Job has an invalid Place type property: PACKED_MUD!
[19:36:15] [Server thread/WARN]: [Jobs] Job Builder Job has an invalid Place type property: PEARLESCENT_FROGLIGHT!
[19:36:15] [Server thread/WARN]: [Jobs] Job Builder Job has an invalid Place type property: SCULK!
[19:36:15] [Server thread/WARN]: [Jobs] Job Builder Job has an invalid Place type property: STRIPPED_MANGROVE_LOG!
[19:36:15] [Server thread/WARN]: [Jobs] Job Builder Job has an invalid Place type property: STRIPPED_MANGROVE_WOOD!
[19:36:15] [Server thread/WARN]: [Jobs] Job Builder Job has an invalid Place type property: VERDANT_FROGLIGHT!
[19:36:15] [Server thread/WARN]: [Jobs] Job Woodcutter Job has an invalid Break type property: MANGROVE_LOG!
[19:36:15] [Server thread/WARN]: [Jobs] Job Woodcutter Job has an invalid Break type property: MANGROVE_ROOTS!
[19:36:15] [Server thread/WARN]: [Jobs] Job Woodcutter Job has an invalid Break type property: MANGROVE_WOOD!
[19:36:15] [Server thread/WARN]: [Jobs] Job Woodcutter Job has an invalid StripLogs type property: STRIPPED_MANGROVE_LOG!
[19:36:15] [Server thread/WARN]: [Jobs] Job Woodcutter Job has an invalid Craft type property: MANGROVE_WOOD!
[19:36:15] [Server thread/WARN]: [Jobs] Job Florist Job has an invalid Break type property: POTTED_MANGROVE_PROPAGULE!
[19:36:15] [Server thread/WARN]: [Jobs] Job Digger Job has an invalid Break type property: MUD!
[19:36:15] [Server thread/WARN]: [Jobs] Job Digger Job has an invalid Break type property: MUDDY_MANGROVE_ROOTS!
[19:36:15] [Server thread/WARN]: [Jobs] Job Tamer Job has an invalid Breed type property: FROG!
[19:36:15] [Server thread/WARN]: [Jobs] Job Engineer Job has an invalid Craft type property: MANGROVE_PRESSURE_PLATE!
[19:36:15] [Server thread/WARN]: [Jobs] Job Engineer Job has an invalid Craft type property: MANGROVE_BUTTON!
[19:36:15] [Server thread/WARN]: [Jobs] Job Farmer Job has an invalid Break type property: MANGROVE_LEAVES!
[19:36:15] [Server thread/WARN]: [Jobs] Job Farmer Job has an invalid Break type property: MANGROVE_PROPAGULE!
[19:36:15] [Server thread/WARN]: [Jobs] Job Crafter Job has an invalid Craft type property: ACACIA_CHEST_BOAT!
[19:36:15] [Server thread/WARN]: [Jobs] Job Crafter Job has an invalid Craft type property: BIRCH_CHEST_BOAT!
[19:36:15] [Server thread/WARN]: [Jobs] Job Crafter Job has an invalid Craft type property: DARK_OAK_CHEST_BOAT!
[19:36:15] [Server thread/WARN]: [Jobs] Job Crafter Job has an invalid Craft type property: JUNGLE_CHEST_BOAT!
[19:36:15] [Server thread/WARN]: [Jobs] Job Crafter Job has an invalid Craft type property: MANGROVE_BOAT!
[19:36:15] [Server thread/WARN]: [Jobs] Job Crafter Job has an invalid Craft type property: MANGROVE_BUTTON!
[19:36:15] [Server thread/WARN]: [Jobs] Job Crafter Job has an invalid Craft type property: MANGROVE_CHEST_BOAT!
[19:36:15] [Server thread/WARN]: [Jobs] Job Crafter Job has an invalid Craft type property: MANGROVE_DOOR!
[19:36:15] [Server thread/WARN]: [Jobs] Job Crafter Job has an invalid Craft type property: MANGROVE_FENCE!
[19:36:15] [Server thread/WARN]: [Jobs] Job Crafter Job has an invalid Craft type property: MANGROVE_FENCE_GATE!
[19:36:15] [Server thread/WARN]: [Jobs] Job Crafter Job has an invalid Craft type property: MANGROVE_PRESSURE_PLATE!
[19:36:15] [Server thread/WARN]: [Jobs] Job Crafter Job has an invalid Craft type property: MANGROVE_SIGN!
[19:36:15] [Server thread/WARN]: [Jobs] Job Crafter Job has an invalid Craft type property: MANGROVE_SLAB!
[19:36:15] [Server thread/WARN]: [Jobs] Job Crafter Job has an invalid Craft type property: MANGROVE_STAIRS!
[19:36:15] [Server thread/WARN]: [Jobs] Job Crafter Job has an invalid Craft type property: MANGROVE_TRAPDOOR!
[19:36:15] [Server thread/WARN]: [Jobs] Job Crafter Job has an invalid Craft type property: MUD_BRICK_SLAB!
[19:36:15] [Server thread/WARN]: [Jobs] Job Crafter Job has an invalid Craft type property: MUD_BRICK_STAIRS!
[19:36:15] [Server thread/WARN]: [Jobs] Job Crafter Job has an invalid Craft type property: MUD_BRICK_WALL!
[19:36:15] [Server thread/WARN]: [Jobs] Job Crafter Job has an invalid Craft type property: MUD_BRICKS!
[19:36:15] [Server thread/WARN]: [Jobs] Job Crafter Job has an invalid Craft type property: MUSIC_DISC_5!
[19:36:15] [Server thread/WARN]: [Jobs] Job Crafter Job has an invalid Craft type property: OAK_CHEST_BOAT!
[19:36:15] [Server thread/WARN]: [Jobs] Job Crafter Job has an invalid Craft type property: RECOVERY_COMPASS!
[19:36:15] [Server thread/WARN]: [Jobs] Job Crafter Job has an invalid Craft type property: SPRUCE_CHEST_BOAT!
[19:36:15] [Server thread/WARN]: [Jobs] Job Hunter Job has an invalid Kill type property: ALLAY!
[19:36:15] [Server thread/WARN]: [Jobs] Job Hunter Job has an invalid Kill type property: FROG!
[19:36:15] [Server thread/WARN]: [Jobs] Job Hunter Job has an invalid Kill type property: TADPOLE!
[19:36:15] [Server thread/WARN]: [Jobs] Job Hunter Job has an invalid Kill type property: WARDEN!
[19:36:15] [Server thread/INFO]: [0;33;1mLoaded [0;33;22m19 [0;33;1mjobs[m
[19:36:15] [Server thread/INFO]: [0;33;1mLoaded [0;33;22m0 [0;33;1mboosted items[m
[19:36:15] [Jobs-DatabaseSaveTask/INFO]: [0;33;1mStarted database save task.[m
[19:36:15] [Jobs-BufferedPaymentThread/INFO]: [0;33;1mStarted buffered payment thread.[m
[19:36:15] [Server thread/INFO]: [0;33;1mPreloaded [0;33;22m1 [0;33;1mplayers data in [0;33;22m0.0[m
[19:36:15] [Server thread/INFO]: [0;33;1mLoading explorer data[m
[19:36:15] [Server thread/INFO]: [0;33;1mLoaded explorer data ([0;33;22m1[0;33;1m) in 1 ms[m
[19:36:15] [Server thread/INFO]: [0;33;1mPlugin has been enabled successfully.[m
[19:36:15] [Server thread/INFO]: [0;33;22m------------------------------------[m
[19:36:15] [Server thread/INFO]: [DeluxeMenus] Enabling DeluxeMenus v1.13.7-Release
[19:36:15] [Server thread/INFO]: [DeluxeMenus] Successfully hooked into PlaceholderAPI!
[19:36:16] [Server thread/INFO]: [DeluxeMenus] 116 GUI menus loaded!
[19:36:16] [Server thread/INFO]: [DeluxeMenus] You are running the latest version of DeluxeMenus!
[19:36:16] [Server thread/INFO]: [PlaceholderAPI] Successfully registered expansion: deluxemenus [1.13.7-Release]
[19:36:16] [Server thread/INFO]: Server permissions file permissions.yml is empty, ignoring it
[19:36:16] [Server thread/INFO]: [PlaceholderAPI] Placeholder expansion registration initializing...
[19:36:16] [Server thread/INFO]: Telmiyo: [0;32;1mReload complete.[m
[19:36:16] [Server thread/ERROR]: [Jobs] ==================== Jobs ====================
[19:36:16] [Server thread/ERROR]: [Jobs] Vault detected but economy plugin still missing!
[19:36:16] [Server thread/ERROR]: [Jobs] Please install Vault supporting economy plugin!
[19:36:16] [Server thread/ERROR]: [Jobs] ==============================================
[19:36:16] [Craft Scheduler Thread - 23/INFO]: [Vault] Checking for Updates ... 
[19:36:16] [Craft Scheduler Thread - 23/INFO]: [Vault] No new version available
[19:36:16] [Server thread/INFO]: [PlaceholderAPI] Successfully registered expansion: player [2.0.4]
[19:36:16] [Server thread/INFO]: [PlaceholderAPI] Successfully registered expansion: progress [2.1]
[19:36:16] [Server thread/INFO]: [PAPI] [Javascript-Expansion] 2 scripts loaded!
[19:36:16] [Server thread/INFO]: [PlaceholderAPI] Successfully registered expansion: javascript [2.1.2]
[19:36:16] [Server thread/INFO]: [0;32;1m3 placeholder hook(s) registered![m
[19:36:44] [Server thread/INFO]: Telmiyo issued server command: /stop
[19:36:44] [Server thread/INFO]: [Telmiyo: Stopping the server]
[19:36:44] [Server thread/INFO]: Stopping server
[19:36:44] [Server thread/INFO]: [DeluxeMenus] Disabling DeluxeMenus v1.13.7-Release
[19:36:44] [Server thread/INFO]: [Jobs] Disabling Jobs v5.1.3.0
[19:36:44] [Server thread/INFO]: [0;33;22m------------- [0;32;22mJobs [0;33;22m-------------[m
[19:36:44] [Jobs-BufferedPaymentThread/INFO]: [0;33;1mBuffered payment thread shutdown.[m
[19:36:44] [Jobs-DatabaseSaveTask/INFO]: [0;33;1mDatabase save task shutdown![m
[19:36:44] [Server thread/INFO]: [0;33;22m------------------------------------[m
[19:36:44] [Server thread/INFO]: [CMILib] Disabling CMILib v1.2.5.5
[19:36:44] [Server thread/INFO]: [PlaceholderAPI] Disabling PlaceholderAPI v2.11.3
[19:36:44] [Server thread/INFO]: [ConsoleSpamFix] Disabling ConsoleSpamFix v1.10.0
[19:36:44] [Server thread/INFO]: [ConsoleSpamFix] Messages hidden since the server started: 0
[19:36:44] [Server thread/INFO]: [ConsoleSpamFix] ConsoleSpamFix is disabled!
[19:36:44] [Server thread/INFO]: [Vault] Disabling Vault v1.7.3-b131
[19:36:44] [Server thread/INFO]: Saving players
[19:36:44] [Server thread/INFO]: Telmiyo lost connection: Server closed
[19:36:44] [Server thread/INFO]: Telmiyo left the game.
[19:36:44] [Server thread/INFO]: Saving worlds
[19:36:46] [Server thread/INFO]: Saving chunks for level 'ServerLevel[world]'/minecraft:overworld
[19:36:47] [Server thread/INFO]: Saving chunks for level 'ServerLevel[world_nether]'/minecraft:the_nether
[19:36:47] [Server thread/INFO]: Saving chunks for level 'ServerLevel[world_the_end]'/minecraft:the_end
[19:36:47] [Server thread/INFO]: ThreadedAnvilChunkStorage (world): All chunks are saved
[19:36:47] [Server thread/INFO]: ThreadedAnvilChunkStorage (DIM-1): All chunks are saved
[19:36:47] [Server thread/INFO]: ThreadedAnvilChunkStorage (DIM1): All chunks are saved
[19:36:47] [Server thread/INFO]: ThreadedAnvilChunkStorage: All dimensions are saved
