[23.09.11 20:54:15 INFO]: =====START OF HISTORY=====
[23.09.11 20:49:17 FINE]: [BetonQuest] Loaded pl language
[23.09.11 20:49:17 FINE]: [BetonQuest] Loaded en language
[23.09.11 20:49:17 FINE]: [BetonQuest] Loaded de language
[23.09.11 20:49:17 FINE]: [BetonQuest] Loaded fr language
[23.09.11 20:49:17 FINE]: [BetonQuest] Loaded cn language
[23.09.11 20:49:17 FINE]: [BetonQuest] Loaded es language
[23.09.11 20:49:17 FINE]: [BetonQuest] Loaded nl language
[23.09.11 20:49:17 FINE]: [BetonQuest] Loaded it language
[23.09.11 20:49:17 FINE]: [BetonQuest] Loaded hu language
[23.09.11 20:49:17 FINE]: [BetonQuest] Loaded vi language
[23.09.11 20:49:17 INFO]: [BetonQuest] Using SQLite for storing data!
[23.09.11 20:49:17 FINE]: [BetonQuest] Initializing updater with version v64, destination is v64
[23.09.11 20:49:17 INFO]: [BetonQuest] Configuration up to date!
[23.09.11 20:49:17 FINE]: [BetonQuest] Initializing static events
[23.09.11 20:49:17 FINE]: [BetonQuest] Searching package lesson
[23.09.11 20:49:17 FINE]: [BetonQuest] There are no static events defined, skipping
[23.09.11 20:49:17 FINE]: [BetonQuest] Searching package gui
[23.09.11 20:49:17 FINE]: [BetonQuest] There are no static events defined, skipping
[23.09.11 20:49:17 FINE]: [BetonQuest] Static events initialization done
[23.09.11 20:49:17 FINE]: [BetonQuest] Registering health condition type
[23.09.11 20:49:17 FINE]: [BetonQuest] Registering permission condition type
[23.09.11 20:49:17 FINE]: [BetonQuest] Registering experience condition type
[23.09.11 20:49:17 FINE]: [BetonQuest] Registering tag condition type
[23.09.11 20:49:17 FINE]: [BetonQuest] Registering globaltag condition type
[23.09.11 20:49:17 FINE]: [BetonQuest] Registering point condition type
[23.09.11 20:49:17 FINE]: [BetonQuest] Registering globalpoint condition type
[23.09.11 20:49:17 FINE]: [BetonQuest] Registering and condition type
[23.09.11 20:49:17 FINE]: [BetonQuest] Registering or condition type
[23.09.11 20:49:17 FINE]: [BetonQuest] Registering time condition type
[23.09.11 20:49:17 FINE]: [BetonQuest] Registering weather condition type
[23.09.11 20:49:17 FINE]: [BetonQuest] Registering height condition type
[23.09.11 20:49:17 FINE]: [BetonQuest] Registering item condition type
[23.09.11 20:49:17 FINE]: [BetonQuest] Registering hand condition type
[23.09.11 20:49:17 FINE]: [BetonQuest] Registering location condition type
[23.09.11 20:49:17 FINE]: [BetonQuest] Registering armor condition type
[23.09.11 20:49:17 FINE]: [BetonQuest] Registering effect condition type
[23.09.11 20:49:17 FINE]: [BetonQuest] Registering rating condition type
[23.09.11 20:49:17 FINE]: [BetonQuest] Registering sneak condition type
[23.09.11 20:49:17 FINE]: [BetonQuest] Registering random condition type
[23.09.11 20:49:17 FINE]: [BetonQuest] Registering journal condition type
[23.09.11 20:49:17 FINE]: [BetonQuest] Registering testforblock condition type
[23.09.11 20:49:17 FINE]: [BetonQuest] Registering empty condition type
[23.09.11 20:49:17 FINE]: [BetonQuest] Registering party condition type
[23.09.11 20:49:17 FINE]: [BetonQuest] Registering entities condition type
[23.09.11 20:49:17 FINE]: [BetonQuest] Registering objective condition type
[23.09.11 20:49:17 FINE]: [BetonQuest] Registering check condition type
[23.09.11 20:49:17 FINE]: [BetonQuest] Registering chestitem condition type
[23.09.11 20:49:17 FINE]: [BetonQuest] Registering score condition type
[23.09.11 20:49:17 FINE]: [BetonQuest] Registering riding condition type
[23.09.11 20:49:17 FINE]: [BetonQuest] Registering world condition type
[23.09.11 20:49:17 FINE]: [BetonQuest] Registering gamemode condition type
[23.09.11 20:49:17 FINE]: [BetonQuest] Registering advancement condition type
[23.09.11 20:49:17 FINE]: [BetonQuest] Registering variable condition type
[23.09.11 20:49:17 FINE]: [BetonQuest] Registering biome condition type
[23.09.11 20:49:17 FINE]: [BetonQuest] Registering dayofweek condition type
[23.09.11 20:49:17 FINE]: [BetonQuest] Registering partialdate condition type
[23.09.11 20:49:17 FINE]: [BetonQuest] Registering realtime condition type
[23.09.11 20:49:17 FINE]: [BetonQuest] Registering looking condition type
[23.09.11 20:49:17 FINE]: [BetonQuest] Registering facing condition type
[23.09.11 20:49:17 FINE]: [BetonQuest] Registering conversation condition type
[23.09.11 20:49:17 FINE]: [BetonQuest] Registering mooncycle condition type
[23.09.11 20:49:17 FINE]: [BetonQuest] Registering fly condition type
[23.09.11 20:49:17 FINE]: [BetonQuest] Registering message event type
[23.09.11 20:49:17 FINE]: [BetonQuest] Registering objective event type
[23.09.11 20:49:17 FINE]: [BetonQuest] Registering command event type
[23.09.11 20:49:17 FINE]: [BetonQuest] Registering tag event type
[23.09.11 20:49:17 FINE]: [BetonQuest] Registering globaltag event type
[23.09.11 20:49:17 FINE]: [BetonQuest] Registering journal event type
[23.09.11 20:49:17 FINE]: [BetonQuest] Registering teleport event type
[23.09.11 20:49:17 FINE]: [BetonQuest] Registering explosion event type
[23.09.11 20:49:17 FINE]: [BetonQuest] Registering lightning event type
[23.09.11 20:49:17 FINE]: [BetonQuest] Registering point event type
[23.09.11 20:49:17 FINE]: [BetonQuest] Registering globalpoint event type
[23.09.11 20:49:17 FINE]: [BetonQuest] Registering give event type
[23.09.11 20:49:17 FINE]: [BetonQuest] Registering take event type
[23.09.11 20:49:17 FINE]: [BetonQuest] Registering conversation event type
[23.09.11 20:49:17 FINE]: [BetonQuest] Registering kill event type
[23.09.11 20:49:17 FINE]: [BetonQuest] Registering effect event type
[23.09.11 20:49:17 FINE]: [BetonQuest] Registering deleffect event type
[23.09.11 20:49:17 FINE]: [BetonQuest] Registering deletepoint event type
[23.09.11 20:49:17 FINE]: [BetonQuest] Registering spawn event type
[23.09.11 20:49:17 FINE]: [BetonQuest] Registering killmob event type
[23.09.11 20:49:17 FINE]: [BetonQuest] Registering time event type
[23.09.11 20:49:17 FINE]: [BetonQuest] Registering weather event type
[23.09.11 20:49:17 FINE]: [BetonQuest] Registering folder event type
[23.09.11 20:49:17 FINE]: [BetonQuest] Registering setblock event type
[23.09.11 20:49:17 FINE]: [BetonQuest] Registering damage event type
[23.09.11 20:49:17 FINE]: [BetonQuest] Registering party event type
[23.09.11 20:49:17 FINE]: [BetonQuest] Registering clear event type
[23.09.11 20:49:17 FINE]: [BetonQuest] Registering run event type
[23.09.11 20:49:17 FINE]: [BetonQuest] Registering givejournal event type
[23.09.11 20:49:17 FINE]: [BetonQuest] Registering sudo event type
[23.09.11 20:49:17 FINE]: [BetonQuest] Registering opsudo event type
[23.09.11 20:49:17 FINE]: [BetonQuest] Registering chestgive event type
[23.09.11 20:49:17 FINE]: [BetonQuest] Registering chesttake event type
[23.09.11 20:49:17 FINE]: [BetonQuest] Registering chestclear event type
[23.09.11 20:49:17 FINE]: [BetonQuest] Registering compass event type
[23.09.11 20:49:17 FINE]: [BetonQuest] Registering cancel event type
[23.09.11 20:49:17 FINE]: [BetonQuest] Registering score event type
[23.09.11 20:49:17 FINE]: [BetonQuest] Registering lever event type
[23.09.11 20:49:17 FINE]: [BetonQuest] Registering door event type
[23.09.11 20:49:17 FINE]: [BetonQuest] Registering if event type
[23.09.11 20:49:17 FINE]: [BetonQuest] Registering variable event type
[23.09.11 20:49:17 FINE]: [BetonQuest] Registering title event type
[23.09.11 20:49:17 FINE]: [BetonQuest] Registering language event type
[23.09.11 20:49:17 FINE]: [BetonQuest] Registering playsound event type
[23.09.11 20:49:17 FINE]: [BetonQuest] Registering pickrandom event type
[23.09.11 20:49:17 FINE]: [BetonQuest] Registering experience event type
[23.09.11 20:49:17 FINE]: [BetonQuest] Registering notify event type
[23.09.11 20:49:17 FINE]: [BetonQuest] Registering notifyall event type
[23.09.11 20:49:17 FINE]: [BetonQuest] Registering chat event type
[23.09.11 20:49:17 FINE]: [BetonQuest] Registering location objective type
[23.09.11 20:49:17 FINE]: [BetonQuest] Registering block objective type
[23.09.11 20:49:17 FINE]: [BetonQuest] Registering mobkill objective type
[23.09.11 20:49:17 FINE]: [BetonQuest] Registering action objective type
[23.09.11 20:49:17 FINE]: [BetonQuest] Registering die objective type
[23.09.11 20:49:17 FINE]: [BetonQuest] Registering craft objective type
[23.09.11 20:49:17 FINE]: [BetonQuest] Registering smelt objective type
[23.09.11 20:49:17 FINE]: [BetonQuest] Registering tame objective type
[23.09.11 20:49:17 FINE]: [BetonQuest] Registering delay objective type
[23.09.11 20:49:17 FINE]: [BetonQuest] Registering arrow objective type
[23.09.11 20:49:17 FINE]: [BetonQuest] Registering experience objective type
[23.09.11 20:49:17 FINE]: [BetonQuest] Registering step objective type
[23.09.11 20:49:17 FINE]: [BetonQuest] Registering logout objective type
[23.09.11 20:49:17 FINE]: [BetonQuest] Registering login objective type
[23.09.11 20:49:17 FINE]: [BetonQuest] Registering password objective type
[23.09.11 20:49:17 FINE]: [BetonQuest] Registering pickup objective type
[23.09.11 20:49:17 FINE]: [BetonQuest] Registering fish objective type
[23.09.11 20:49:17 FINE]: [BetonQuest] Registering enchant objective type
[23.09.11 20:49:17 FINE]: [BetonQuest] Registering shear objective type
[23.09.11 20:49:17 FINE]: [BetonQuest] Registering chestput objective type
[23.09.11 20:49:17 FINE]: [BetonQuest] Registering brew objective type
[23.09.11 20:49:17 FINE]: [BetonQuest] Registering riding objective type
[23.09.11 20:49:17 FINE]: [BetonQuest] Registering consume objective type
[23.09.11 20:49:17 FINE]: [BetonQuest] Registering variable objective type
[23.09.11 20:49:17 FINE]: [BetonQuest] Registering kill objective type
[23.09.11 20:49:17 FINE]: [BetonQuest] Registering interact objective type
[23.09.11 20:49:17 FINE]: [BetonQuest] Registering respawn objective type
[23.09.11 20:49:17 FINE]: [BetonQuest] Registering breed objective type
[23.09.11 20:49:17 FINE]: [BetonQuest] Registering simple conversation IO type
[23.09.11 20:49:17 FINE]: [BetonQuest] Registering tellraw conversation IO type
[23.09.11 20:49:17 FINE]: [BetonQuest] Registering chest conversation IO type
[23.09.11 20:49:17 FINE]: [BetonQuest] Registering combined conversation IO type
[23.09.11 20:49:17 FINE]: [BetonQuest] Registering slowtellraw conversation IO type
[23.09.11 20:49:17 FINE]: [BetonQuest] Registering simple interceptor type
[23.09.11 20:49:17 FINE]: [BetonQuest] Registering none interceptor type
[23.09.11 20:49:17 FINE]: [BetonQuest] Registering suppress notify IO type
[23.09.11 20:49:17 FINE]: [BetonQuest] Registering chat notify IO type
[23.09.11 20:49:17 FINE]: [BetonQuest] Registering advancement notify IO type
[23.09.11 20:49:17 FINE]: [BetonQuest] Registering actionbar notify IO type
[23.09.11 20:49:17 FINE]: [BetonQuest] Registering bossbar notify IO type
[23.09.11 20:49:17 FINE]: [BetonQuest] Registering title notify IO type
[23.09.11 20:49:17 FINE]: [BetonQuest] Registering subtitle notify IO type
[23.09.11 20:49:17 FINE]: [BetonQuest] Registering sound notify IO type
[23.09.11 20:49:17 FINE]: [BetonQuest] Registering condition variable type
[23.09.11 20:49:17 FINE]: [BetonQuest] Registering player variable type
[23.09.11 20:49:17 FINE]: [BetonQuest] Registering npc variable type
[23.09.11 20:49:17 FINE]: [BetonQuest] Registering objective variable type
[23.09.11 20:49:17 FINE]: [BetonQuest] Registering point variable type
[23.09.11 20:49:17 FINE]: [BetonQuest] Registering globalpoint variable type
[23.09.11 20:49:17 FINE]: [BetonQuest] Registering item variable type
[23.09.11 20:49:17 FINE]: [BetonQuest] Registering version variable type
[23.09.11 20:49:17 FINE]: [BetonQuest] Registering location variable type
[23.09.11 20:49:17 FINE]: [BetonQuest] Registering math variable type
[23.09.11 20:49:17 INFO]: [BetonQuest] Hooking into PlaceholderAPI
[23.09.11 20:49:17 FINE]: [BetonQuest] Registering ph variable type
[23.09.11 20:49:17 INFO]: [BetonQuest] Hooking into Vault
[23.09.11 20:49:17 WARNING]: [BetonQuest] There is no economy plugin on the server!
[23.09.11 20:49:17 FINE]: [BetonQuest] Registering permission event type
[23.09.11 20:49:17 INFO]: [BetonQuest] Hooking into ProtocolLib
[23.09.11 20:49:17 FINE]: [BetonQuest] Registering menu conversation IO type
[23.09.11 20:49:17 FINE]: [BetonQuest] Registering packet interceptor type
[23.09.11 20:49:17 INFO]: [BetonQuest] Hooking into Citizens
[23.09.11 20:49:17 FINE]: [BetonQuest] Registering updatevisibility event type
[23.09.11 20:49:17 FINE]: [BetonQuest] Registering npckill objective type
[23.09.11 20:49:17 FINE]: [BetonQuest] Registering npcinteract objective type
[23.09.11 20:49:17 FINE]: [BetonQuest] Registering npcrange objective type
[23.09.11 20:49:17 FINE]: [BetonQuest] Registering movenpc event type
[23.09.11 20:49:17 FINE]: [BetonQuest] Registering teleportnpc event type
[23.09.11 20:49:17 FINE]: [BetonQuest] Registering stopnpc event type
[23.09.11 20:49:17 FINE]: [BetonQuest] Registering chest conversation IO type
[23.09.11 20:49:17 FINE]: [BetonQuest] Registering combined conversation IO type
[23.09.11 20:49:17 FINE]: [BetonQuest] Registering citizen variable type
[23.09.11 20:49:17 FINE]: [BetonQuest] Registering npcdistance condition type
[23.09.11 20:49:17 FINE]: [BetonQuest] Registering npclocation condition type
[23.09.11 20:49:17 INFO]: [BetonQuest] Hooking into WorldEdit
[23.09.11 20:49:17 FINE]: [BetonQuest] Registering paste event type
[23.09.11 20:49:17 INFO]: [BetonQuest] Hooking into Jobs
[23.09.11 20:49:17 FINE]: [BetonQuest] Registering nujobs_canlevel condition type
[23.09.11 20:49:17 FINE]: [BetonQuest] Registering nujobs_hasjob condition type
[23.09.11 20:49:17 FINE]: [BetonQuest] Registering nujobs_jobfull condition type
[23.09.11 20:49:17 FINE]: [BetonQuest] Registering nujobs_joblevel condition type
[23.09.11 20:49:17 INFO]: [BetonQuest] Registered Conditions [nujobs_canlevel,nujobs_hasjob,nujobs_jobfull,nujobs_joblevel]
[23.09.11 20:49:17 FINE]: [BetonQuest] Registering nujobs_addexp event type
[23.09.11 20:49:17 FINE]: [BetonQuest] Registering nujobs_addlevel event type
[23.09.11 20:49:17 FINE]: [BetonQuest] Registering nujobs_dellevel event type
[23.09.11 20:49:17 FINE]: [BetonQuest] Registering nujobs_joinjob event type
[23.09.11 20:49:17 FINE]: [BetonQuest] Registering nujobs_leavejob event type
[23.09.11 20:49:17 FINE]: [BetonQuest] Registering nujobs_setlevel event type
[23.09.11 20:49:17 INFO]: [BetonQuest] Registered Events [nujobs_addexp,nujobs_addlevel,nujobs_dellevel,nujobs_joinjob,nujobs_leavejob,nujobs_setlevel]
[23.09.11 20:49:17 FINE]: [BetonQuest] Registering nujobs_joinjob objective type
[23.09.11 20:49:17 FINE]: [BetonQuest] Registering nujobs_leavejob objective type
[23.09.11 20:49:17 FINE]: [BetonQuest] Registering nujobs_levelup objective type
[23.09.11 20:49:17 FINE]: [BetonQuest] Registering nujobs_payment objective type
[23.09.11 20:49:17 INFO]: [BetonQuest] Registered Objectives [nujobs_joinjob,nujobs_leavejob,nujobs_levelup,nujobs_payment]
[23.09.11 20:49:17 INFO]: [BetonQuest] BetonQuest succesfully enabled!
[23.09.11 20:49:17 FINE]: [BetonQuest] Registering papi condition type
[23.09.11 20:49:17 FINE]: [BetonQuest] Registering papi variable type
[23.09.11 20:49:18 INFO]: [BetonQuest] Hooked into PlaceholderAPI, Vault, ProtocolLib, Citizens, WorldEdit, Jobs!
[23.09.11 20:49:18 FINE]: [BetonQuest] Loading stuff in package lesson
[23.09.11 20:49:18 FINE]: [BetonQuest]   Event 'lesson.select_npc_marc' loaded
[23.09.11 20:49:18 FINE]: [BetonQuest]   Event 'lesson.select_npc_lisa' loaded
[23.09.11 20:49:18 FINE]: [BetonQuest]   Event 'lesson.remove_hologram' loaded
[23.09.11 20:49:18 FINE]: [BetonQuest]   Event 'lesson.add_hologram' loaded
[23.09.11 20:49:18 FINE]: [BetonQuest]   Event 'lesson.set_block_debug' loaded
[23.09.11 20:49:18 FINE]: [BetonQuest]   Event 'lesson.add_tag_quest01_started' loaded
[23.09.11 20:49:18 FINE]: [BetonQuest]   Event 'lesson.add_tag_quest01_completed' loaded
[23.09.11 20:49:18 FINE]: [BetonQuest]   Event 'lesson.walk_to_door_marc' loaded
[23.09.11 20:49:18 FINE]: [BetonQuest]   Event 'lesson.open_door_marc' loaded
[23.09.11 20:49:18 FINE]: [BetonQuest]   Event 'lesson.give_key' loaded
[23.09.11 20:49:18 FINE]: [BetonQuest]   Event 'lesson.remove_key' loaded
[23.09.11 20:49:18 FINE]: [BetonQuest]   Event 'lesson.notify_objective_marc' loaded
[23.09.11 20:49:18 FINE]: [BetonQuest]   Condition 'lesson.quest01_started' loaded
[23.09.11 20:49:18 FINE]: [BetonQuest]   Condition 'lesson.quest01_completed' loaded
[23.09.11 20:49:18 FINE]: [BetonQuest]   Condition 'lesson.has_key' loaded
[23.09.11 20:49:18 FINE]: [BetonQuest] Loading merlin conversation from lesson package
[23.09.11 20:49:18 FINE]: [BetonQuest] Variable lesson-%player% loaded
[23.09.11 20:49:18 FINE]: [BetonQuest] Conversation loaded: 5 NPC options and 4 player options
[23.09.11 20:49:18 FINE]: [BetonQuest] Loading marc conversation from lesson package
[23.09.11 20:49:18 FINE]: [BetonQuest] Conversation loaded: 7 NPC options and 4 player options
[23.09.11 20:49:18 FINE]: [BetonQuest] Loading lisa conversation from lesson package
[23.09.11 20:49:18 FINE]: [BetonQuest] Conversation loaded: 4 NPC options and 2 player options
[23.09.11 20:49:18 FINE]: [BetonQuest] Everything in package lesson loaded
[23.09.11 20:49:18 FINE]: [BetonQuest] Loading stuff in package gui
[23.09.11 20:49:18 FINE]: [BetonQuest]   Event 'gui.select_npc_marta' loaded
[23.09.11 20:49:18 FINE]: [BetonQuest]   Event 'gui.select_npc_jobs' loaded
[23.09.11 20:49:18 FINE]: [BetonQuest]   Event 'gui.add_hologram' loaded
[23.09.11 20:49:18 FINE]: [BetonQuest]   Event 'gui.remove_hologram' loaded
[23.09.11 20:49:18 FINE]: [BetonQuest]   Event 'gui.walk_to_door' loaded
[23.09.11 20:49:18 FINE]: [BetonQuest]   Event 'gui.open_door_marta' loaded
[23.09.11 20:49:18 FINE]: [BetonQuest]   Event 'gui.open_gui' loaded
[23.09.11 20:49:18 FINE]: [BetonQuest]   Event 'gui.add_tag_quest02_started' loaded
[23.09.11 20:49:18 FINE]: [BetonQuest]   Event 'gui.add_tag_quest02_completed' loaded
[23.09.11 20:49:18 FINE]: [BetonQuest]   Event 'gui.notify_objective' loaded
[23.09.11 20:49:18 FINE]: [BetonQuest]   Condition 'gui.quest02_started' loaded
[23.09.11 20:49:18 FINE]: [BetonQuest]   Condition 'gui.quest02_completed' loaded
[23.09.11 20:49:18 FINE]: [BetonQuest] Loading marta conversation from gui package
[23.09.11 20:49:18 FINE]: [BetonQuest] Variable gui-%player% loaded
[23.09.11 20:49:18 FINE]: [BetonQuest] Conversation loaded: 7 NPC options and 4 player options
[23.09.11 20:49:18 FINE]: [BetonQuest] Loading jobs conversation from gui package
[23.09.11 20:49:18 FINE]: [BetonQuest] Conversation loaded: 4 NPC options and 2 player options
[23.09.11 20:49:18 FINE]: [BetonQuest] Everything in package gui loaded
[23.09.11 20:49:18 INFO]: [BetonQuest] There are 5 conditions, 22 events, 0 objectives and 5 conversations loaded from 2 packages.
[23.09.11 20:49:18 FINE]: [BetonQuest] There are 0 global_tags and 0 global_points loaded
[23.09.11 20:50:31 FINE]: [BetonQuest] There are 1 objectives, 3 tags, 2 points, 0 journal entries and 0 items loaded for player Telmiyo
[23.09.11 20:50:31 FINE]: [BetonQuest] Inserting data for Telmiyo
[23.09.11 20:50:32 WARNING]: [BetonQuest] Loaded 'lesson.access' objective from the database, but it is not defined in configuration. Skipping.
[23.09.11 20:50:32 FINER]: [BetonQuest] THROW
pl.betoncraft.betonquest.exceptions.ObjectNotFoundException: Objective 'lesson.access' is not defined
	at pl.betoncraft.betonquest.id.ObjectiveID.<init>(ObjectiveID.java:13)
	at pl.betoncraft.betonquest.database.PlayerData.startObjectives(PlayerData.java:284)
	at pl.betoncraft.betonquest.JoinQuitListener.onPlayerJoin(JoinQuitListener.java:57)
	at java.base/jdk.internal.reflect.NativeMethodAccessorImpl.invoke0(Native Method)
	at java.base/jdk.internal.reflect.NativeMethodAccessorImpl.invoke(NativeMethodAccessorImpl.java:77)
	at java.base/jdk.internal.reflect.DelegatingMethodAccessorImpl.invoke(DelegatingMethodAccessorImpl.java:43)
	at java.base/java.lang.reflect.Method.invoke(Method.java:568)
	at org.bukkit.plugin.java.JavaPluginLoader$1.execute(JavaPluginLoader.java:306)
	at org.bukkit.plugin.RegisteredListener.callEvent(RegisteredListener.java:70)
	at org.bukkit.plugin.SimplePluginManager.fireEvent(SimplePluginManager.java:589)
	at org.bukkit.plugin.SimplePluginManager.callEvent(SimplePluginManager.java:576)
	at net.minecraft.server.players.PlayerList.a(PlayerList.java:277)
	at net.minecraft.server.network.LoginListener.a(LoginListener.java:193)
	at net.minecraft.server.network.LoginListener.d(LoginListener.java:179)
	at net.minecraft.server.network.LoginListener.c(LoginListener.java:74)
	at net.minecraft.network.NetworkManager.a(NetworkManager.java:258)
	at net.minecraft.server.network.ServerConnection.c(ServerConnection.java:172)
	at net.minecraft.server.MinecraftServer.b(MinecraftServer.java:1352)
	at net.minecraft.server.dedicated.DedicatedServer.b(DedicatedServer.java:429)
	at net.minecraft.server.MinecraftServer.a(MinecraftServer.java:1237)
	at net.minecraft.server.MinecraftServer.w(MinecraftServer.java:1047)
	at net.minecraft.server.MinecraftServer.lambda$0(MinecraftServer.java:304)
	at java.base/java.lang.Thread.run(Thread.java:833)

[23.09.11 20:50:40 FINE]: [BetonQuest] Firing event gui.add_tag_quest02_started for Telmiyo
[23.09.11 20:50:40 FINE]: [BetonQuest] Firing event gui.select_npc_marta for Telmiyo
[23.09.11 20:50:40 FINE]: [BetonQuest] Firing event gui.remove_hologram for Telmiyo
[23.09.11 20:50:40 FINE]: [BetonQuest] Firing event gui.select_npc_jobs for Telmiyo
[23.09.11 20:50:40 FINE]: [BetonQuest] Firing event gui.add_hologram for Telmiyo
[23.09.11 20:50:43 FINE]: [BetonQuest] Firing event gui.add_tag_quest02_started for Telmiyo
[23.09.11 20:50:43 FINE]: [BetonQuest] Firing event gui.select_npc_marta for Telmiyo
[23.09.11 20:50:43 FINE]: [BetonQuest] Firing event gui.remove_hologram for Telmiyo
[23.09.11 20:50:43 FINE]: [BetonQuest] Firing event gui.select_npc_jobs for Telmiyo
[23.09.11 20:50:43 FINE]: [BetonQuest] Firing event gui.add_hologram for Telmiyo
[23.09.11 20:51:56 FINE]: [BetonQuest] Executing /betonquest command for user Telmiyo with arguments: [reload]
[23.09.11 20:51:56 FINE]: [BetonQuest] Reloading configuration
[23.09.11 20:51:56 FINE]: [BetonQuest] Loaded pl language
[23.09.11 20:51:56 FINE]: [BetonQuest] Loaded en language
[23.09.11 20:51:56 FINE]: [BetonQuest] Loaded de language
[23.09.11 20:51:56 FINE]: [BetonQuest] Loaded fr language
[23.09.11 20:51:56 FINE]: [BetonQuest] Loaded cn language
[23.09.11 20:51:56 FINE]: [BetonQuest] Loaded es language
[23.09.11 20:51:56 FINE]: [BetonQuest] Loaded nl language
[23.09.11 20:51:56 FINE]: [BetonQuest] Loaded it language
[23.09.11 20:51:56 FINE]: [BetonQuest] Loaded hu language
[23.09.11 20:51:56 FINE]: [BetonQuest] Loaded vi language
[23.09.11 20:51:56 FINE]: [BetonQuest] Initializing static events
[23.09.11 20:51:56 FINE]: [BetonQuest] Searching package lesson
[23.09.11 20:51:56 FINE]: [BetonQuest] There are no static events defined, skipping
[23.09.11 20:51:56 FINE]: [BetonQuest] Searching package gui
[23.09.11 20:51:56 FINE]: [BetonQuest] There are no static events defined, skipping
[23.09.11 20:51:56 FINE]: [BetonQuest] Static events initialization done
[23.09.11 20:51:56 FINE]: [BetonQuest] Restarting global locations
[23.09.11 20:51:56 FINE]: [BetonQuest] Loading stuff in package lesson
[23.09.11 20:51:56 FINE]: [BetonQuest]   Event 'lesson.select_npc_marc' loaded
[23.09.11 20:51:56 FINE]: [BetonQuest]   Event 'lesson.select_npc_lisa' loaded
[23.09.11 20:51:56 FINE]: [BetonQuest]   Event 'lesson.remove_hologram' loaded
[23.09.11 20:51:56 FINE]: [BetonQuest]   Event 'lesson.add_hologram' loaded
[23.09.11 20:51:56 FINE]: [BetonQuest]   Event 'lesson.set_block_debug' loaded
[23.09.11 20:51:56 FINE]: [BetonQuest]   Event 'lesson.add_tag_quest01_started' loaded
[23.09.11 20:51:56 FINE]: [BetonQuest]   Event 'lesson.add_tag_quest01_completed' loaded
[23.09.11 20:51:56 FINE]: [BetonQuest]   Event 'lesson.walk_to_door_marc' loaded
[23.09.11 20:51:56 FINE]: [BetonQuest]   Event 'lesson.open_door_marc' loaded
[23.09.11 20:51:56 FINE]: [BetonQuest]   Event 'lesson.give_key' loaded
[23.09.11 20:51:56 FINE]: [BetonQuest]   Event 'lesson.remove_key' loaded
[23.09.11 20:51:56 FINE]: [BetonQuest]   Event 'lesson.notify_objective_marc' loaded
[23.09.11 20:51:56 FINE]: [BetonQuest]   Condition 'lesson.quest01_started' loaded
[23.09.11 20:51:56 FINE]: [BetonQuest]   Condition 'lesson.quest01_completed' loaded
[23.09.11 20:51:56 FINE]: [BetonQuest]   Condition 'lesson.has_key' loaded
[23.09.11 20:51:56 FINE]: [BetonQuest] Loading merlin conversation from lesson package
[23.09.11 20:51:56 FINE]: [BetonQuest] Variable lesson-%player% loaded
[23.09.11 20:51:56 FINE]: [BetonQuest] Conversation loaded: 5 NPC options and 4 player options
[23.09.11 20:51:56 FINE]: [BetonQuest] Loading marc conversation from lesson package
[23.09.11 20:51:56 FINE]: [BetonQuest] Conversation loaded: 7 NPC options and 4 player options
[23.09.11 20:51:56 FINE]: [BetonQuest] Loading lisa conversation from lesson package
[23.09.11 20:51:56 FINE]: [BetonQuest] Conversation loaded: 4 NPC options and 2 player options
[23.09.11 20:51:56 FINE]: [BetonQuest] Everything in package lesson loaded
[23.09.11 20:51:56 FINE]: [BetonQuest] Loading stuff in package gui
[23.09.11 20:51:56 FINE]: [BetonQuest]   Event 'gui.select_npc_marta' loaded
[23.09.11 20:51:56 FINE]: [BetonQuest]   Event 'gui.select_npc_jobs' loaded
[23.09.11 20:51:56 FINE]: [BetonQuest]   Event 'gui.add_hologram' loaded
[23.09.11 20:51:56 FINE]: [BetonQuest]   Event 'gui.remove_hologram' loaded
[23.09.11 20:51:56 FINE]: [BetonQuest]   Event 'gui.walk_to_door' loaded
[23.09.11 20:51:56 FINE]: [BetonQuest]   Event 'gui.open_door_marta' loaded
[23.09.11 20:51:56 FINE]: [BetonQuest]   Event 'gui.open_gui' loaded
[23.09.11 20:51:56 FINE]: [BetonQuest]   Event 'gui.add_tag_quest02_started' loaded
[23.09.11 20:51:56 FINE]: [BetonQuest]   Event 'gui.add_tag_quest02_completed' loaded
[23.09.11 20:51:56 FINE]: [BetonQuest]   Event 'gui.notify_objective' loaded
[23.09.11 20:51:56 FINE]: [BetonQuest]   Condition 'gui.quest02_started' loaded
[23.09.11 20:51:56 FINE]: [BetonQuest]   Condition 'gui.quest02_completed' loaded
[23.09.11 20:51:56 FINE]: [BetonQuest] Loading marta conversation from gui package
[23.09.11 20:51:56 FINE]: [BetonQuest] Variable gui-%player% loaded
[23.09.11 20:51:56 FINE]: [BetonQuest] Conversation loaded: 7 NPC options and 4 player options
[23.09.11 20:51:56 FINE]: [BetonQuest] Loading jobs conversation from gui package
[23.09.11 20:51:56 FINE]: [BetonQuest] Conversation loaded: 4 NPC options and 2 player options
[23.09.11 20:51:56 FINE]: [BetonQuest] Everything in package gui loaded
[23.09.11 20:51:56 INFO]: [BetonQuest] There are 5 conditions, 22 events, 0 objectives and 5 conversations loaded from 2 packages.
[23.09.11 20:51:56 FINE]: [BetonQuest] Updating journal for player Telmiyo
[23.09.11 20:51:56 FINE]: [BetonQuest] Command executing done
[23.09.11 20:51:59 FINE]: [BetonQuest] Firing event gui.add_tag_quest02_started for Telmiyo
[23.09.11 20:51:59 FINE]: [BetonQuest] Firing event gui.select_npc_marta for Telmiyo
[23.09.11 20:51:59 FINE]: [BetonQuest] Firing event gui.remove_hologram for Telmiyo
[23.09.11 20:51:59 FINE]: [BetonQuest] Firing event gui.select_npc_jobs for Telmiyo
[23.09.11 20:51:59 FINE]: [BetonQuest] Firing event gui.add_hologram for Telmiyo
[23.09.11 20:52:02 FINE]: [BetonQuest] Firing event gui.add_tag_quest02_started for Telmiyo
[23.09.11 20:52:02 FINE]: [BetonQuest] Firing event gui.select_npc_marta for Telmiyo
[23.09.11 20:52:02 FINE]: [BetonQuest] Firing event gui.remove_hologram for Telmiyo
[23.09.11 20:52:02 FINE]: [BetonQuest] Firing event gui.select_npc_jobs for Telmiyo
[23.09.11 20:52:02 FINE]: [BetonQuest] Firing event gui.add_hologram for Telmiyo
[23.09.11 20:52:29 FINE]: [BetonQuest] Executing /betonquest command for user Telmiyo with arguments: [reload]
[23.09.11 20:52:29 FINE]: [BetonQuest] Reloading configuration
[23.09.11 20:52:29 FINE]: [BetonQuest] Loaded pl language
[23.09.11 20:52:29 FINE]: [BetonQuest] Loaded en language
[23.09.11 20:52:29 FINE]: [BetonQuest] Loaded de language
[23.09.11 20:52:29 FINE]: [BetonQuest] Loaded fr language
[23.09.11 20:52:29 FINE]: [BetonQuest] Loaded cn language
[23.09.11 20:52:29 FINE]: [BetonQuest] Loaded es language
[23.09.11 20:52:29 FINE]: [BetonQuest] Loaded nl language
[23.09.11 20:52:29 FINE]: [BetonQuest] Loaded it language
[23.09.11 20:52:29 FINE]: [BetonQuest] Loaded hu language
[23.09.11 20:52:29 FINE]: [BetonQuest] Loaded vi language
[23.09.11 20:52:29 FINE]: [BetonQuest] Initializing static events
[23.09.11 20:52:29 FINE]: [BetonQuest] Searching package lesson
[23.09.11 20:52:29 FINE]: [BetonQuest] There are no static events defined, skipping
[23.09.11 20:52:29 FINE]: [BetonQuest] Searching package gui
[23.09.11 20:52:29 FINE]: [BetonQuest] There are no static events defined, skipping
[23.09.11 20:52:29 FINE]: [BetonQuest] Static events initialization done
[23.09.11 20:52:29 FINE]: [BetonQuest] Restarting global locations
[23.09.11 20:52:29 FINE]: [BetonQuest] Loading stuff in package lesson
[23.09.11 20:52:29 FINE]: [BetonQuest]   Event 'lesson.select_npc_marc' loaded
[23.09.11 20:52:29 FINE]: [BetonQuest]   Event 'lesson.select_npc_lisa' loaded
[23.09.11 20:52:29 FINE]: [BetonQuest]   Event 'lesson.remove_hologram' loaded
[23.09.11 20:52:29 FINE]: [BetonQuest]   Event 'lesson.add_hologram' loaded
[23.09.11 20:52:29 FINE]: [BetonQuest]   Event 'lesson.set_block_debug' loaded
[23.09.11 20:52:29 FINE]: [BetonQuest]   Event 'lesson.add_tag_quest01_started' loaded
[23.09.11 20:52:29 FINE]: [BetonQuest]   Event 'lesson.add_tag_quest01_completed' loaded
[23.09.11 20:52:29 FINE]: [BetonQuest]   Event 'lesson.walk_to_door_marc' loaded
[23.09.11 20:52:29 FINE]: [BetonQuest]   Event 'lesson.open_door_marc' loaded
[23.09.11 20:52:29 FINE]: [BetonQuest]   Event 'lesson.give_key' loaded
[23.09.11 20:52:29 FINE]: [BetonQuest]   Event 'lesson.remove_key' loaded
[23.09.11 20:52:29 FINE]: [BetonQuest]   Event 'lesson.notify_objective_marc' loaded
[23.09.11 20:52:29 FINE]: [BetonQuest]   Condition 'lesson.quest01_started' loaded
[23.09.11 20:52:29 FINE]: [BetonQuest]   Condition 'lesson.quest01_completed' loaded
[23.09.11 20:52:29 FINE]: [BetonQuest]   Condition 'lesson.has_key' loaded
[23.09.11 20:52:29 FINE]: [BetonQuest] Loading merlin conversation from lesson package
[23.09.11 20:52:29 FINE]: [BetonQuest] Variable lesson-%player% loaded
[23.09.11 20:52:29 FINE]: [BetonQuest] Conversation loaded: 5 NPC options and 4 player options
[23.09.11 20:52:29 FINE]: [BetonQuest] Loading marc conversation from lesson package
[23.09.11 20:52:29 FINE]: [BetonQuest] Conversation loaded: 7 NPC options and 4 player options
[23.09.11 20:52:29 FINE]: [BetonQuest] Loading lisa conversation from lesson package
[23.09.11 20:52:29 FINE]: [BetonQuest] Conversation loaded: 4 NPC options and 2 player options
[23.09.11 20:52:29 FINE]: [BetonQuest] Everything in package lesson loaded
[23.09.11 20:52:29 FINE]: [BetonQuest] Loading stuff in package gui
[23.09.11 20:52:29 FINE]: [BetonQuest]   Event 'gui.select_npc_marta' loaded
[23.09.11 20:52:29 FINE]: [BetonQuest]   Event 'gui.select_npc_jobs' loaded
[23.09.11 20:52:29 FINE]: [BetonQuest]   Event 'gui.add_hologram' loaded
[23.09.11 20:52:29 FINE]: [BetonQuest]   Event 'gui.remove_hologram' loaded
[23.09.11 20:52:29 FINE]: [BetonQuest]   Event 'gui.walk_to_door' loaded
[23.09.11 20:52:29 FINE]: [BetonQuest]   Event 'gui.open_door_marta' loaded
[23.09.11 20:52:29 FINE]: [BetonQuest]   Event 'gui.open_gui' loaded
[23.09.11 20:52:29 FINE]: [BetonQuest]   Event 'gui.add_tag_quest02_started' loaded
[23.09.11 20:52:29 FINE]: [BetonQuest]   Event 'gui.add_tag_quest02_completed' loaded
[23.09.11 20:52:29 FINE]: [BetonQuest]   Event 'gui.notify_objective' loaded
[23.09.11 20:52:29 FINE]: [BetonQuest]   Condition 'gui.quest02_started' loaded
[23.09.11 20:52:29 FINE]: [BetonQuest]   Condition 'gui.quest02_completed' loaded
[23.09.11 20:52:29 FINE]: [BetonQuest] Loading marta conversation from gui package
[23.09.11 20:52:29 FINE]: [BetonQuest] Variable gui-%player% loaded
[23.09.11 20:52:29 FINE]: [BetonQuest] Conversation loaded: 7 NPC options and 4 player options
[23.09.11 20:52:29 FINE]: [BetonQuest] Loading jobs conversation from gui package
[23.09.11 20:52:29 FINE]: [BetonQuest] Conversation loaded: 4 NPC options and 2 player options
[23.09.11 20:52:29 FINE]: [BetonQuest] Everything in package gui loaded
[23.09.11 20:52:29 INFO]: [BetonQuest] There are 5 conditions, 22 events, 0 objectives and 5 conversations loaded from 2 packages.
[23.09.11 20:52:29 FINE]: [BetonQuest] Updating journal for player Telmiyo
[23.09.11 20:52:29 FINE]: [BetonQuest] Command executing done
[23.09.11 20:52:32 FINE]: [BetonQuest] Firing event gui.add_tag_quest02_started for Telmiyo
[23.09.11 20:52:32 FINE]: [BetonQuest] Firing event gui.select_npc_marta for Telmiyo
[23.09.11 20:52:32 FINE]: [BetonQuest] Firing event gui.remove_hologram for Telmiyo
[23.09.11 20:52:32 FINE]: [BetonQuest] Firing event gui.select_npc_jobs for Telmiyo
[23.09.11 20:52:32 FINE]: [BetonQuest] Firing event gui.add_hologram for Telmiyo
[23.09.11 20:52:34 FINE]: [BetonQuest] FALSE:  condition gui.quest02_completed for player Telmiyo
[23.09.11 20:52:34 FINE]: [BetonQuest] TRUE:  condition gui.quest02_started for player Telmiyo
[23.09.11 20:52:34 FINE]: [BetonQuest] Firing event gui.select_npc_marta for Telmiyo
[23.09.11 20:52:34 FINE]: [BetonQuest] Firing event gui.walk_to_door for Telmiyo
[23.09.11 20:52:34 FINE]: [BetonQuest] Firing event gui.open_door_marta for Telmiyo
[23.09.11 20:52:34 WARNING]: [BetonQuest] Task #4515 for BetonQuest v1.12.10 generated an exception
java.lang.ClassCastException: class org.bukkit.craftbukkit.v1_18_R2.block.data.CraftBlockData cannot be cast to class org.bukkit.block.data.Openable (org.bukkit.craftbukkit.v1_18_R2.block.data.CraftBlockData and org.bukkit.block.data.Openable are in unnamed module of loader java.net.URLClassLoader @15327b79)
	at pl.betoncraft.betonquest.events.DoorEvent.execute(DoorEvent.java:39)
	at pl.betoncraft.betonquest.events.DoorEvent.execute(DoorEvent.java:16)
	at pl.betoncraft.betonquest.api.ForceSyncHandler.handle(ForceSyncHandler.java:68)
	at pl.betoncraft.betonquest.api.QuestEvent.fire(QuestEvent.java:136)
	at pl.betoncraft.betonquest.BetonQuest.event(BetonQuest.java:393)
	at pl.betoncraft.betonquest.conversation.Conversation$NPCEventRunner.run(Conversation.java:601)
	at org.bukkit.craftbukkit.v1_18_R2.scheduler.CraftTask.run(CraftTask.java:82)
	at org.bukkit.craftbukkit.v1_18_R2.scheduler.CraftScheduler.mainThreadHeartbeat(CraftScheduler.java:415)
	at net.minecraft.server.MinecraftServer.b(MinecraftServer.java:1285)
	at net.minecraft.server.dedicated.DedicatedServer.b(DedicatedServer.java:429)
	at net.minecraft.server.MinecraftServer.a(MinecraftServer.java:1237)
	at net.minecraft.server.MinecraftServer.w(MinecraftServer.java:1047)
	at net.minecraft.server.MinecraftServer.lambda$0(MinecraftServer.java:304)
	at java.base/java.lang.Thread.run(Thread.java:833)

[23.09.11 20:53:47 FINE]: [BetonQuest] Executing /betonquest command for user Telmiyo with arguments: [reload]
[23.09.11 20:53:47 FINE]: [BetonQuest] Reloading configuration
[23.09.11 20:53:47 FINE]: [BetonQuest] Loaded pl language
[23.09.11 20:53:47 FINE]: [BetonQuest] Loaded en language
[23.09.11 20:53:47 FINE]: [BetonQuest] Loaded de language
[23.09.11 20:53:47 FINE]: [BetonQuest] Loaded fr language
[23.09.11 20:53:47 FINE]: [BetonQuest] Loaded cn language
[23.09.11 20:53:47 FINE]: [BetonQuest] Loaded es language
[23.09.11 20:53:47 FINE]: [BetonQuest] Loaded nl language
[23.09.11 20:53:47 FINE]: [BetonQuest] Loaded it language
[23.09.11 20:53:47 FINE]: [BetonQuest] Loaded hu language
[23.09.11 20:53:47 FINE]: [BetonQuest] Loaded vi language
[23.09.11 20:53:47 FINE]: [BetonQuest] Initializing static events
[23.09.11 20:53:47 FINE]: [BetonQuest] Searching package lesson
[23.09.11 20:53:47 FINE]: [BetonQuest] There are no static events defined, skipping
[23.09.11 20:53:47 FINE]: [BetonQuest] Searching package gui
[23.09.11 20:53:47 FINE]: [BetonQuest] There are no static events defined, skipping
[23.09.11 20:53:47 FINE]: [BetonQuest] Static events initialization done
[23.09.11 20:53:47 FINE]: [BetonQuest] Restarting global locations
[23.09.11 20:53:47 FINE]: [BetonQuest] Loading stuff in package lesson
[23.09.11 20:53:47 FINE]: [BetonQuest]   Event 'lesson.select_npc_marc' loaded
[23.09.11 20:53:47 FINE]: [BetonQuest]   Event 'lesson.select_npc_lisa' loaded
[23.09.11 20:53:47 FINE]: [BetonQuest]   Event 'lesson.remove_hologram' loaded
[23.09.11 20:53:47 FINE]: [BetonQuest]   Event 'lesson.add_hologram' loaded
[23.09.11 20:53:47 FINE]: [BetonQuest]   Event 'lesson.set_block_debug' loaded
[23.09.11 20:53:47 FINE]: [BetonQuest]   Event 'lesson.add_tag_quest01_started' loaded
[23.09.11 20:53:47 FINE]: [BetonQuest]   Event 'lesson.add_tag_quest01_completed' loaded
[23.09.11 20:53:47 FINE]: [BetonQuest]   Event 'lesson.walk_to_door_marc' loaded
[23.09.11 20:53:47 FINE]: [BetonQuest]   Event 'lesson.open_door_marc' loaded
[23.09.11 20:53:47 FINE]: [BetonQuest]   Event 'lesson.give_key' loaded
[23.09.11 20:53:47 FINE]: [BetonQuest]   Event 'lesson.remove_key' loaded
[23.09.11 20:53:47 FINE]: [BetonQuest]   Event 'lesson.notify_objective_marc' loaded
[23.09.11 20:53:47 FINE]: [BetonQuest]   Condition 'lesson.quest01_started' loaded
[23.09.11 20:53:47 FINE]: [BetonQuest]   Condition 'lesson.quest01_completed' loaded
[23.09.11 20:53:47 FINE]: [BetonQuest]   Condition 'lesson.has_key' loaded
[23.09.11 20:53:47 FINE]: [BetonQuest] Loading merlin conversation from lesson package
[23.09.11 20:53:47 FINE]: [BetonQuest] Variable lesson-%player% loaded
[23.09.11 20:53:47 FINE]: [BetonQuest] Conversation loaded: 5 NPC options and 4 player options
[23.09.11 20:53:47 FINE]: [BetonQuest] Loading marc conversation from lesson package
[23.09.11 20:53:47 FINE]: [BetonQuest] Conversation loaded: 7 NPC options and 4 player options
[23.09.11 20:53:47 FINE]: [BetonQuest] Loading lisa conversation from lesson package
[23.09.11 20:53:47 FINE]: [BetonQuest] Conversation loaded: 4 NPC options and 2 player options
[23.09.11 20:53:47 FINE]: [BetonQuest] Everything in package lesson loaded
[23.09.11 20:53:47 FINE]: [BetonQuest] Loading stuff in package gui
[23.09.11 20:53:47 FINE]: [BetonQuest]   Event 'gui.select_npc_marta' loaded
[23.09.11 20:53:47 FINE]: [BetonQuest]   Event 'gui.select_npc_jobs' loaded
[23.09.11 20:53:47 FINE]: [BetonQuest]   Event 'gui.add_hologram' loaded
[23.09.11 20:53:47 FINE]: [BetonQuest]   Event 'gui.remove_hologram' loaded
[23.09.11 20:53:47 FINE]: [BetonQuest]   Event 'gui.walk_to_door' loaded
[23.09.11 20:53:47 FINE]: [BetonQuest]   Event 'gui.open_door_marta' loaded
[23.09.11 20:53:47 FINE]: [BetonQuest]   Event 'gui.open_gui' loaded
[23.09.11 20:53:47 FINE]: [BetonQuest]   Event 'gui.add_tag_quest02_started' loaded
[23.09.11 20:53:47 FINE]: [BetonQuest]   Event 'gui.add_tag_quest02_completed' loaded
[23.09.11 20:53:47 FINE]: [BetonQuest]   Event 'gui.notify_objective' loaded
[23.09.11 20:53:47 FINE]: [BetonQuest]   Condition 'gui.quest02_started' loaded
[23.09.11 20:53:47 FINE]: [BetonQuest]   Condition 'gui.quest02_completed' loaded
[23.09.11 20:53:47 FINE]: [BetonQuest] Loading marta conversation from gui package
[23.09.11 20:53:47 FINE]: [BetonQuest] Variable gui-%player% loaded
[23.09.11 20:53:47 FINE]: [BetonQuest] Conversation loaded: 7 NPC options and 4 player options
[23.09.11 20:53:47 FINE]: [BetonQuest] Loading jobs conversation from gui package
[23.09.11 20:53:47 FINE]: [BetonQuest] Conversation loaded: 4 NPC options and 2 player options
[23.09.11 20:53:47 FINE]: [BetonQuest] Everything in package gui loaded
[23.09.11 20:53:47 INFO]: [BetonQuest] There are 5 conditions, 22 events, 0 objectives and 5 conversations loaded from 2 packages.
[23.09.11 20:53:47 FINE]: [BetonQuest] Updating journal for player Telmiyo
[23.09.11 20:53:47 FINE]: [BetonQuest] Command executing done
[23.09.11 20:54:15 FINE]: [BetonQuest] Executing /betonquest command for user Telmiyo with arguments: [debug, true]
[23.09.11 20:54:15 INFO]: =====END OF HISTORY=====
[23.09.11 20:54:15 INFO]: [BetonQuest] Debuging mode was enabled!
[23.09.11 20:54:15 FINE]: [BetonQuest] Command executing done
[23.09.11 20:54:18 INFO]: [BetonQuest] Disabling BetonQuest v1.12.10
[23.09.11 20:54:18 FINER]: [BetonQuest] This is an exception, that could be normally ignored. If you think anyway, this is not normal, please report this to <https://github.com/BetonQuest/BetonQuest/issues>. And there you have a cookie: <http://i.imgur.com/iR4UMH5.png>
org.bukkit.plugin.IllegalPluginAccessException: Plugin attempted to register task while disabled
	at org.bukkit.craftbukkit.v1_18_R2.scheduler.CraftScheduler.validate(CraftScheduler.java:468)
	at org.bukkit.craftbukkit.v1_18_R2.scheduler.CraftScheduler.runTaskTimer(CraftScheduler.java:196)
	at org.bukkit.craftbukkit.v1_18_R2.scheduler.CraftScheduler.runTaskTimer(CraftScheduler.java:187)
	at org.bukkit.craftbukkit.v1_18_R2.scheduler.CraftScheduler.runTaskLater(CraftScheduler.java:151)
	at org.bukkit.craftbukkit.v1_18_R2.scheduler.CraftScheduler.runTask(CraftScheduler.java:120)
	at org.bukkit.scheduler.BukkitRunnable.runTask(BukkitRunnable.java:45)
	at pl.betoncraft.betonquest.conversation.Conversation.suspend(Conversation.java:430)
	at pl.betoncraft.betonquest.BetonQuest.onDisable(BetonQuest.java:1102)
	at org.bukkit.plugin.java.JavaPlugin.setEnabled(JavaPlugin.java:266)
	at org.bukkit.plugin.java.JavaPluginLoader.disablePlugin(JavaPluginLoader.java:367)
	at org.bukkit.plugin.SimplePluginManager.disablePlugin(SimplePluginManager.java:501)
	at org.bukkit.plugin.SimplePluginManager.disablePlugins(SimplePluginManager.java:493)
	at org.bukkit.plugin.SimplePluginManager.clearPlugins(SimplePluginManager.java:544)
	at org.bukkit.craftbukkit.v1_18_R2.CraftServer.reload(CraftServer.java:888)
	at org.bukkit.Bukkit.reload(Bukkit.java:801)
	at org.bukkit.command.defaults.ReloadCommand.execute(ReloadCommand.java:27)
	at org.bukkit.command.SimpleCommandMap.dispatch(SimpleCommandMap.java:149)
	at org.bukkit.craftbukkit.v1_18_R2.CraftServer.dispatchCommand(CraftServer.java:826)
	at net.minecraft.server.network.PlayerConnection.a(PlayerConnection.java:1957)
	at net.minecraft.server.network.PlayerConnection.a(PlayerConnection.java:1796)
	at net.minecraft.server.network.PlayerConnection.a(PlayerConnection.java:1777)
	at net.minecraft.network.protocol.game.PacketPlayInChat.a(PacketPlayInChat.java:46)
	at net.minecraft.network.protocol.game.PacketPlayInChat.a(PacketPlayInChat.java:1)
	at net.minecraft.network.protocol.PlayerConnectionUtils.lambda$0(PlayerConnectionUtils.java:31)
	at net.minecraft.server.TickTask.run(SourceFile:18)
	at net.minecraft.util.thread.IAsyncTaskHandler.d(SourceFile:157)
	at net.minecraft.util.thread.IAsyncTaskHandlerReentrant.d(SourceFile:23)
	at net.minecraft.server.MinecraftServer.b(MinecraftServer.java:1190)
	at net.minecraft.server.MinecraftServer.d(MinecraftServer.java:1)
	at net.minecraft.util.thread.IAsyncTaskHandler.y(SourceFile:131)
	at net.minecraft.server.MinecraftServer.be(MinecraftServer.java:1169)
	at net.minecraft.server.MinecraftServer.y(MinecraftServer.java:1162)
	at net.minecraft.util.thread.IAsyncTaskHandler.bo(SourceFile:116)
	at net.minecraft.server.MinecraftServer.x(MinecraftServer.java:1145)
	at net.minecraft.server.MinecraftServer.w(MinecraftServer.java:1051)
	at net.minecraft.server.MinecraftServer.lambda$0(MinecraftServer.java:304)
	at java.base/java.lang.Thread.run(Thread.java:833)

[23.09.11 20:54:18 FINE]: [BetonQuest] Killing all timers on disable
[23.09.11 20:54:18 INFO]: [BetonQuest] BetonQuest succesfully disabled!
