[23.09.11 21:25:48 FINE]: [BetonQuest] Loaded pl language
[23.09.11 21:25:48 FINE]: [BetonQuest] Loaded en language
[23.09.11 21:25:48 FINE]: [BetonQuest] Loaded de language
[23.09.11 21:25:48 FINE]: [BetonQuest] Loaded fr language
[23.09.11 21:25:48 FINE]: [BetonQuest] Loaded cn language
[23.09.11 21:25:48 FINE]: [BetonQuest] Loaded es language
[23.09.11 21:25:48 FINE]: [BetonQuest] Loaded nl language
[23.09.11 21:25:48 FINE]: [BetonQuest] Loaded it language
[23.09.11 21:25:48 FINE]: [BetonQuest] Loaded hu language
[23.09.11 21:25:48 FINE]: [BetonQuest] Loaded vi language
[23.09.11 21:25:48 INFO]: [BetonQuest] Using SQLite for storing data!
[23.09.11 21:25:48 FINE]: [BetonQuest] Initializing updater with version v64, destination is v64
[23.09.11 21:25:48 INFO]: [BetonQuest] Configuration up to date!
[23.09.11 21:25:48 FINE]: [BetonQuest] Initializing static events
[23.09.11 21:25:48 FINE]: [BetonQuest] Searching package lesson
[23.09.11 21:25:48 FINE]: [BetonQuest] There are no static events defined, skipping
[23.09.11 21:25:48 FINE]: [BetonQuest] Searching package gui
[23.09.11 21:25:48 FINE]: [BetonQuest] There are no static events defined, skipping
[23.09.11 21:25:48 FINE]: [BetonQuest] Searching package items
[23.09.11 21:25:48 FINE]: [BetonQuest] There are no static events defined, skipping
[23.09.11 21:25:48 FINE]: [BetonQuest] Static events initialization done
[23.09.11 21:25:48 FINE]: [BetonQuest] Registering health condition type
[23.09.11 21:25:48 FINE]: [BetonQuest] Registering permission condition type
[23.09.11 21:25:48 FINE]: [BetonQuest] Registering experience condition type
[23.09.11 21:25:48 FINE]: [BetonQuest] Registering tag condition type
[23.09.11 21:25:48 FINE]: [BetonQuest] Registering globaltag condition type
[23.09.11 21:25:48 FINE]: [BetonQuest] Registering point condition type
[23.09.11 21:25:48 FINE]: [BetonQuest] Registering globalpoint condition type
[23.09.11 21:25:48 FINE]: [BetonQuest] Registering and condition type
[23.09.11 21:25:48 FINE]: [BetonQuest] Registering or condition type
[23.09.11 21:25:48 FINE]: [BetonQuest] Registering time condition type
[23.09.11 21:25:48 FINE]: [BetonQuest] Registering weather condition type
[23.09.11 21:25:48 FINE]: [BetonQuest] Registering height condition type
[23.09.11 21:25:48 FINE]: [BetonQuest] Registering item condition type
[23.09.11 21:25:48 FINE]: [BetonQuest] Registering hand condition type
[23.09.11 21:25:48 FINE]: [BetonQuest] Registering location condition type
[23.09.11 21:25:48 FINE]: [BetonQuest] Registering armor condition type
[23.09.11 21:25:48 FINE]: [BetonQuest] Registering effect condition type
[23.09.11 21:25:48 FINE]: [BetonQuest] Registering rating condition type
[23.09.11 21:25:48 FINE]: [BetonQuest] Registering sneak condition type
[23.09.11 21:25:48 FINE]: [BetonQuest] Registering random condition type
[23.09.11 21:25:48 FINE]: [BetonQuest] Registering journal condition type
[23.09.11 21:25:48 FINE]: [BetonQuest] Registering testforblock condition type
[23.09.11 21:25:48 FINE]: [BetonQuest] Registering empty condition type
[23.09.11 21:25:48 FINE]: [BetonQuest] Registering party condition type
[23.09.11 21:25:48 FINE]: [BetonQuest] Registering entities condition type
[23.09.11 21:25:48 FINE]: [BetonQuest] Registering objective condition type
[23.09.11 21:25:48 FINE]: [BetonQuest] Registering check condition type
[23.09.11 21:25:48 FINE]: [BetonQuest] Registering chestitem condition type
[23.09.11 21:25:48 FINE]: [BetonQuest] Registering score condition type
[23.09.11 21:25:48 FINE]: [BetonQuest] Registering riding condition type
[23.09.11 21:25:48 FINE]: [BetonQuest] Registering world condition type
[23.09.11 21:25:48 FINE]: [BetonQuest] Registering gamemode condition type
[23.09.11 21:25:48 FINE]: [BetonQuest] Registering advancement condition type
[23.09.11 21:25:48 FINE]: [BetonQuest] Registering variable condition type
[23.09.11 21:25:48 FINE]: [BetonQuest] Registering biome condition type
[23.09.11 21:25:48 FINE]: [BetonQuest] Registering dayofweek condition type
[23.09.11 21:25:48 FINE]: [BetonQuest] Registering partialdate condition type
[23.09.11 21:25:48 FINE]: [BetonQuest] Registering realtime condition type
[23.09.11 21:25:48 FINE]: [BetonQuest] Registering looking condition type
[23.09.11 21:25:48 FINE]: [BetonQuest] Registering facing condition type
[23.09.11 21:25:48 FINE]: [BetonQuest] Registering conversation condition type
[23.09.11 21:25:48 FINE]: [BetonQuest] Registering mooncycle condition type
[23.09.11 21:25:48 FINE]: [BetonQuest] Registering fly condition type
[23.09.11 21:25:48 FINE]: [BetonQuest] Registering message event type
[23.09.11 21:25:48 FINE]: [BetonQuest] Registering objective event type
[23.09.11 21:25:48 FINE]: [BetonQuest] Registering command event type
[23.09.11 21:25:48 FINE]: [BetonQuest] Registering tag event type
[23.09.11 21:25:48 FINE]: [BetonQuest] Registering globaltag event type
[23.09.11 21:25:48 FINE]: [BetonQuest] Registering journal event type
[23.09.11 21:25:48 FINE]: [BetonQuest] Registering teleport event type
[23.09.11 21:25:48 FINE]: [BetonQuest] Registering explosion event type
[23.09.11 21:25:48 FINE]: [BetonQuest] Registering lightning event type
[23.09.11 21:25:48 FINE]: [BetonQuest] Registering point event type
[23.09.11 21:25:48 FINE]: [BetonQuest] Registering globalpoint event type
[23.09.11 21:25:48 FINE]: [BetonQuest] Registering give event type
[23.09.11 21:25:48 FINE]: [BetonQuest] Registering take event type
[23.09.11 21:25:48 FINE]: [BetonQuest] Registering conversation event type
[23.09.11 21:25:48 FINE]: [BetonQuest] Registering kill event type
[23.09.11 21:25:48 FINE]: [BetonQuest] Registering effect event type
[23.09.11 21:25:48 FINE]: [BetonQuest] Registering deleffect event type
[23.09.11 21:25:48 FINE]: [BetonQuest] Registering deletepoint event type
[23.09.11 21:25:48 FINE]: [BetonQuest] Registering spawn event type
[23.09.11 21:25:48 FINE]: [BetonQuest] Registering killmob event type
[23.09.11 21:25:48 FINE]: [BetonQuest] Registering time event type
[23.09.11 21:25:48 FINE]: [BetonQuest] Registering weather event type
[23.09.11 21:25:48 FINE]: [BetonQuest] Registering folder event type
[23.09.11 21:25:48 FINE]: [BetonQuest] Registering setblock event type
[23.09.11 21:25:48 FINE]: [BetonQuest] Registering damage event type
[23.09.11 21:25:48 FINE]: [BetonQuest] Registering party event type
[23.09.11 21:25:48 FINE]: [BetonQuest] Registering clear event type
[23.09.11 21:25:48 FINE]: [BetonQuest] Registering run event type
[23.09.11 21:25:48 FINE]: [BetonQuest] Registering givejournal event type
[23.09.11 21:25:48 FINE]: [BetonQuest] Registering sudo event type
[23.09.11 21:25:48 FINE]: [BetonQuest] Registering opsudo event type
[23.09.11 21:25:48 FINE]: [BetonQuest] Registering chestgive event type
[23.09.11 21:25:48 FINE]: [BetonQuest] Registering chesttake event type
[23.09.11 21:25:48 FINE]: [BetonQuest] Registering chestclear event type
[23.09.11 21:25:48 FINE]: [BetonQuest] Registering compass event type
[23.09.11 21:25:48 FINE]: [BetonQuest] Registering cancel event type
[23.09.11 21:25:48 FINE]: [BetonQuest] Registering score event type
[23.09.11 21:25:48 FINE]: [BetonQuest] Registering lever event type
[23.09.11 21:25:48 FINE]: [BetonQuest] Registering door event type
[23.09.11 21:25:48 FINE]: [BetonQuest] Registering if event type
[23.09.11 21:25:48 FINE]: [BetonQuest] Registering variable event type
[23.09.11 21:25:48 FINE]: [BetonQuest] Registering title event type
[23.09.11 21:25:48 FINE]: [BetonQuest] Registering language event type
[23.09.11 21:25:48 FINE]: [BetonQuest] Registering playsound event type
[23.09.11 21:25:48 FINE]: [BetonQuest] Registering pickrandom event type
[23.09.11 21:25:48 FINE]: [BetonQuest] Registering experience event type
[23.09.11 21:25:48 FINE]: [BetonQuest] Registering notify event type
[23.09.11 21:25:48 FINE]: [BetonQuest] Registering notifyall event type
[23.09.11 21:25:48 FINE]: [BetonQuest] Registering chat event type
[23.09.11 21:25:48 FINE]: [BetonQuest] Registering location objective type
[23.09.11 21:25:48 FINE]: [BetonQuest] Registering block objective type
[23.09.11 21:25:48 FINE]: [BetonQuest] Registering mobkill objective type
[23.09.11 21:25:48 FINE]: [BetonQuest] Registering action objective type
[23.09.11 21:25:48 FINE]: [BetonQuest] Registering die objective type
[23.09.11 21:25:48 FINE]: [BetonQuest] Registering craft objective type
[23.09.11 21:25:48 FINE]: [BetonQuest] Registering smelt objective type
[23.09.11 21:25:48 FINE]: [BetonQuest] Registering tame objective type
[23.09.11 21:25:48 FINE]: [BetonQuest] Registering delay objective type
[23.09.11 21:25:48 FINE]: [BetonQuest] Registering arrow objective type
[23.09.11 21:25:48 FINE]: [BetonQuest] Registering experience objective type
[23.09.11 21:25:48 FINE]: [BetonQuest] Registering step objective type
[23.09.11 21:25:48 FINE]: [BetonQuest] Registering logout objective type
[23.09.11 21:25:48 FINE]: [BetonQuest] Registering login objective type
[23.09.11 21:25:48 FINE]: [BetonQuest] Registering password objective type
[23.09.11 21:25:48 FINE]: [BetonQuest] Registering pickup objective type
[23.09.11 21:25:48 FINE]: [BetonQuest] Registering fish objective type
[23.09.11 21:25:48 FINE]: [BetonQuest] Registering enchant objective type
[23.09.11 21:25:48 FINE]: [BetonQuest] Registering shear objective type
[23.09.11 21:25:48 FINE]: [BetonQuest] Registering chestput objective type
[23.09.11 21:25:48 FINE]: [BetonQuest] Registering brew objective type
[23.09.11 21:25:48 FINE]: [BetonQuest] Registering riding objective type
[23.09.11 21:25:48 FINE]: [BetonQuest] Registering consume objective type
[23.09.11 21:25:48 FINE]: [BetonQuest] Registering variable objective type
[23.09.11 21:25:48 FINE]: [BetonQuest] Registering kill objective type
[23.09.11 21:25:48 FINE]: [BetonQuest] Registering interact objective type
[23.09.11 21:25:48 FINE]: [BetonQuest] Registering respawn objective type
[23.09.11 21:25:48 FINE]: [BetonQuest] Registering breed objective type
[23.09.11 21:25:48 FINE]: [BetonQuest] Registering simple conversation IO type
[23.09.11 21:25:48 FINE]: [BetonQuest] Registering tellraw conversation IO type
[23.09.11 21:25:48 FINE]: [BetonQuest] Registering chest conversation IO type
[23.09.11 21:25:48 FINE]: [BetonQuest] Registering combined conversation IO type
[23.09.11 21:25:48 FINE]: [BetonQuest] Registering slowtellraw conversation IO type
[23.09.11 21:25:48 FINE]: [BetonQuest] Registering simple interceptor type
[23.09.11 21:25:48 FINE]: [BetonQuest] Registering none interceptor type
[23.09.11 21:25:48 FINE]: [BetonQuest] Registering suppress notify IO type
[23.09.11 21:25:48 FINE]: [BetonQuest] Registering chat notify IO type
[23.09.11 21:25:48 FINE]: [BetonQuest] Registering advancement notify IO type
[23.09.11 21:25:48 FINE]: [BetonQuest] Registering actionbar notify IO type
[23.09.11 21:25:48 FINE]: [BetonQuest] Registering bossbar notify IO type
[23.09.11 21:25:48 FINE]: [BetonQuest] Registering title notify IO type
[23.09.11 21:25:48 FINE]: [BetonQuest] Registering subtitle notify IO type
[23.09.11 21:25:48 FINE]: [BetonQuest] Registering sound notify IO type
[23.09.11 21:25:48 FINE]: [BetonQuest] Registering condition variable type
[23.09.11 21:25:48 FINE]: [BetonQuest] Registering player variable type
[23.09.11 21:25:48 FINE]: [BetonQuest] Registering npc variable type
[23.09.11 21:25:48 FINE]: [BetonQuest] Registering objective variable type
[23.09.11 21:25:48 FINE]: [BetonQuest] Registering point variable type
[23.09.11 21:25:48 FINE]: [BetonQuest] Registering globalpoint variable type
[23.09.11 21:25:48 FINE]: [BetonQuest] Registering item variable type
[23.09.11 21:25:48 FINE]: [BetonQuest] Registering version variable type
[23.09.11 21:25:48 FINE]: [BetonQuest] Registering location variable type
[23.09.11 21:25:48 FINE]: [BetonQuest] Registering math variable type
[23.09.11 21:25:48 INFO]: [BetonQuest] Hooking into PlaceholderAPI
[23.09.11 21:25:48 FINE]: [BetonQuest] Registering ph variable type
[23.09.11 21:25:48 INFO]: [BetonQuest] Hooking into Vault
[23.09.11 21:25:48 WARNING]: [BetonQuest] There is no economy plugin on the server!
[23.09.11 21:25:48 FINE]: [BetonQuest] Registering permission event type
[23.09.11 21:25:48 INFO]: [BetonQuest] Hooking into ProtocolLib
[23.09.11 21:25:48 FINE]: [BetonQuest] Registering menu conversation IO type
[23.09.11 21:25:48 FINE]: [BetonQuest] Registering packet interceptor type
[23.09.11 21:25:48 INFO]: [BetonQuest] Hooking into Citizens
[23.09.11 21:25:48 FINE]: [BetonQuest] Registering updatevisibility event type
[23.09.11 21:25:48 FINE]: [BetonQuest] Registering npckill objective type
[23.09.11 21:25:48 FINE]: [BetonQuest] Registering npcinteract objective type
[23.09.11 21:25:48 FINE]: [BetonQuest] Registering npcrange objective type
[23.09.11 21:25:48 FINE]: [BetonQuest] Registering movenpc event type
[23.09.11 21:25:48 FINE]: [BetonQuest] Registering teleportnpc event type
[23.09.11 21:25:48 FINE]: [BetonQuest] Registering stopnpc event type
[23.09.11 21:25:48 FINE]: [BetonQuest] Registering chest conversation IO type
[23.09.11 21:25:48 FINE]: [BetonQuest] Registering combined conversation IO type
[23.09.11 21:25:48 FINE]: [BetonQuest] Registering citizen variable type
[23.09.11 21:25:48 FINE]: [BetonQuest] Registering npcdistance condition type
[23.09.11 21:25:48 FINE]: [BetonQuest] Registering npclocation condition type
[23.09.11 21:25:48 INFO]: [BetonQuest] Hooking into WorldEdit
[23.09.11 21:25:48 FINE]: [BetonQuest] Registering paste event type
[23.09.11 21:25:48 INFO]: [BetonQuest] Hooking into Jobs
[23.09.11 21:25:48 FINE]: [BetonQuest] Registering nujobs_canlevel condition type
[23.09.11 21:25:48 FINE]: [BetonQuest] Registering nujobs_hasjob condition type
[23.09.11 21:25:48 FINE]: [BetonQuest] Registering nujobs_jobfull condition type
[23.09.11 21:25:48 FINE]: [BetonQuest] Registering nujobs_joblevel condition type
[23.09.11 21:25:48 INFO]: [BetonQuest] Registered Conditions [nujobs_canlevel,nujobs_hasjob,nujobs_jobfull,nujobs_joblevel]
[23.09.11 21:25:48 FINE]: [BetonQuest] Registering nujobs_addexp event type
[23.09.11 21:25:48 FINE]: [BetonQuest] Registering nujobs_addlevel event type
[23.09.11 21:25:48 FINE]: [BetonQuest] Registering nujobs_dellevel event type
[23.09.11 21:25:48 FINE]: [BetonQuest] Registering nujobs_joinjob event type
[23.09.11 21:25:48 FINE]: [BetonQuest] Registering nujobs_leavejob event type
[23.09.11 21:25:48 FINE]: [BetonQuest] Registering nujobs_setlevel event type
[23.09.11 21:25:48 INFO]: [BetonQuest] Registered Events [nujobs_addexp,nujobs_addlevel,nujobs_dellevel,nujobs_joinjob,nujobs_leavejob,nujobs_setlevel]
[23.09.11 21:25:48 FINE]: [BetonQuest] Registering nujobs_joinjob objective type
[23.09.11 21:25:48 FINE]: [BetonQuest] Registering nujobs_leavejob objective type
[23.09.11 21:25:48 FINE]: [BetonQuest] Registering nujobs_levelup objective type
[23.09.11 21:25:48 FINE]: [BetonQuest] Registering nujobs_payment objective type
[23.09.11 21:25:48 INFO]: [BetonQuest] Registered Objectives [nujobs_joinjob,nujobs_leavejob,nujobs_levelup,nujobs_payment]
[23.09.11 21:25:48 INFO]: [BetonQuest] BetonQuest succesfully enabled!
[23.09.11 21:25:48 FINE]: [BetonQuest] Registering papi condition type
[23.09.11 21:25:48 FINE]: [BetonQuest] Registering papi variable type
[23.09.11 21:25:49 INFO]: [BetonQuest] Hooked into PlaceholderAPI, Vault, ProtocolLib, Citizens, WorldEdit, Jobs!
[23.09.11 21:25:49 FINE]: [BetonQuest] Loading stuff in package lesson
[23.09.11 21:25:49 FINE]: [BetonQuest]   Event 'lesson.select_npc_marc' loaded
[23.09.11 21:25:49 FINE]: [BetonQuest]   Event 'lesson.select_npc_lisa' loaded
[23.09.11 21:25:49 FINE]: [BetonQuest]   Event 'lesson.remove_hologram' loaded
[23.09.11 21:25:49 FINE]: [BetonQuest]   Event 'lesson.add_hologram' loaded
[23.09.11 21:25:49 FINE]: [BetonQuest]   Event 'lesson.set_block_debug' loaded
[23.09.11 21:25:49 FINE]: [BetonQuest]   Event 'lesson.add_tag_quest01_started' loaded
[23.09.11 21:25:49 FINE]: [BetonQuest]   Event 'lesson.add_tag_quest01_completed' loaded
[23.09.11 21:25:49 FINE]: [BetonQuest]   Event 'lesson.walk_to_door_marc' loaded
[23.09.11 21:25:49 FINE]: [BetonQuest]   Event 'lesson.open_door_marc' loaded
[23.09.11 21:25:49 FINE]: [BetonQuest]   Event 'lesson.give_key' loaded
[23.09.11 21:25:49 FINE]: [BetonQuest]   Event 'lesson.remove_key' loaded
[23.09.11 21:25:49 FINE]: [BetonQuest]   Event 'lesson.notify_objective_marc' loaded
[23.09.11 21:25:49 FINE]: [BetonQuest]   Condition 'lesson.quest01_started' loaded
[23.09.11 21:25:49 FINE]: [BetonQuest]   Condition 'lesson.quest01_completed' loaded
[23.09.11 21:25:49 FINE]: [BetonQuest]   Condition 'lesson.has_key' loaded
[23.09.11 21:25:49 FINE]: [BetonQuest] Loading merlin conversation from lesson package
[23.09.11 21:25:49 FINE]: [BetonQuest] Variable lesson-%player% loaded
[23.09.11 21:25:49 FINE]: [BetonQuest] Conversation loaded: 5 NPC options and 4 player options
[23.09.11 21:25:49 FINE]: [BetonQuest] Loading marc conversation from lesson package
[23.09.11 21:25:49 FINE]: [BetonQuest] Conversation loaded: 7 NPC options and 4 player options
[23.09.11 21:25:49 FINE]: [BetonQuest] Loading lisa conversation from lesson package
[23.09.11 21:25:49 FINE]: [BetonQuest] Conversation loaded: 4 NPC options and 2 player options
[23.09.11 21:25:49 FINE]: [BetonQuest] Everything in package lesson loaded
[23.09.11 21:25:49 FINE]: [BetonQuest] Loading stuff in package gui
[23.09.11 21:25:49 FINE]: [BetonQuest]   Event 'gui.select_npc_marta' loaded
[23.09.11 21:25:49 FINE]: [BetonQuest]   Event 'gui.select_npc_jobs' loaded
[23.09.11 21:25:49 FINE]: [BetonQuest]   Event 'gui.add_hologram' loaded
[23.09.11 21:25:49 FINE]: [BetonQuest]   Event 'gui.remove_hologram' loaded
[23.09.11 21:25:49 FINE]: [BetonQuest]   Event 'gui.walk_to_door_marta' loaded
[23.09.11 21:25:49 FINE]: [BetonQuest]   Event 'gui.open_door_marta' loaded
[23.09.11 21:25:49 FINE]: [BetonQuest]   Event 'gui.open_gui' loaded
[23.09.11 21:25:49 FINE]: [BetonQuest]   Event 'gui.add_tag_quest02_started' loaded
[23.09.11 21:25:49 FINE]: [BetonQuest]   Event 'gui.add_tag_quest02_completed' loaded
[23.09.11 21:25:49 FINE]: [BetonQuest]   Event 'gui.notify_objective' loaded
[23.09.11 21:25:49 FINE]: [BetonQuest]   Condition 'gui.quest02_started' loaded
[23.09.11 21:25:49 FINE]: [BetonQuest]   Condition 'gui.quest02_completed' loaded
[23.09.11 21:25:49 FINE]: [BetonQuest] Loading marta conversation from gui package
[23.09.11 21:25:49 FINE]: [BetonQuest] Variable gui-%player% loaded
[23.09.11 21:25:49 FINE]: [BetonQuest] Conversation loaded: 7 NPC options and 4 player options
[23.09.11 21:25:49 FINE]: [BetonQuest] Loading jobs conversation from gui package
[23.09.11 21:25:49 FINE]: [BetonQuest] Conversation loaded: 4 NPC options and 2 player options
[23.09.11 21:25:49 FINE]: [BetonQuest] Everything in package gui loaded
[23.09.11 21:25:49 FINE]: [BetonQuest] Loading stuff in package items
[23.09.11 21:25:49 FINE]: [BetonQuest] Everything in package items loaded
[23.09.11 21:25:49 INFO]: [BetonQuest] There are 5 conditions, 22 events, 0 objectives and 5 conversations loaded from 3 packages.
[23.09.11 21:25:49 FINE]: [BetonQuest] There are 0 global_tags and 0 global_points loaded
[23.09.11 21:26:33 FINE]: [BetonQuest] There are 0 objectives, 2 tags, 0 points, 0 journal entries and 0 items loaded for player Telmiyo
[23.09.11 21:26:33 FINE]: [BetonQuest] Inserting data for Telmiyo
[23.09.11 21:27:30 FINE]: [BetonQuest] Executing /betonquest command for user Telmiyo with arguments: [tag, Telmiyo]
[23.09.11 21:27:30 FINE]: [BetonQuest] Loading data asynchronously
[23.09.11 21:27:30 FINE]: [BetonQuest] Command executing done
[23.09.11 21:27:30 FINE]: [BetonQuest] Listing tags
[23.09.11 21:27:43 FINE]: [BetonQuest] Executing /betonquest command for user Telmiyo with arguments: [delete, tag, gui.quest02_completed]
[23.09.11 21:27:43 FINE]: [BetonQuest] Loading data asynchronously
[23.09.11 21:27:43 FINE]: [BetonQuest] Command executing done
[23.09.11 21:27:47 FINE]: [BetonQuest] Executing /betonquest command for user Telmiyo with arguments: [delete, tag, gui.quest02_started]
[23.09.11 21:27:47 FINE]: [BetonQuest] Loading data asynchronously
[23.09.11 21:27:47 FINE]: [BetonQuest] Command executing done
[23.09.11 21:28:15 FINE]: [BetonQuest] Firing event lesson.add_tag_quest01_started for Telmiyo
[23.09.11 21:28:15 FINE]: [BetonQuest] TRUE: inverted condition lesson.has_key for player Telmiyo
[23.09.11 21:28:15 FINE]: [BetonQuest] FALSE:  condition lesson.has_key for player Telmiyo
[23.09.11 21:28:16 FINE]: [BetonQuest] Firing event lesson.select_npc_lisa for Telmiyo
[23.09.11 21:28:16 FINE]: [BetonQuest] Firing event lesson.add_hologram for Telmiyo
[23.09.11 21:28:16 FINE]: [BetonQuest] Firing event lesson.select_npc_marc for Telmiyo
[23.09.11 21:28:16 FINE]: [BetonQuest] Firing event lesson.remove_hologram for Telmiyo
[23.09.11 21:28:22 FINE]: [BetonQuest] TRUE:  condition lesson.quest01_started for player Telmiyo
[23.09.11 21:28:22 FINE]: [BetonQuest] TRUE: inverted condition lesson.has_key for player Telmiyo
[23.09.11 21:28:25 FINE]: [BetonQuest] Firing event lesson.give_key for Telmiyo
[23.09.11 21:28:25 FINE]: [BetonQuest] Firing event lesson.select_npc_lisa for Telmiyo
[23.09.11 21:28:25 FINE]: [BetonQuest] Firing event lesson.remove_hologram for Telmiyo
[23.09.11 21:28:25 FINE]: [BetonQuest] Firing event lesson.select_npc_marc for Telmiyo
[23.09.11 21:28:25 FINE]: [BetonQuest] Firing event lesson.add_hologram for Telmiyo
[23.09.11 21:28:33 FINE]: [BetonQuest] Firing event lesson.add_tag_quest01_started for Telmiyo
[23.09.11 21:28:33 FINE]: [BetonQuest] TRUE:  condition lesson.has_key for player Telmiyo
[23.09.11 21:28:33 FINE]: [BetonQuest] FALSE: inverted condition lesson.has_key for player Telmiyo
[23.09.11 21:28:35 FINE]: [BetonQuest] Firing event lesson.select_npc_marc for Telmiyo
[23.09.11 21:28:35 FINE]: [BetonQuest] Firing event lesson.walk_to_door_marc for Telmiyo
[23.09.11 21:28:35 FINE]: [BetonQuest] Firing event lesson.remove_key for Telmiyo
[23.09.11 21:28:35 FINE]: [BetonQuest] Firing event lesson.open_door_marc for Telmiyo
[23.09.11 21:28:35 FINE]: [BetonQuest] Firing event lesson.notify_objective_marc for Telmiyo
[23.09.11 21:28:35 FINE]: [BetonQuest] Firing event lesson.add_tag_quest01_completed for Telmiyo
[23.09.11 21:28:48 FINE]: [BetonQuest] TRUE: inverted condition gui.quest02_completed for player Telmiyo
[23.09.11 21:28:48 FINE]: [BetonQuest] TRUE: inverted condition gui.quest02_started for player Telmiyo
[23.09.11 21:28:53 FINE]: [BetonQuest] Firing event gui.add_tag_quest02_started for Telmiyo
[23.09.11 21:28:53 FINE]: [BetonQuest] Firing event gui.select_npc_marta for Telmiyo
[23.09.11 21:28:53 FINE]: [BetonQuest] Firing event gui.remove_hologram for Telmiyo
[23.09.11 21:28:53 FINE]: [BetonQuest] Firing event gui.select_npc_jobs for Telmiyo
[23.09.11 21:28:53 FINE]: [BetonQuest] Firing event gui.add_hologram for Telmiyo
[23.09.11 21:28:56 FINE]: [BetonQuest] TRUE:  condition gui.quest02_started for player Telmiyo
[23.09.11 21:28:57 FINE]: [BetonQuest] Firing event gui.add_tag_quest02_completed for Telmiyo
[23.09.11 21:28:57 FINE]: [BetonQuest] Firing event gui.select_npc_jobs for Telmiyo
[23.09.11 21:28:57 FINE]: [BetonQuest] Firing event gui.remove_hologram for Telmiyo
[23.09.11 21:28:57 FINE]: [BetonQuest] Firing event gui.select_npc_marta for Telmiyo
[23.09.11 21:28:57 FINE]: [BetonQuest] Firing event gui.add_hologram for Telmiyo
[23.09.11 21:28:59 FINE]: [BetonQuest] Firing event gui.open_gui for Telmiyo
[23.09.11 21:29:06 FINE]: [BetonQuest] TRUE:  condition gui.quest02_started for player Telmiyo
[23.09.11 21:29:07 FINE]: [BetonQuest] Firing event gui.add_tag_quest02_completed for Telmiyo
[23.09.11 21:29:07 FINE]: [BetonQuest] Firing event gui.select_npc_jobs for Telmiyo
[23.09.11 21:29:07 FINE]: [BetonQuest] Firing event gui.remove_hologram for Telmiyo
[23.09.11 21:29:07 FINE]: [BetonQuest] Firing event gui.select_npc_marta for Telmiyo
[23.09.11 21:29:07 FINE]: [BetonQuest] Firing event gui.add_hologram for Telmiyo
[23.09.11 21:29:08 FINE]: [BetonQuest] Firing event gui.open_gui for Telmiyo
[23.09.11 21:29:12 FINE]: [BetonQuest] FALSE: inverted condition gui.quest02_completed for player Telmiyo
[23.09.11 21:29:12 FINE]: [BetonQuest] FALSE: inverted condition gui.quest02_started for player Telmiyo
[23.09.11 21:29:12 FINE]: [BetonQuest] TRUE:  condition gui.quest02_completed for player Telmiyo
[23.09.11 21:29:12 FINE]: [BetonQuest] TRUE:  condition gui.quest02_started for player Telmiyo
[23.09.11 21:29:12 FINE]: [BetonQuest] Firing event gui.select_npc_marta for Telmiyo
[23.09.11 21:29:12 FINE]: [BetonQuest] Firing event gui.remove_hologram for Telmiyo
[23.09.11 21:29:12 FINE]: [BetonQuest] Firing event gui.walk_to_door_marta for Telmiyo
[23.09.11 21:29:12 FINE]: [BetonQuest] Firing event gui.open_door_marta for Telmiyo
[23.09.11 21:29:12 FINE]: [BetonQuest] Firing event gui.notify_objective for Telmiyo
[23.09.11 21:30:12 FINE]: [BetonQuest] Executing /betonquest command for user Telmiyo with arguments: [delete, tag, gui.quest02_completed]
[23.09.11 21:30:12 FINE]: [BetonQuest] Loading data asynchronously
[23.09.11 21:30:12 FINE]: [BetonQuest] Command executing done
[23.09.11 21:30:17 FINE]: [BetonQuest] Executing /betonquest command for user Telmiyo with arguments: [tag, Telmiyo]
[23.09.11 21:30:17 FINE]: [BetonQuest] Loading data asynchronously
[23.09.11 21:30:17 FINE]: [BetonQuest] Command executing done
[23.09.11 21:30:17 FINE]: [BetonQuest] Listing tags
[23.09.11 21:30:20 FINE]: [BetonQuest] Executing /betonquest command for user Telmiyo with arguments: [delete, tag, gui.quest02_started]
[23.09.11 21:30:20 FINE]: [BetonQuest] Loading data asynchronously
[23.09.11 21:30:20 FINE]: [BetonQuest] Command executing done
[23.09.11 21:30:31 FINE]: [BetonQuest] Executing /betonquest command for user Telmiyo with arguments: [delete, tag, lesson.quest01_completedç]
[23.09.11 21:30:31 FINE]: [BetonQuest] Loading data asynchronously
[23.09.11 21:30:31 FINE]: [BetonQuest] Command executing done
[23.09.11 21:30:33 FINE]: [BetonQuest] Executing /betonquest command for user Telmiyo with arguments: [delete, tag, lesson.quest01_completed]
[23.09.11 21:30:33 FINE]: [BetonQuest] Loading data asynchronously
[23.09.11 21:30:33 FINE]: [BetonQuest] Command executing done
[23.09.11 21:30:37 FINE]: [BetonQuest] Executing /betonquest command for user Telmiyo with arguments: [delete, tag, lesson.quest01_started]
[23.09.11 21:30:37 FINE]: [BetonQuest] Loading data asynchronously
[23.09.11 21:30:37 FINE]: [BetonQuest] Command executing done
[23.09.11 21:30:39 FINE]: [BetonQuest] Executing /betonquest command for user Telmiyo with arguments: [tag, Telmiyo]
[23.09.11 21:30:39 FINE]: [BetonQuest] Loading data asynchronously
[23.09.11 21:30:39 FINE]: [BetonQuest] Command executing done
[23.09.11 21:30:39 FINE]: [BetonQuest] Listing tags
[23.09.11 21:30:50 FINE]: [BetonQuest] FALSE:  condition lesson.quest01_started for player Telmiyo
[23.09.11 21:30:50 FINE]: [BetonQuest] TRUE: inverted condition lesson.has_key for player Telmiyo
[23.09.11 21:31:11 FINE]: [BetonQuest] Firing event lesson.add_tag_quest01_started for Telmiyo
[23.09.11 21:31:11 FINE]: [BetonQuest] FALSE:  condition lesson.has_key for player Telmiyo
[23.09.11 21:31:11 FINE]: [BetonQuest] TRUE: inverted condition lesson.has_key for player Telmiyo
[23.09.11 21:31:18 FINE]: [BetonQuest] Firing event lesson.select_npc_lisa for Telmiyo
[23.09.11 21:31:18 FINE]: [BetonQuest] Firing event lesson.add_hologram for Telmiyo
[23.09.11 21:31:18 FINE]: [BetonQuest] Firing event lesson.select_npc_marc for Telmiyo
[23.09.11 21:31:18 FINE]: [BetonQuest] Firing event lesson.remove_hologram for Telmiyo
[23.09.11 21:31:25 FINE]: [BetonQuest] TRUE:  condition lesson.quest01_started for player Telmiyo
[23.09.11 21:31:26 FINE]: [BetonQuest] TRUE: inverted condition lesson.has_key for player Telmiyo
[23.09.11 21:31:36 FINE]: [BetonQuest] Firing event lesson.give_key for Telmiyo
[23.09.11 21:31:36 FINE]: [BetonQuest] Firing event lesson.select_npc_lisa for Telmiyo
[23.09.11 21:31:36 FINE]: [BetonQuest] Firing event lesson.remove_hologram for Telmiyo
[23.09.11 21:31:36 FINE]: [BetonQuest] Firing event lesson.select_npc_marc for Telmiyo
[23.09.11 21:31:36 FINE]: [BetonQuest] Firing event lesson.add_hologram for Telmiyo
[23.09.11 21:31:50 FINE]: [BetonQuest] Firing event lesson.add_tag_quest01_started for Telmiyo
[23.09.11 21:31:50 FINE]: [BetonQuest] TRUE:  condition lesson.has_key for player Telmiyo
[23.09.11 21:31:50 FINE]: [BetonQuest] FALSE: inverted condition lesson.has_key for player Telmiyo
[23.09.11 21:31:51 FINE]: [BetonQuest] Firing event lesson.select_npc_marc for Telmiyo
[23.09.11 21:31:51 FINE]: [BetonQuest] Firing event lesson.walk_to_door_marc for Telmiyo
[23.09.11 21:31:51 FINE]: [BetonQuest] Firing event lesson.remove_key for Telmiyo
[23.09.11 21:31:51 FINE]: [BetonQuest] Firing event lesson.open_door_marc for Telmiyo
[23.09.11 21:31:51 FINE]: [BetonQuest] Firing event lesson.notify_objective_marc for Telmiyo
[23.09.11 21:31:51 FINE]: [BetonQuest] Firing event lesson.add_tag_quest01_completed for Telmiyo
[23.09.11 21:32:03 FINE]: [BetonQuest] FALSE:  condition gui.quest02_started for player Telmiyo
[23.09.11 21:32:05 FINE]: [BetonQuest] FALSE:  condition gui.quest02_started for player Telmiyo
[23.09.11 21:32:08 FINE]: [BetonQuest] TRUE: inverted condition gui.quest02_completed for player Telmiyo
[23.09.11 21:32:08 FINE]: [BetonQuest] TRUE: inverted condition gui.quest02_started for player Telmiyo
[23.09.11 21:32:12 FINE]: [BetonQuest] Firing event gui.add_tag_quest02_started for Telmiyo
[23.09.11 21:32:12 FINE]: [BetonQuest] Firing event gui.select_npc_marta for Telmiyo
[23.09.11 21:32:12 FINE]: [BetonQuest] Firing event gui.remove_hologram for Telmiyo
[23.09.11 21:32:12 FINE]: [BetonQuest] Firing event gui.select_npc_jobs for Telmiyo
[23.09.11 21:32:12 FINE]: [BetonQuest] Firing event gui.add_hologram for Telmiyo
[23.09.11 21:32:17 FINE]: [BetonQuest] TRUE:  condition gui.quest02_started for player Telmiyo
[23.09.11 21:32:18 FINE]: [BetonQuest] Firing event gui.add_tag_quest02_completed for Telmiyo
[23.09.11 21:32:18 FINE]: [BetonQuest] Firing event gui.select_npc_jobs for Telmiyo
[23.09.11 21:32:18 FINE]: [BetonQuest] Firing event gui.remove_hologram for Telmiyo
[23.09.11 21:32:18 FINE]: [BetonQuest] Firing event gui.select_npc_marta for Telmiyo
[23.09.11 21:32:18 FINE]: [BetonQuest] Firing event gui.add_hologram for Telmiyo
[23.09.11 21:32:19 FINE]: [BetonQuest] Firing event gui.open_gui for Telmiyo
[23.09.11 21:32:27 FINE]: [BetonQuest] FALSE: inverted condition gui.quest02_started for player Telmiyo
[23.09.11 21:32:27 FINE]: [BetonQuest] FALSE: inverted condition gui.quest02_completed for player Telmiyo
[23.09.11 21:32:27 FINE]: [BetonQuest] TRUE:  condition gui.quest02_started for player Telmiyo
[23.09.11 21:32:27 FINE]: [BetonQuest] TRUE:  condition gui.quest02_completed for player Telmiyo
[23.09.11 21:32:27 FINE]: [BetonQuest] Firing event gui.select_npc_marta for Telmiyo
[23.09.11 21:32:27 FINE]: [BetonQuest] Firing event gui.remove_hologram for Telmiyo
[23.09.11 21:32:27 FINE]: [BetonQuest] Firing event gui.walk_to_door_marta for Telmiyo
[23.09.11 21:32:27 FINE]: [BetonQuest] Firing event gui.open_door_marta for Telmiyo
[23.09.11 21:32:27 FINE]: [BetonQuest] Firing event gui.notify_objective for Telmiyo
[23.09.11 22:10:34 FINE]: [BetonQuest] Executing /betonquest command for user Telmiyo with arguments: [point, Telmiyo]
[23.09.11 22:10:34 FINE]: [BetonQuest] Loading data asynchronously
[23.09.11 22:10:34 FINE]: [BetonQuest] Command executing done
[23.09.11 22:10:34 FINE]: [BetonQuest] Listing points
[23.09.11 22:15:51 FINE]: [BetonQuest] Executing /betonquest command for user Telmiyo with arguments: [reload]
[23.09.11 22:15:51 FINE]: [BetonQuest] Reloading configuration
[23.09.11 22:15:51 FINE]: [BetonQuest] Loaded pl language
[23.09.11 22:15:51 FINE]: [BetonQuest] Loaded en language
[23.09.11 22:15:51 FINE]: [BetonQuest] Loaded de language
[23.09.11 22:15:51 FINE]: [BetonQuest] Loaded fr language
[23.09.11 22:15:51 FINE]: [BetonQuest] Loaded cn language
[23.09.11 22:15:51 FINE]: [BetonQuest] Loaded es language
[23.09.11 22:15:51 FINE]: [BetonQuest] Loaded nl language
[23.09.11 22:15:51 FINE]: [BetonQuest] Loaded it language
[23.09.11 22:15:51 FINE]: [BetonQuest] Loaded hu language
[23.09.11 22:15:51 FINE]: [BetonQuest] Loaded vi language
[23.09.11 22:15:51 FINE]: [BetonQuest] Initializing static events
[23.09.11 22:15:51 FINE]: [BetonQuest] Searching package lesson
[23.09.11 22:15:51 FINE]: [BetonQuest] There are no static events defined, skipping
[23.09.11 22:15:51 FINE]: [BetonQuest] Searching package gui
[23.09.11 22:15:51 FINE]: [BetonQuest] There are no static events defined, skipping
[23.09.11 22:15:51 FINE]: [BetonQuest] Searching package items
[23.09.11 22:15:51 FINE]: [BetonQuest] There are no static events defined, skipping
[23.09.11 22:15:51 FINE]: [BetonQuest] Static events initialization done
[23.09.11 22:15:51 FINE]: [BetonQuest] Restarting global locations
[23.09.11 22:15:51 FINE]: [BetonQuest] Loading stuff in package lesson
[23.09.11 22:15:51 FINE]: [BetonQuest]   Event 'lesson.select_npc_marc' loaded
[23.09.11 22:15:51 FINE]: [BetonQuest]   Event 'lesson.select_npc_lisa' loaded
[23.09.11 22:15:51 FINE]: [BetonQuest]   Event 'lesson.remove_hologram' loaded
[23.09.11 22:15:51 FINE]: [BetonQuest]   Event 'lesson.add_hologram' loaded
[23.09.11 22:15:51 FINE]: [BetonQuest]   Event 'lesson.set_block_debug' loaded
[23.09.11 22:15:51 FINE]: [BetonQuest]   Event 'lesson.add_tag_quest01_started' loaded
[23.09.11 22:15:51 FINE]: [BetonQuest]   Event 'lesson.add_tag_quest01_completed' loaded
[23.09.11 22:15:51 FINE]: [BetonQuest]   Event 'lesson.walk_to_door_marc' loaded
[23.09.11 22:15:51 FINE]: [BetonQuest]   Event 'lesson.open_door_marc' loaded
[23.09.11 22:15:51 FINE]: [BetonQuest]   Event 'lesson.give_key' loaded
[23.09.11 22:15:51 FINE]: [BetonQuest]   Event 'lesson.remove_key' loaded
[23.09.11 22:15:51 FINE]: [BetonQuest]   Event 'lesson.notify_objective_marc' loaded
[23.09.11 22:15:51 FINE]: [BetonQuest]   Condition 'lesson.quest01_started' loaded
[23.09.11 22:15:51 FINE]: [BetonQuest]   Condition 'lesson.quest01_completed' loaded
[23.09.11 22:15:51 FINE]: [BetonQuest]   Condition 'lesson.has_key' loaded
[23.09.11 22:15:51 FINE]: [BetonQuest] Loading merlin conversation from lesson package
[23.09.11 22:15:51 FINE]: [BetonQuest] Variable lesson-%player% loaded
[23.09.11 22:15:51 FINE]: [BetonQuest] Conversation loaded: 5 NPC options and 4 player options
[23.09.11 22:15:51 FINE]: [BetonQuest] Loading marc conversation from lesson package
[23.09.11 22:15:51 FINE]: [BetonQuest] Conversation loaded: 7 NPC options and 4 player options
[23.09.11 22:15:51 FINE]: [BetonQuest] Loading lisa conversation from lesson package
[23.09.11 22:15:51 FINE]: [BetonQuest] Conversation loaded: 4 NPC options and 2 player options
[23.09.11 22:15:51 FINE]: [BetonQuest] Everything in package lesson loaded
[23.09.11 22:15:51 FINE]: [BetonQuest] Loading stuff in package gui
[23.09.11 22:15:51 FINE]: [BetonQuest]   Event 'gui.select_npc_marta' loaded
[23.09.11 22:15:51 FINE]: [BetonQuest]   Event 'gui.select_npc_jobs' loaded
[23.09.11 22:15:51 FINE]: [BetonQuest]   Event 'gui.add_hologram' loaded
[23.09.11 22:15:51 FINE]: [BetonQuest]   Event 'gui.remove_hologram' loaded
[23.09.11 22:15:51 FINE]: [BetonQuest]   Event 'gui.give_point' loaded
[23.09.11 22:15:51 FINE]: [BetonQuest]   Event 'gui.walk_to_door_marta' loaded
[23.09.11 22:15:51 FINE]: [BetonQuest]   Event 'gui.open_door_marta' loaded
[23.09.11 22:15:51 FINE]: [BetonQuest]   Event 'gui.open_gui' loaded
[23.09.11 22:15:51 FINE]: [BetonQuest]   Event 'gui.add_tag_quest02_started' loaded
[23.09.11 22:15:51 FINE]: [BetonQuest]   Event 'gui.add_tag_quest02_completed' loaded
[23.09.11 22:15:51 FINE]: [BetonQuest]   Event 'gui.notify_objective' loaded
[23.09.11 22:15:51 FINE]: [BetonQuest]   Condition 'gui.quest02_started' loaded
[23.09.11 22:15:51 FINE]: [BetonQuest]   Condition 'gui.quest02_completed' loaded
[23.09.11 22:15:51 FINE]: [BetonQuest] Loading marta conversation from gui package
[23.09.11 22:15:51 FINE]: [BetonQuest] Variable gui-%player% loaded
[23.09.11 22:15:51 WARNING]: [BetonQuest] Error in 'gui.marta' conversation: Starting option progress does not exist
[23.09.11 22:15:51 FINER]: [BetonQuest] THROW
pl.betoncraft.betonquest.exceptions.InstructionParseException: Starting option progress does not exist
	at pl.betoncraft.betonquest.conversation.ConversationData.<init>(ConversationData.java:158)
	at pl.betoncraft.betonquest.BetonQuest.loadData(BetonQuest.java:1035)
	at pl.betoncraft.betonquest.BetonQuest.reload(BetonQuest.java:1076)
	at pl.betoncraft.betonquest.commands.QuestCommand.onCommand(QuestCommand.java:262)
	at org.bukkit.command.PluginCommand.execute(PluginCommand.java:45)
	at org.bukkit.command.SimpleCommandMap.dispatch(SimpleCommandMap.java:149)
	at org.bukkit.craftbukkit.v1_18_R2.CraftServer.dispatchCommand(CraftServer.java:826)
	at net.minecraft.server.network.PlayerConnection.a(PlayerConnection.java:1957)
	at net.minecraft.server.network.PlayerConnection.a(PlayerConnection.java:1796)
	at net.minecraft.server.network.PlayerConnection.a(PlayerConnection.java:1777)
	at net.minecraft.network.protocol.game.PacketPlayInChat.a(PacketPlayInChat.java:46)
	at net.minecraft.network.protocol.game.PacketPlayInChat.a(PacketPlayInChat.java:1)
	at net.minecraft.network.protocol.PlayerConnectionUtils.lambda$0(PlayerConnectionUtils.java:31)
	at net.minecraft.server.TickTask.run(SourceFile:18)
	at net.minecraft.util.thread.IAsyncTaskHandler.d(SourceFile:157)
	at net.minecraft.util.thread.IAsyncTaskHandlerReentrant.d(SourceFile:23)
	at net.minecraft.server.MinecraftServer.b(MinecraftServer.java:1190)
	at net.minecraft.server.MinecraftServer.d(MinecraftServer.java:1)
	at net.minecraft.util.thread.IAsyncTaskHandler.y(SourceFile:131)
	at net.minecraft.server.MinecraftServer.be(MinecraftServer.java:1169)
	at net.minecraft.server.MinecraftServer.y(MinecraftServer.java:1162)
	at net.minecraft.util.thread.IAsyncTaskHandler.c(SourceFile:140)
	at net.minecraft.server.MinecraftServer.x(MinecraftServer.java:1146)
	at net.minecraft.server.MinecraftServer.w(MinecraftServer.java:1051)
	at net.minecraft.server.MinecraftServer.lambda$0(MinecraftServer.java:304)
	at java.base/java.lang.Thread.run(Thread.java:833)

[23.09.11 22:15:51 FINE]: [BetonQuest] Loading jobs conversation from gui package
[23.09.11 22:15:51 FINE]: [BetonQuest] Conversation loaded: 4 NPC options and 2 player options
[23.09.11 22:15:51 FINE]: [BetonQuest] Everything in package gui loaded
[23.09.11 22:15:51 FINE]: [BetonQuest] Loading stuff in package items
[23.09.11 22:15:51 FINE]: [BetonQuest] Everything in package items loaded
[23.09.11 22:15:51 INFO]: [BetonQuest] There are 5 conditions, 23 events, 0 objectives and 4 conversations loaded from 3 packages.
[23.09.11 22:15:51 FINE]: [BetonQuest] Updating journal for player Telmiyo
[23.09.11 22:15:51 FINE]: [BetonQuest] Command executing done
[23.09.11 22:15:55 WARNING]: [BetonQuest] Conversation 'gui.marta' does not exist. Check for errors in your console when running /q reload! It probably couldn't be loaded due to some other error.
[23.09.11 22:16:03 FINE]: [BetonQuest] Executing /betonquest command for user Telmiyo with arguments: [reload]
[23.09.11 22:16:03 FINE]: [BetonQuest] Reloading configuration
[23.09.11 22:16:03 FINE]: [BetonQuest] Loaded pl language
[23.09.11 22:16:03 FINE]: [BetonQuest] Loaded en language
[23.09.11 22:16:03 FINE]: [BetonQuest] Loaded de language
[23.09.11 22:16:03 FINE]: [BetonQuest] Loaded fr language
[23.09.11 22:16:03 FINE]: [BetonQuest] Loaded cn language
[23.09.11 22:16:03 FINE]: [BetonQuest] Loaded es language
[23.09.11 22:16:03 FINE]: [BetonQuest] Loaded nl language
[23.09.11 22:16:03 FINE]: [BetonQuest] Loaded it language
[23.09.11 22:16:03 FINE]: [BetonQuest] Loaded hu language
[23.09.11 22:16:03 FINE]: [BetonQuest] Loaded vi language
[23.09.11 22:16:03 FINE]: [BetonQuest] Initializing static events
[23.09.11 22:16:03 FINE]: [BetonQuest] Searching package lesson
[23.09.11 22:16:03 FINE]: [BetonQuest] There are no static events defined, skipping
[23.09.11 22:16:03 FINE]: [BetonQuest] Searching package gui
[23.09.11 22:16:03 FINE]: [BetonQuest] There are no static events defined, skipping
[23.09.11 22:16:03 FINE]: [BetonQuest] Searching package items
[23.09.11 22:16:03 FINE]: [BetonQuest] There are no static events defined, skipping
[23.09.11 22:16:03 FINE]: [BetonQuest] Static events initialization done
[23.09.11 22:16:03 FINE]: [BetonQuest] Restarting global locations
[23.09.11 22:16:03 FINE]: [BetonQuest] Loading stuff in package lesson
[23.09.11 22:16:03 FINE]: [BetonQuest]   Event 'lesson.select_npc_marc' loaded
[23.09.11 22:16:03 FINE]: [BetonQuest]   Event 'lesson.select_npc_lisa' loaded
[23.09.11 22:16:03 FINE]: [BetonQuest]   Event 'lesson.remove_hologram' loaded
[23.09.11 22:16:03 FINE]: [BetonQuest]   Event 'lesson.add_hologram' loaded
[23.09.11 22:16:03 FINE]: [BetonQuest]   Event 'lesson.set_block_debug' loaded
[23.09.11 22:16:03 FINE]: [BetonQuest]   Event 'lesson.add_tag_quest01_started' loaded
[23.09.11 22:16:03 FINE]: [BetonQuest]   Event 'lesson.add_tag_quest01_completed' loaded
[23.09.11 22:16:03 FINE]: [BetonQuest]   Event 'lesson.walk_to_door_marc' loaded
[23.09.11 22:16:03 FINE]: [BetonQuest]   Event 'lesson.open_door_marc' loaded
[23.09.11 22:16:03 FINE]: [BetonQuest]   Event 'lesson.give_key' loaded
[23.09.11 22:16:03 FINE]: [BetonQuest]   Event 'lesson.remove_key' loaded
[23.09.11 22:16:03 FINE]: [BetonQuest]   Event 'lesson.notify_objective_marc' loaded
[23.09.11 22:16:03 FINE]: [BetonQuest]   Condition 'lesson.quest01_started' loaded
[23.09.11 22:16:03 FINE]: [BetonQuest]   Condition 'lesson.quest01_completed' loaded
[23.09.11 22:16:03 FINE]: [BetonQuest]   Condition 'lesson.has_key' loaded
[23.09.11 22:16:03 FINE]: [BetonQuest] Loading merlin conversation from lesson package
[23.09.11 22:16:03 FINE]: [BetonQuest] Variable lesson-%player% loaded
[23.09.11 22:16:03 FINE]: [BetonQuest] Conversation loaded: 5 NPC options and 4 player options
[23.09.11 22:16:03 FINE]: [BetonQuest] Loading marc conversation from lesson package
[23.09.11 22:16:03 FINE]: [BetonQuest] Conversation loaded: 7 NPC options and 4 player options
[23.09.11 22:16:03 FINE]: [BetonQuest] Loading lisa conversation from lesson package
[23.09.11 22:16:03 FINE]: [BetonQuest] Conversation loaded: 4 NPC options and 2 player options
[23.09.11 22:16:03 FINE]: [BetonQuest] Everything in package lesson loaded
[23.09.11 22:16:03 FINE]: [BetonQuest] Loading stuff in package gui
[23.09.11 22:16:03 FINE]: [BetonQuest]   Event 'gui.select_npc_marta' loaded
[23.09.11 22:16:03 FINE]: [BetonQuest]   Event 'gui.select_npc_jobs' loaded
[23.09.11 22:16:03 FINE]: [BetonQuest]   Event 'gui.add_hologram' loaded
[23.09.11 22:16:03 FINE]: [BetonQuest]   Event 'gui.remove_hologram' loaded
[23.09.11 22:16:03 FINE]: [BetonQuest]   Event 'gui.give_point' loaded
[23.09.11 22:16:03 FINE]: [BetonQuest]   Event 'gui.walk_to_door_marta' loaded
[23.09.11 22:16:03 FINE]: [BetonQuest]   Event 'gui.open_door_marta' loaded
[23.09.11 22:16:03 FINE]: [BetonQuest]   Event 'gui.open_gui' loaded
[23.09.11 22:16:03 FINE]: [BetonQuest]   Event 'gui.add_tag_quest02_started' loaded
[23.09.11 22:16:03 FINE]: [BetonQuest]   Event 'gui.add_tag_quest02_completed' loaded
[23.09.11 22:16:03 FINE]: [BetonQuest]   Event 'gui.notify_objective' loaded
[23.09.11 22:16:03 FINE]: [BetonQuest]   Condition 'gui.quest02_started' loaded
[23.09.11 22:16:03 FINE]: [BetonQuest]   Condition 'gui.quest02_completed' loaded
[23.09.11 22:16:03 FINE]: [BetonQuest] Loading marta conversation from gui package
[23.09.11 22:16:03 FINE]: [BetonQuest] Variable gui-%player% loaded
[23.09.11 22:16:03 WARNING]: [BetonQuest] Error in 'gui.marta' conversation: Starting option progress does not exist
[23.09.11 22:16:03 FINER]: [BetonQuest] THROW
pl.betoncraft.betonquest.exceptions.InstructionParseException: Starting option progress does not exist
	at pl.betoncraft.betonquest.conversation.ConversationData.<init>(ConversationData.java:158)
	at pl.betoncraft.betonquest.BetonQuest.loadData(BetonQuest.java:1035)
	at pl.betoncraft.betonquest.BetonQuest.reload(BetonQuest.java:1076)
	at pl.betoncraft.betonquest.commands.QuestCommand.onCommand(QuestCommand.java:262)
	at org.bukkit.command.PluginCommand.execute(PluginCommand.java:45)
	at org.bukkit.command.SimpleCommandMap.dispatch(SimpleCommandMap.java:149)
	at org.bukkit.craftbukkit.v1_18_R2.CraftServer.dispatchCommand(CraftServer.java:826)
	at net.minecraft.server.network.PlayerConnection.a(PlayerConnection.java:1957)
	at net.minecraft.server.network.PlayerConnection.a(PlayerConnection.java:1796)
	at net.minecraft.server.network.PlayerConnection.a(PlayerConnection.java:1777)
	at net.minecraft.network.protocol.game.PacketPlayInChat.a(PacketPlayInChat.java:46)
	at net.minecraft.network.protocol.game.PacketPlayInChat.a(PacketPlayInChat.java:1)
	at net.minecraft.network.protocol.PlayerConnectionUtils.lambda$0(PlayerConnectionUtils.java:31)
	at net.minecraft.server.TickTask.run(SourceFile:18)
	at net.minecraft.util.thread.IAsyncTaskHandler.d(SourceFile:157)
	at net.minecraft.util.thread.IAsyncTaskHandlerReentrant.d(SourceFile:23)
	at net.minecraft.server.MinecraftServer.b(MinecraftServer.java:1190)
	at net.minecraft.server.MinecraftServer.d(MinecraftServer.java:1)
	at net.minecraft.util.thread.IAsyncTaskHandler.y(SourceFile:131)
	at net.minecraft.server.MinecraftServer.be(MinecraftServer.java:1169)
	at net.minecraft.server.MinecraftServer.y(MinecraftServer.java:1162)
	at net.minecraft.util.thread.IAsyncTaskHandler.c(SourceFile:140)
	at net.minecraft.server.MinecraftServer.x(MinecraftServer.java:1146)
	at net.minecraft.server.MinecraftServer.w(MinecraftServer.java:1051)
	at net.minecraft.server.MinecraftServer.lambda$0(MinecraftServer.java:304)
	at java.base/java.lang.Thread.run(Thread.java:833)

[23.09.11 22:16:03 FINE]: [BetonQuest] Loading jobs conversation from gui package
[23.09.11 22:16:03 FINE]: [BetonQuest] Conversation loaded: 4 NPC options and 2 player options
[23.09.11 22:16:03 FINE]: [BetonQuest] Everything in package gui loaded
[23.09.11 22:16:03 FINE]: [BetonQuest] Loading stuff in package items
[23.09.11 22:16:03 FINE]: [BetonQuest] Everything in package items loaded
[23.09.11 22:16:03 INFO]: [BetonQuest] There are 5 conditions, 23 events, 0 objectives and 4 conversations loaded from 3 packages.
[23.09.11 22:16:03 FINE]: [BetonQuest] Updating journal for player Telmiyo
[23.09.11 22:16:03 FINE]: [BetonQuest] Command executing done
[23.09.11 22:16:34 FINE]: [BetonQuest] Executing /betonquest command for user Telmiyo with arguments: [reload]
[23.09.11 22:16:34 FINE]: [BetonQuest] Reloading configuration
[23.09.11 22:16:34 FINE]: [BetonQuest] Loaded pl language
[23.09.11 22:16:34 FINE]: [BetonQuest] Loaded en language
[23.09.11 22:16:34 FINE]: [BetonQuest] Loaded de language
[23.09.11 22:16:34 FINE]: [BetonQuest] Loaded fr language
[23.09.11 22:16:34 FINE]: [BetonQuest] Loaded cn language
[23.09.11 22:16:34 FINE]: [BetonQuest] Loaded es language
[23.09.11 22:16:34 FINE]: [BetonQuest] Loaded nl language
[23.09.11 22:16:34 FINE]: [BetonQuest] Loaded it language
[23.09.11 22:16:34 FINE]: [BetonQuest] Loaded hu language
[23.09.11 22:16:34 FINE]: [BetonQuest] Loaded vi language
[23.09.11 22:16:34 FINE]: [BetonQuest] Initializing static events
[23.09.11 22:16:34 FINE]: [BetonQuest] Searching package lesson
[23.09.11 22:16:34 FINE]: [BetonQuest] There are no static events defined, skipping
[23.09.11 22:16:34 FINE]: [BetonQuest] Searching package gui
[23.09.11 22:16:34 FINE]: [BetonQuest] There are no static events defined, skipping
[23.09.11 22:16:34 FINE]: [BetonQuest] Searching package items
[23.09.11 22:16:34 FINE]: [BetonQuest] There are no static events defined, skipping
[23.09.11 22:16:34 FINE]: [BetonQuest] Static events initialization done
[23.09.11 22:16:34 FINE]: [BetonQuest] Restarting global locations
[23.09.11 22:16:34 FINE]: [BetonQuest] Loading stuff in package lesson
[23.09.11 22:16:34 FINE]: [BetonQuest]   Event 'lesson.select_npc_marc' loaded
[23.09.11 22:16:34 FINE]: [BetonQuest]   Event 'lesson.select_npc_lisa' loaded
[23.09.11 22:16:34 FINE]: [BetonQuest]   Event 'lesson.remove_hologram' loaded
[23.09.11 22:16:34 FINE]: [BetonQuest]   Event 'lesson.add_hologram' loaded
[23.09.11 22:16:34 FINE]: [BetonQuest]   Event 'lesson.set_block_debug' loaded
[23.09.11 22:16:34 FINE]: [BetonQuest]   Event 'lesson.add_tag_quest01_started' loaded
[23.09.11 22:16:34 FINE]: [BetonQuest]   Event 'lesson.add_tag_quest01_completed' loaded
[23.09.11 22:16:34 FINE]: [BetonQuest]   Event 'lesson.walk_to_door_marc' loaded
[23.09.11 22:16:34 FINE]: [BetonQuest]   Event 'lesson.open_door_marc' loaded
[23.09.11 22:16:34 FINE]: [BetonQuest]   Event 'lesson.give_key' loaded
[23.09.11 22:16:34 FINE]: [BetonQuest]   Event 'lesson.remove_key' loaded
[23.09.11 22:16:34 FINE]: [BetonQuest]   Event 'lesson.notify_objective_marc' loaded
[23.09.11 22:16:34 FINE]: [BetonQuest]   Condition 'lesson.quest01_started' loaded
[23.09.11 22:16:34 FINE]: [BetonQuest]   Condition 'lesson.quest01_completed' loaded
[23.09.11 22:16:34 FINE]: [BetonQuest]   Condition 'lesson.has_key' loaded
[23.09.11 22:16:34 FINE]: [BetonQuest] Loading merlin conversation from lesson package
[23.09.11 22:16:34 FINE]: [BetonQuest] Variable lesson-%player% loaded
[23.09.11 22:16:34 FINE]: [BetonQuest] Conversation loaded: 5 NPC options and 4 player options
[23.09.11 22:16:34 FINE]: [BetonQuest] Loading marc conversation from lesson package
[23.09.11 22:16:34 FINE]: [BetonQuest] Conversation loaded: 7 NPC options and 4 player options
[23.09.11 22:16:34 FINE]: [BetonQuest] Loading lisa conversation from lesson package
[23.09.11 22:16:34 FINE]: [BetonQuest] Conversation loaded: 4 NPC options and 2 player options
[23.09.11 22:16:34 FINE]: [BetonQuest] Everything in package lesson loaded
[23.09.11 22:16:34 FINE]: [BetonQuest] Loading stuff in package gui
[23.09.11 22:16:34 FINE]: [BetonQuest]   Event 'gui.select_npc_marta' loaded
[23.09.11 22:16:34 FINE]: [BetonQuest]   Event 'gui.select_npc_jobs' loaded
[23.09.11 22:16:34 FINE]: [BetonQuest]   Event 'gui.add_hologram' loaded
[23.09.11 22:16:34 FINE]: [BetonQuest]   Event 'gui.remove_hologram' loaded
[23.09.11 22:16:34 FINE]: [BetonQuest]   Event 'gui.give_point' loaded
[23.09.11 22:16:34 FINE]: [BetonQuest]   Event 'gui.walk_to_door_marta' loaded
[23.09.11 22:16:34 FINE]: [BetonQuest]   Event 'gui.open_door_marta' loaded
[23.09.11 22:16:34 FINE]: [BetonQuest]   Event 'gui.open_gui' loaded
[23.09.11 22:16:34 FINE]: [BetonQuest]   Event 'gui.add_tag_quest02_started' loaded
[23.09.11 22:16:34 FINE]: [BetonQuest]   Event 'gui.add_tag_quest02_completed' loaded
[23.09.11 22:16:34 FINE]: [BetonQuest]   Event 'gui.notify_objective' loaded
[23.09.11 22:16:34 FINE]: [BetonQuest]   Condition 'gui.quest02_started' loaded
[23.09.11 22:16:34 FINE]: [BetonQuest]   Condition 'gui.quest02_completed' loaded
[23.09.11 22:16:34 FINE]: [BetonQuest] Loading marta conversation from gui package
[23.09.11 22:16:34 FINE]: [BetonQuest] Variable gui-%player% loaded
[23.09.11 22:16:34 FINE]: [BetonQuest] Conversation loaded: 7 NPC options and 4 player options
[23.09.11 22:16:34 FINE]: [BetonQuest] Loading jobs conversation from gui package
[23.09.11 22:16:34 FINE]: [BetonQuest] Conversation loaded: 4 NPC options and 2 player options
[23.09.11 22:16:34 FINE]: [BetonQuest] Everything in package gui loaded
[23.09.11 22:16:34 FINE]: [BetonQuest] Loading stuff in package items
[23.09.11 22:16:34 FINE]: [BetonQuest] Everything in package items loaded
[23.09.11 22:16:34 INFO]: [BetonQuest] There are 5 conditions, 23 events, 0 objectives and 5 conversations loaded from 3 packages.
[23.09.11 22:16:34 FINE]: [BetonQuest] Updating journal for player Telmiyo
[23.09.11 22:16:34 FINE]: [BetonQuest] Command executing done
[23.09.11 22:16:34 FINE]: [BetonQuest] FALSE: inverted condition gui.quest02_started for player Telmiyo
[23.09.11 22:16:34 FINE]: [BetonQuest] FALSE: inverted condition gui.quest02_completed for player Telmiyo
[23.09.11 22:16:34 FINE]: [BetonQuest] TRUE:  condition gui.quest02_started for player Telmiyo
[23.09.11 22:16:34 FINE]: [BetonQuest] TRUE:  condition gui.quest02_completed for player Telmiyo
[23.09.11 22:16:34 FINE]: [BetonQuest] Firing event gui.select_npc_marta for Telmiyo
[23.09.11 22:16:34 FINE]: [BetonQuest] Firing event gui.remove_hologram for Telmiyo
[23.09.11 22:16:34 FINE]: [BetonQuest] Firing event gui.walk_to_door_marta for Telmiyo
[23.09.11 22:16:34 FINE]: [BetonQuest] Firing event gui.open_door_marta for Telmiyo
[23.09.11 22:16:34 FINE]: [BetonQuest] Firing event gui.notify_objective for Telmiyo
[23.09.11 22:16:34 FINE]: [BetonQuest] Firing event gui.give_point for Telmiyo
[23.09.11 22:16:38 FINE]: [BetonQuest] Executing /betonquest command for user Telmiyo with arguments: [point, Telmiyo]
[23.09.11 22:16:38 FINE]: [BetonQuest] Loading data asynchronously
[23.09.11 22:16:38 FINE]: [BetonQuest] Command executing done
[23.09.11 22:16:38 FINE]: [BetonQuest] Listing points
[23.09.11 22:19:54 WARNING]: [BetonQuest] Could not resolve placeholder value as variable 'point.progress' is specified without package and the default package is disabled.
[23.09.11 22:52:16 FINE]: [BetonQuest] Executing /betonquest command for user Telmiyo with arguments: [reload]
[23.09.11 22:52:16 FINE]: [BetonQuest] Reloading configuration
[23.09.11 22:52:16 FINE]: [BetonQuest] Loaded pl language
[23.09.11 22:52:16 FINE]: [BetonQuest] Loaded en language
[23.09.11 22:52:16 FINE]: [BetonQuest] Loaded de language
[23.09.11 22:52:16 FINE]: [BetonQuest] Loaded fr language
[23.09.11 22:52:16 FINE]: [BetonQuest] Loaded cn language
[23.09.11 22:52:16 FINE]: [BetonQuest] Loaded es language
[23.09.11 22:52:16 FINE]: [BetonQuest] Loaded nl language
[23.09.11 22:52:16 FINE]: [BetonQuest] Loaded it language
[23.09.11 22:52:16 FINE]: [BetonQuest] Loaded hu language
[23.09.11 22:52:16 FINE]: [BetonQuest] Loaded vi language
[23.09.11 22:52:16 FINE]: [BetonQuest] Initializing static events
[23.09.11 22:52:16 FINE]: [BetonQuest] Searching package lesson
[23.09.11 22:52:16 FINE]: [BetonQuest] There are no static events defined, skipping
[23.09.11 22:52:16 FINE]: [BetonQuest] Searching package gui
[23.09.11 22:52:16 FINE]: [BetonQuest] There are no static events defined, skipping
[23.09.11 22:52:16 FINE]: [BetonQuest] Searching package items
[23.09.11 22:52:16 FINE]: [BetonQuest] There are no static events defined, skipping
[23.09.11 22:52:16 FINE]: [BetonQuest] Static events initialization done
[23.09.11 22:52:16 FINE]: [BetonQuest] Restarting global locations
[23.09.11 22:52:16 FINE]: [BetonQuest] Loading stuff in package lesson
[23.09.11 22:52:16 FINE]: [BetonQuest]   Event 'lesson.select_npc_marc' loaded
[23.09.11 22:52:16 FINE]: [BetonQuest]   Event 'lesson.select_npc_lisa' loaded
[23.09.11 22:52:16 FINE]: [BetonQuest]   Event 'lesson.remove_hologram' loaded
[23.09.11 22:52:16 FINE]: [BetonQuest]   Event 'lesson.add_hologram' loaded
[23.09.11 22:52:16 FINE]: [BetonQuest]   Event 'lesson.set_block_debug' loaded
[23.09.11 22:52:16 FINE]: [BetonQuest]   Event 'lesson.add_tag_quest01_started' loaded
[23.09.11 22:52:16 FINE]: [BetonQuest]   Event 'lesson.add_tag_quest01_completed' loaded
[23.09.11 22:52:16 FINE]: [BetonQuest]   Event 'lesson.walk_to_door_marc' loaded
[23.09.11 22:52:16 FINE]: [BetonQuest]   Event 'lesson.open_door_marc' loaded
[23.09.11 22:52:16 FINE]: [BetonQuest]   Event 'lesson.give_key' loaded
[23.09.11 22:52:16 FINE]: [BetonQuest]   Event 'lesson.remove_key' loaded
[23.09.11 22:52:16 FINE]: [BetonQuest]   Event 'lesson.notify_objective_marc' loaded
[23.09.11 22:52:16 FINE]: [BetonQuest]   Condition 'lesson.quest01_started' loaded
[23.09.11 22:52:16 FINE]: [BetonQuest]   Condition 'lesson.quest01_completed' loaded
[23.09.11 22:52:16 FINE]: [BetonQuest]   Condition 'lesson.has_key' loaded
[23.09.11 22:52:16 FINE]: [BetonQuest] Loading merlin conversation from lesson package
[23.09.11 22:52:16 FINE]: [BetonQuest] Variable lesson-%player% loaded
[23.09.11 22:52:16 FINE]: [BetonQuest] Conversation loaded: 5 NPC options and 4 player options
[23.09.11 22:52:16 FINE]: [BetonQuest] Loading marc conversation from lesson package
[23.09.11 22:52:16 FINE]: [BetonQuest] Conversation loaded: 7 NPC options and 4 player options
[23.09.11 22:52:16 FINE]: [BetonQuest] Loading lisa conversation from lesson package
[23.09.11 22:52:16 FINE]: [BetonQuest] Variable lesson-%point.progress.left:9% loaded
[23.09.11 22:52:16 FINE]: [BetonQuest] Conversation loaded: 4 NPC options and 2 player options
[23.09.11 22:52:16 FINE]: [BetonQuest] Everything in package lesson loaded
[23.09.11 22:52:16 FINE]: [BetonQuest] Loading stuff in package gui
[23.09.11 22:52:16 FINE]: [BetonQuest]   Event 'gui.select_npc_marta' loaded
[23.09.11 22:52:16 FINE]: [BetonQuest]   Event 'gui.select_npc_jobs' loaded
[23.09.11 22:52:16 FINE]: [BetonQuest]   Event 'gui.add_hologram' loaded
[23.09.11 22:52:16 FINE]: [BetonQuest]   Event 'gui.remove_hologram' loaded
[23.09.11 22:52:16 FINE]: [BetonQuest]   Event 'gui.give_point' loaded
[23.09.11 22:52:16 FINE]: [BetonQuest]   Event 'gui.walk_to_door_marta' loaded
[23.09.11 22:52:16 FINE]: [BetonQuest]   Event 'gui.open_door_marta' loaded
[23.09.11 22:52:16 FINE]: [BetonQuest]   Event 'gui.open_gui' loaded
[23.09.11 22:52:16 FINE]: [BetonQuest]   Event 'gui.add_tag_quest02_started' loaded
[23.09.11 22:52:16 FINE]: [BetonQuest]   Event 'gui.add_tag_quest02_completed' loaded
[23.09.11 22:52:16 FINE]: [BetonQuest]   Event 'gui.notify_objective' loaded
[23.09.11 22:52:16 FINE]: [BetonQuest]   Condition 'gui.quest02_started' loaded
[23.09.11 22:52:16 FINE]: [BetonQuest]   Condition 'gui.quest02_completed' loaded
[23.09.11 22:52:16 FINE]: [BetonQuest] Loading marta conversation from gui package
[23.09.11 22:52:16 FINE]: [BetonQuest] Variable gui-%player% loaded
[23.09.11 22:52:16 FINE]: [BetonQuest] Conversation loaded: 7 NPC options and 4 player options
[23.09.11 22:52:16 FINE]: [BetonQuest] Loading jobs conversation from gui package
[23.09.11 22:52:16 FINE]: [BetonQuest] Conversation loaded: 4 NPC options and 2 player options
[23.09.11 22:52:16 FINE]: [BetonQuest] Everything in package gui loaded
[23.09.11 22:52:16 FINE]: [BetonQuest] Loading stuff in package items
[23.09.11 22:52:16 FINE]: [BetonQuest] Everything in package items loaded
[23.09.11 22:52:16 INFO]: [BetonQuest] There are 5 conditions, 23 events, 0 objectives and 5 conversations loaded from 3 packages.
[23.09.11 22:52:16 FINE]: [BetonQuest] Updating journal for player Telmiyo
[23.09.11 22:52:16 FINE]: [BetonQuest] Command executing done
[23.09.11 22:52:18 FINE]: [BetonQuest] TRUE:  condition lesson.quest01_started for player Telmiyo
[23.09.11 22:52:18 FINE]: [BetonQuest] TRUE: inverted condition lesson.has_key for player Telmiyo
[23.09.11 22:52:23 FINE]: [BetonQuest] Firing event lesson.give_key for Telmiyo
[23.09.11 22:52:23 FINE]: [BetonQuest] Firing event lesson.select_npc_lisa for Telmiyo
[23.09.11 22:52:23 FINE]: [BetonQuest] Firing event lesson.remove_hologram for Telmiyo
[23.09.11 22:52:23 FINE]: [BetonQuest] Firing event lesson.select_npc_marc for Telmiyo
[23.09.11 22:52:23 FINE]: [BetonQuest] Firing event lesson.add_hologram for Telmiyo
[23.09.11 23:38:58 INFO]: [BetonQuest] Disabling BetonQuest v1.12.10
[23.09.11 23:38:58 FINE]: [BetonQuest] Killing all timers on disable
[23.09.11 23:38:58 INFO]: [BetonQuest] BetonQuest succesfully disabled!
